Magia is available at https://github.com/pulp-platform/MAGIA.git
please run "source setup_env.sh" in the magia folder before running this script
and make sure the risc-v objdump binary is visible on path using "which riscv32-unknown-elf-objdump".
mkdir -p ../sw/tests/test_mm_is_2 && cd ../sw/tests/test_mm_is_2 && mkdir -p build
cp ./build/bin/test_mm_is_2 ../sw/tests/test_mm_is_2/build/verif
objcopy --srec-len 1 --output-target=srec ../sw/tests/test_mm_is_2/build/verif ../sw/tests/test_mm_is_2/build/verif.s19
scripts/parse_s19.pl ../sw/tests/test_mm_is_2/build/verif.s19 > ../sw/tests/test_mm_is_2/build/verif.txt
python3 scripts/s19tomem.py ../sw/tests/test_mm_is_2/build/verif.txt ../sw/tests/test_mm_is_2/build/stim_instr.txt ../sw/tests/test_mm_is_2/build/stim_data.txt	
cd ../sw/tests/test_mm_is_2													&& \
cp -sf ../../../sim/modelsim.ini modelsim.ini    				&& \
ln -sfn ../../../sim/work work         			
riscv32-unknown-elf-objdump -d -S ../sw/tests/test_mm_is_2/build/verif > ../sw/tests/test_mm_is_2/build/verif.dump
riscv32-unknown-elf-objdump -d -l -s ../sw/tests/test_mm_is_2/build/verif > ../sw/tests/test_mm_is_2/build/verif.objdump
python3 scripts/objdump2itb.py ../sw/tests/test_mm_is_2/build/verif.objdump > ../sw/tests/test_mm_is_2/build/verif.itb
cd /scratch/visachi/magia_sdk/profiling/MAGIA 												&& \
make run test=test_mm_is_2 gui=0 mesh_dv=1
make[1]: Entering directory `/scratch/visachi/magia_sdk/profiling/MAGIA'
cd sw/tests/test_mm_is_2;                                                                		 \
questa-2025.1 vsim -c vopt_tb -t 1ns -suppress 3009 -l transcript -do "run -a"                 \
+INST_HEX=build/stim_instr.txt                                                                    \
+DATA_HEX=build/stim_data.txt                                                                    \
+INST_ENTRY=0xCC000000                                                                    \
+DATA_ENTRY=0xCC010000                                                                    \
+BOOT_ADDR=0xCC000080                                                                      \
 +log_file_0=./core_0_traces.log   +log_file_1=./core_1_traces.log   +log_file_2=./core_2_traces.log   +log_file_3=./core_3_traces.log                                                                                             \
+itb_file=build/verif.itb
Reading pref.tcl

# 2025.1_2

# vsim -c vopt_tb -t 1ns -suppress 3009 -l transcript -do "run -a" "+INST_HEX=build/stim_instr.txt" "+DATA_HEX=build/stim_data.txt" "+INST_ENTRY=0xCC000000" "+DATA_ENTRY=0xCC010000" "+BOOT_ADDR=0xCC000080" "+log_file_0=./core_0_traces.log" "+log_file_1=./core_1_traces.log" "+log_file_2=./core_2_traces.log" "+log_file_3=./core_3_traces.log" "+itb_file=build/verif.itb" 
# Start time: 16:48:52 on Oct 08,2025
# //  Questa Sim-64
# //  Version 2025.1_2 linux_x86_64 Apr  7 2025
# //
# // Unpublished work. Copyright 2025 Siemens
# //
# // This material contains trade secrets or otherwise confidential information
# // owned by Siemens Industry Software Inc. or its affiliates (collectively,
# // "SISW"), or its licensors. Access to and use of this information is strictly
# // limited as set forth in the Customer's applicable agreements with SISW.
# //
# // This material may not be copied, distributed, or otherwise disclosed outside
# // of the Customer's facilities without the express written permission of SISW,
# // and may not be used in any way not expressly authorized by SISW.
# //
# Loading sv_std.std
# Loading work.axi_pkg(fast)
# Loading work.magia_pkg(fast)
# Loading work.magia_tb_pkg(fast)
# Loading work.magia_tb(fast)
# Loading work.floo_pkg(fast)
# Loading work.floo_axi_mesh_32x32_noc_pkg(fast)
# Loading work.floo_axi_mesh_16x16_noc_pkg(fast)
# Loading work.floo_axi_mesh_8x8_noc_pkg(fast)
# Loading work.floo_axi_mesh_4x4_noc_pkg(fast)
# Loading work.floo_axi_mesh_2x2_noc_pkg(fast)
# Loading work.idma_pkg(fast)
# Loading work.cf_math_pkg(fast)
# Loading work.obi_pkg(fast)
# Loading work.fpnew_pkg(fast)
# Loading work.hwpe_stream_package(fast)
# Loading work.hci_package(fast)
# Loading work.magia_tile_pkg(fast)
# Loading work.magia_noc_pkg(fast)
# Loading work.magia_tile_tb_pkg(fast)
# Loading work.magia_fixture(fast)
# Loading work.magia(fast)
# Loading work.snitch_icache_pkg(fast)
# Loading work.fpu_ss_pkg(fast)
# Loading work.cv32e40x_pkg(fast)
# Loading work.redmule_pkg(fast)
# Loading work.magia_tile(fast)
# Loading work.data2obi_req(fast)
# Loading work.obi2data_rsp(fast)
# Loading work.obi2hci_req(fast)
# Loading work.hci2obi_rsp(fast)
# Loading work.obi_to_axi(fast)
# Loading work.fifo_v3(fast)
# Loading work.fifo_v3(fast__1)
# Loading work.instr2cache_req(fast)
# Loading work.cache2instr_rsp(fast)
# Loading work.obi2hci_req(fast__1)
# Loading work.hci2obi_rsp(fast__1)
# Loading work.axi_to_obi(fast)
# Loading work.axi_demux_simple(fast)
# Loading work.counter(fast)
# Loading work.delta_counter(fast)
# Loading work.rr_arb_tree(fast)
# Loading work.lzc(fast)
# Loading work.axi_to_detailed_mem_user(fast)
# Loading work.stream_mux(fast)
# Loading work.stream_fork(fast)
# Loading work.stream_fifo(fast)
# Loading work.fifo_v3(fast__2)
# Loading work.stream_fifo(fast__1)
# Loading work.fifo_v3(fast__3)
# Loading work.stream_to_mem(fast)
# Loading work.stream_fifo(fast__2)
# Loading work.fifo_v3(fast__4)
# Loading work.mem_to_banks_detailed(fast)
# Loading work.stream_fifo(fast__3)
# Loading work.fifo_v3(fast__5)
# Loading work.fifo_v3(fast__6)
# Loading work.stream_fifo(fast__4)
# Loading work.fifo_v3(fast__7)
# Loading work.stream_join(fast)
# Loading work.stream_join_dynamic(fast)
# Loading work.stream_fork_dynamic(fast)
# Loading work.stream_fork(fast__1)
# Loading work.axi_to_detailed_mem_user(fast__1)
# Loading work.stream_mux(fast__1)
# Loading work.stream_fifo(fast__5)
# Loading work.fifo_v3(fast__8)
# Loading work.stream_to_mem(fast__1)
# Loading work.stream_fifo(fast__6)
# Loading work.fifo_v3(fast__9)
# Loading work.mem_to_banks_detailed(fast__1)
# Loading work.stream_fifo(fast__7)
# Loading work.fifo_v3(fast__10)
# Loading work.obi_mux(fast)
# Loading work.rr_arb_tree(fast__1)
# Loading work.fifo_v3(fast__11)
# Loading work.tc_clk_gating(fast)
# Loading work.cv32e40x_if_xif(fast__1)
# Loading work.cv32e40x_if_xif(fast__2)
# Loading work.cv32e40x_if_xif(fast__3)
# Loading work.hwpe_ctrl_package(fast)
# Loading work.redmule_top(fast)
# Loading work.hwpe_ctrl_intf_periph(fast__2)
# Loading work.redmule_inst_decoder(fast)
# Loading work.tc_clk_gating(fast__1)
# Loading work.hwpe_stream_intf_stream(fast__1)
# Loading work.hwpe_stream_intf_stream(fast__2)
# Loading work.hwpe_stream_intf_stream(fast__3)
# Loading work.redmule_streamer(fast)
# Loading work.hci_core_intf(fast__6)
# Loading work.hci_core_intf(fast__7)
# Loading work.hci_core_mux_ooo(fast)
# Loading work.hci_core_r_id_filter(fast)
# Loading work.hci_core_mux_ooo(fast__1)
# Loading work.hci_core_r_id_filter(fast__1)
# Loading work.hci_core_r_valid_filter(fast)
# Loading work.hci_core_sink(fast)
# Loading work.hwpe_stream_intf_stream(fast__4)
# Loading work.hwpe_stream_intf_stream(fast__5)
# Loading work.hci_core_intf(fast__9)
# Loading work.hwpe_stream_addressgen_v3_sv_unit(fast)
# Loading work.hwpe_stream_addressgen_v3(fast)
# Loading work.hwpe_stream_fifo_sv_unit(fast)
# Loading work.hwpe_stream_fifo(fast)
# Loading work.hci_core_assign(fast)
# Loading work.redmule_castout_sv_unit(fast)
# Loading work.redmule_castout(fast)
# Loading work.fpnew_cast_multi(fast)
# Loading work.fpnew_classifier(fast)
# Loading work.fpnew_classifier(fast__1)
# Loading work.fpnew_classifier(fast__2)
# Loading work.lzc(fast__1)
# Loading work.fpnew_rounding(fast)
# Loading work.hci_core_fifo(fast)
# Loading work.hwpe_stream_intf_stream(fast__6)
# Loading work.hwpe_stream_intf_stream(fast__7)
# Loading work.hwpe_stream_intf_stream(fast__8)
# Loading work.hwpe_stream_intf_stream(fast__9)
# Loading work.hwpe_stream_fifo(fast__1)
# Loading work.hwpe_stream_fifo(fast__2)
# Loading work.hci_core_assign(fast__1)
# Loading work.hci_core_fifo(fast__1)
# Loading work.hwpe_stream_fifo(fast__3)
# Loading work.hwpe_stream_fifo(fast__4)
# Loading work.redmule_castin_sv_unit(fast)
# Loading work.redmule_castin(fast)
# Loading work.hci_core_source(fast)
# Loading work.hwpe_stream_intf_stream(fast__10)
# Loading work.hwpe_stream_intf_stream(fast__11)
# Loading work.hwpe_stream_addressgen_v3(fast__1)
# Loading work.hwpe_stream_fifo(fast__5)
# Loading work.hwpe_stream_intf_stream(fast__12)
# Loading work.hwpe_stream_intf_stream(fast__13)
# Loading work.hwpe_stream_fifo(fast__6)
# Loading work.hwpe_stream_assign_sv_unit(fast)
# Loading work.hwpe_stream_assign(fast)
# Loading work.hwpe_stream_fifo(fast__7)
# Loading work.hwpe_stream_fifo(fast__8)
# Loading work.redmule_x_buffer(fast)
# Loading work.redmule_x_pad_scm(fast)
# Loading work.redmule_x_buffer_scm(fast)
# Loading work.redmule_w_buffer(fast)
# Loading work.redmule_w_buffer_scm(fast)
# Loading work.redmule_z_buffer(fast)
# Loading work.redmule_z_buffer_scm(fast)
# Loading work.redmule_engine(fast)
# Loading work.redmule_row(fast)
# Loading work.redmule_ce(fast)
# Loading work.cluster_clock_gating(fast)
# Loading work.tc_clk_gating(fast__2)
# Loading work.redmule_noncomp(fast)
# Loading work.fpnew_classifier(fast__3)
# Loading work.redmule_fma(fast)
# Loading work.fpnew_classifier(fast__4)
# Loading work.lzc(fast__2)
# Loading work.fpnew_rounding(fast__1)
# Loading work.redmule_noncomp(fast__1)
# Loading work.redmule_memory_scheduler(fast)
# Loading work.redmule_ctrl_sv_unit(fast)
# Loading work.redmule_ctrl(fast)
# Loading work.hwpe_ctrl_intf_periph(fast__3)
# Loading work.hwpe_ctrl_slave(fast)
# Loading work.hwpe_ctrl_regfile(fast)
# Loading work.hwpe_ctrl_regfile_latch_test_wrap(fast)
# Loading work.hwpe_ctrl_regfile_ff(fast)
# Loading work.redmule_tiler(fast)
# Loading work.hwpe_ctrl_seq_mult(fast)
# Loading work.hwpe_ctrl_seq_mult(fast__1)
# Loading work.redmule_scheduler(fast)
# Loading work.cv32e40x_wrapper(fast)
# Loading work.cv32e40x_core_log(fast)
# Loading work.cv32e40x_rvfi_pkg(fast)
# Loading work.cv32e40x_rvfi(fast)
# Loading work.cv32e40x_rvfi_instr_obi(fast)
# Loading work.cv32e40x_rvfi_data_obi(fast)
# Loading work.cv32e40x_rvfi_sim_trace(fast)
# Loading work.cv32e40x_core(fast)
# Loading work.cv32e40x_if_c_obi(fast__1)
# Loading work.cv32e40x_if_c_obi(fast__2)
# Loading work.cv32e40x_sleep_unit(fast)
# Loading work.cv32e40x_clock_gate(fast)
# Loading work.cv32e40x_if_stage(fast)
# Loading work.cv32e40x_prefetch_unit(fast)
# Loading work.cv32e40x_prefetcher(fast)
# Loading work.cv32e40x_alignment_buffer(fast)
# Loading work.cv32e40x_mpu(fast)
# Loading work.cv32e40x_pma(fast)
# Loading work.cv32e40x_instr_obi_interface(fast)
# Loading work.cv32e40x_compressed_decoder(fast)
# Loading work.cv32e40x_sequencer(fast)
# Loading work.cv32e40x_id_stage(fast)
# Loading work.cv32e40x_pc_target(fast)
# Loading work.cv32e40x_decoder(fast)
# Loading work.cv32e40x_i_decoder(fast)
# Loading work.cv32e40x_a_decoder(fast)
# Loading work.cv32e40x_b_decoder(fast)
# Loading work.cv32e40x_m_decoder(fast)
# Loading work.cv32e40x_ex_stage(fast)
# Loading work.cv32e40x_alu(fast)
# Loading work.cv32e40x_ff_one(fast)
# Loading work.cv32e40x_alu_b_cpop(fast)
# Loading work.cv32e40x_div(fast)
# Loading work.cv32e40x_mult(fast)
# Loading work.cv32e40x_load_store_unit(fast)
# Loading work.cv32e40x_wpt(fast)
# Loading work.cv32e40x_mpu(fast__1)
# Loading work.cv32e40x_pma(fast__1)
# Loading work.cv32e40x_align_check(fast)
# Loading work.cv32e40x_lsu_response_filter(fast)
# Loading work.cv32e40x_write_buffer(fast)
# Loading work.cv32e40x_data_obi_interface(fast)
# Loading work.cv32e40x_wb_stage(fast)
# Loading work.cv32e40x_cs_registers(fast)
# Loading work.cv32e40x_csr(fast)
# Loading work.cv32e40x_csr(fast__1)
# Loading work.cv32e40x_csr(fast__2)
# Loading work.cv32e40x_csr(fast__3)
# Loading work.cv32e40x_csr(fast__4)
# Loading work.cv32e40x_csr(fast__5)
# Loading work.cv32e40x_csr(fast__6)
# Loading work.cv32e40x_csr(fast__7)
# Loading work.cv32e40x_debug_triggers(fast)
# Loading work.cv32e40x_csr(fast__8)
# Loading work.cv32e40x_controller(fast)
# Loading work.cv32e40x_controller_fsm(fast)
# Loading work.cv32e40x_controller_bypass(fast)
# Loading work.cv32e40x_int_controller(fast)
# Loading work.cv32e40x_register_file_wrapper(fast)
# Loading work.cv32e40x_register_file(fast)
# Loading work.obi_atop_resolver(fast)
# Loading work.lzc(fast__3)
# Loading work.spill_register(fast)
# Loading work.spill_register_flushable(fast)
# Loading work.fifo_v3(fast__12)
# Loading work.obi_cut(fast)
# Loading work.spill_register(fast__1)
# Loading work.spill_register_flushable(fast__1)
# Loading work.spill_register(fast__2)
# Loading work.spill_register_flushable(fast__2)
# Loading work.obi_xbar(fast)
# Loading work.addr_decode(fast)
# Loading work.addr_decode_dync(fast)
# Loading work.obi_demux(fast)
# Loading work.hci_interconnect(fast)
# Loading work.hci_core_intf(fast__14)
# Loading work.tcdm_interconnect_pkg(fast)
# Loading work.hci_log_interconnect(fast)
# Loading work.tcdm_interconnect(fast)
# Loading work.xbar(fast)
# Loading work.addr_dec_resp_mux(fast)
# Loading work.rr_arb_tree(fast__2)
# Loading work.lzc(fast__4)
# Loading work.hci_router(fast)
# Loading work.hci_core_assign(fast__2)
# Loading work.hci_router_reorder(fast)
# Loading work.addr_dec_resp_mux(fast__1)
# Loading work.hci_arbiter_tree(fast)
# Loading work.hci_core_assign(fast__3)
# Loading work.hci_core_assign(fast__4)
# Loading work.hci_arbiter(fast)
# Loading work.hci_core_assign(fast__5)
# Loading work.hci_core_assign(fast__6)
# Loading work.l1_spm(fast)
# Loading work.tc_sram(fast)
# Loading work.xif_inst_dispatcher(fast)
# Loading work.idma_ctrl(fast)
# Loading work.cv32e40x_if_xif(fast__5)
# Loading work.idma_reg32_3d_reg_pkg(fast)
# Loading work.idma_xif_inst_decoder(fast)
# Loading work.idma_axi_obi_transfer_ch(fast)
# Loading work.idma_reg32_3d(fast)
# Loading work.idma_reg32_3d_reg_top(fast)
# Loading work.prim_subreg(fast)
# Loading work.prim_subreg_arb(fast)
# Loading work.prim_subreg(fast__1)
# Loading work.prim_subreg_arb(fast__1)
# Loading work.prim_subreg(fast__2)
# Loading work.prim_subreg_arb(fast__2)
# Loading work.prim_subreg_ext(fast)
# Loading work.prim_subreg_ext(fast__1)
# Loading work.prim_subreg(fast__3)
# Loading work.prim_subreg_arb(fast__3)
# Loading work.rr_arb_tree(fast__3)
# Loading work.idma_transfer_id_gen(fast)
# Loading work.stream_fifo_optimal_wrap(fast)
# Loading work.spill_register_flushable(fast__3)
# Loading work.idma_nd_midend(fast)
# Loading work.idma_nd_counter(fast)
# Loading work.popcount(fast)
# Loading work.idma_backend_r_axi_w_obi(fast)
# Loading work.idma_legalizer_r_axi_w_obi(fast)
# Loading work.idma_legalizer_page_splitter(fast)
# Loading work.stream_fifo_optimal_wrap(fast__1)
# Loading work.spill_register_flushable(fast__4)
# Loading work.stream_fifo_optimal_wrap(fast__2)
# Loading work.spill_register_flushable(fast__5)
# Loading work.fall_through_register(fast)
# Loading work.fifo_v3(fast__13)
# Loading work.stream_fifo_optimal_wrap(fast__3)
# Loading work.stream_fifo(fast__8)
# Loading work.fifo_v3(fast__14)
# Loading work.idma_transport_layer_r_axi_w_obi(fast)
# Loading work.idma_axi_read(fast)
# Loading work.idma_dataflow_element(fast)
# Loading work.passthrough_stream_fifo(fast)
# Loading work.idma_obi_write(fast)
# Loading work.stream_fifo_optimal_wrap(fast__4)
# Loading work.spill_register_flushable(fast__6)
# Loading work.idma_axi_obi_transfer_ch(fast__1)
# Loading work.idma_backend_r_obi_w_axi(fast)
# Loading work.idma_legalizer_r_obi_w_axi(fast)
# Loading work.stream_fifo_optimal_wrap(fast__5)
# Loading work.spill_register_flushable(fast__7)
# Loading work.stream_fifo_optimal_wrap(fast__6)
# Loading work.spill_register_flushable(fast__8)
# Loading work.idma_transport_layer_r_obi_w_axi(fast)
# Loading work.idma_obi_read(fast)
# Loading work.idma_axi_write(fast)
# Loading work.fall_through_register(fast__1)
# Loading work.fifo_v3(fast__15)
# Loading work.axi_rw_join(fast)
# Loading work.pulp_icache_wrap(fast)
# Loading work.spill_register(fast__3)
# Loading work.spill_register_flushable(fast__9)
# Loading work.snitch_icache(fast)
# Loading work.riscv_instr_branch(fast)
# Loading work.snitch_icache_l0(fast)
# Loading work.tc_clk_inverter(fast)
# Loading work.plru_tree(fast)
# Loading work.isochronous_spill_register(fast)
# Loading work.isochronous_spill_register(fast__1)
# Loading work.l0_to_bypass(fast)
# Loading work.stream_arbiter(fast)
# Loading work.stream_arbiter_flushable(fast)
# Loading work.rr_arb_tree(fast__4)
# Loading work.fifo_v3(fast__16)
# Loading work.onehot_to_bin(fast)
# Loading work.stream_demux(fast)
# Loading work.isochronous_spill_register(fast__2)
# Loading work.isochronous_spill_register(fast__3)
# Loading work.multi_accept_rr_arb(fast)
# Loading work.rr_arb_tree(fast__5)
# Loading work.snitch_icache_lookup_serial(fast)
# Loading work.register_file_1r_1w(fast)
# Loading work.lzc(fast__5)
# Loading work.tc_sram_impl(fast)
# Loading work.tc_sram(fast__1)
# Loading work.snitch_icache_handler(fast)
# Loading work.onehot_to_bin(fast__1)
# Loading work.stream_arbiter(fast__1)
# Loading work.stream_arbiter_flushable(fast__1)
# Loading work.rr_arb_tree(fast__6)
# Loading work.stream_demux(fast__1)
# Loading work.snitch_icache_refill(fast)
# Loading work.fifo_v3(fast__17)
# Loading work.axi_xbar(fast)
# Loading work.axi_xbar_unmuxed(fast)
# Loading work.addr_decode(fast__1)
# Loading work.addr_decode_dync(fast__1)
# Loading work.axi_demux(fast)
# Loading work.spill_register(fast__4)
# Loading work.spill_register_flushable(fast__10)
# Loading work.spill_register(fast__5)
# Loading work.spill_register_flushable(fast__11)
# Loading work.spill_register(fast__6)
# Loading work.spill_register_flushable(fast__12)
# Loading work.spill_register(fast__7)
# Loading work.spill_register_flushable(fast__13)
# Loading work.spill_register(fast__8)
# Loading work.spill_register_flushable(fast__14)
# Loading work.spill_register(fast__9)
# Loading work.spill_register_flushable(fast__15)
# Loading work.axi_demux_simple(fast__1)
# Loading work.axi_demux_id_counters(fast)
# Loading work.delta_counter(fast__1)
# Loading work.counter(fast__1)
# Loading work.rr_arb_tree(fast__7)
# Loading work.axi_err_slv(fast)
# Loading work.axi_atop_filter(fast)
# Loading work.stream_register(fast)
# Loading work.fifo_v3(fast__18)
# Loading work.fifo_v3(fast__19)
# Loading work.fifo_v3(fast__20)
# Loading work.counter(fast__2)
# Loading work.delta_counter(fast__2)
# Loading work.axi_multicut(fast)
# Loading work.axi_mux(fast)
# Loading work.axi_id_prepend(fast)
# Loading work.rr_arb_tree(fast__8)
# Loading work.fifo_v3(fast__21)
# Loading work.spill_register(fast__10)
# Loading work.spill_register_flushable(fast__16)
# Loading work.spill_register(fast__11)
# Loading work.spill_register_flushable(fast__17)
# Loading work.rr_arb_tree(fast__9)
# Loading work.spill_register(fast__12)
# Loading work.spill_register_flushable(fast__18)
# Loading work.spill_register(fast__13)
# Loading work.spill_register_flushable(fast__19)
# Loading work.floo_axi_chimney(fast)
# Loading work.floo_rob_wrapper(fast)
# Loading work.axi_demux_id_counters(fast__1)
# Loading work.delta_counter(fast__3)
# Loading work.floo_rob_wrapper(fast__1)
# Loading work.floo_route_comp(fast)
# Loading work.addr_decode(fast__2)
# Loading work.addr_decode_dync(fast__2)
# Loading work.floo_wormhole_arbiter(fast)
# Loading work.floo_wormhole_arbiter(fast__1)
# Loading work.floo_meta_buffer(fast)
# Loading work.fifo_v3(fast__22)
# Loading work.lzc(fast__6)
# Loading work.floo_axi_router(fast)
# Loading work.floo_router(fast)
# Loading work.stream_fifo_optimal_wrap(fast__7)
# Loading work.spill_register_flushable(fast__20)
# Loading work.floo_route_select(fast)
# Loading work.floo_wormhole_arbiter(fast__2)
# Loading work.rr_arb_tree(fast__10)
# Loading work.floo_vc_arbiter(fast)
# Loading work.floo_router(fast__1)
# Loading work.stream_fifo_optimal_wrap(fast__8)
# Loading work.spill_register_flushable(fast__21)
# Loading work.floo_route_select(fast__1)
# Loading work.floo_wormhole_arbiter(fast__3)
# Loading work.floo_vc_arbiter(fast__1)
# Loading work.fractal_sync_xif_inst_decoder(fast)
# Loading work.fpu_ss_prd_f_pkg(fast)
# Loading work.fpu_ss(fast)
# Loading work.fpu_ss_instr_pkg(fast)
# Loading work.fpu_ss_compressed_predecoder(fast)
# Loading work.fpu_ss_predecoder(fast)
# Loading work.stream_fifo(fast__9)
# Loading work.fifo_v3(fast__23)
# Loading work.fpu_ss_decoder(fast)
# Loading work.stream_fifo(fast__10)
# Loading work.fifo_v3(fast__24)
# Loading work.fpu_ss_csr(fast)
# Loading work.fpu_ss_controller(fast)
# Loading work.fpu_ss_regfile(fast)
# Loading work.fpnew_top(fast)
# Loading work.fpnew_opgroup_block(fast)
# Loading work.fpnew_opgroup_fmt_slice(fast)
# Loading work.fpnew_fma(fast)
# Loading work.fpnew_classifier(fast__5)
# Loading work.lzc(fast__7)
# Loading work.fpnew_rounding(fast__2)
# Loading work.rr_arb_tree(fast__11)
# Loading work.lzc(fast__8)
# Loading work.fpnew_opgroup_block(fast__1)
# Loading work.fpnew_opgroup_multifmt_slice(fast)
# Loading work.fpnew_divsqrt_th_32(fast)
# Loading work.pa_fdsu_top(fast)
# Loading work.pa_fdsu_special(fast)
# Loading work.pa_fdsu_prepare(fast)
# Loading work.pa_fdsu_ff1(fast)
# Loading work.pa_fdsu_srt_single(fast)
# Loading work.gated_clk_cell(fast)
# Loading work.pa_fdsu_round_single(fast)
# Loading work.pa_fdsu_pack_single(fast)
# Loading work.pa_fdsu_ctrl(fast)
# Loading work.pa_fpu_dp(fast)
# Loading work.pa_fpu_src_type(fast)
# Loading work.pa_fpu_frbus(fast)
# Loading work.rr_arb_tree(fast__12)
# Loading work.fpnew_opgroup_block(fast__2)
# Loading work.fpnew_opgroup_fmt_slice(fast__1)
# Loading work.fpnew_noncomp(fast)
# Loading work.fpnew_classifier(fast__6)
# Loading work.rr_arb_tree(fast__13)
# Loading work.fpnew_opgroup_block(fast__3)
# Loading work.fpnew_opgroup_multifmt_slice(fast__1)
# Loading work.fpnew_cast_multi(fast__1)
# Loading work.fpnew_classifier(fast__7)
# Loading work.lzc(fast__9)
# Loading work.fpnew_rounding(fast__3)
# Loading work.rr_arb_tree(fast__14)
# Loading work.fpnew_opgroup_block(fast__4)
# Loading work.rr_arb_tree(fast__15)
# Loading work.rr_arb_tree(fast__16)
# Loading work.lzc(fast__10)
# Loading work.xif_if2struct(fast)
# Loading work.fractal_sync_pkg(fast)
# Loading work.fractal_sync_2x2_pkg(fast)
# Loading work.fractal_sync_2x2(fast)
# Loading work.fractal_sync_2x2_core(fast)
# Loading work.fractal_sync_pipeline(fast)
# Loading work.fractal_sync_1d(fast)
# Loading work.fractal_sync_rx(fast)
# Loading work.fractal_sync_fifo(fast)
# Loading work.fractal_sync_arbiter(fast)
# Loading work.fractal_sync_arbiter_fa(fast)
# Loading work.fractal_sync_tx(fast)
# Loading work.fractal_sync_fifo(fast__1)
# Loading work.fractal_sync_arbiter(fast__1)
# Loading work.fractal_sync_arbiter_fa(fast__1)
# Loading work.fractal_sync_cc(fast)
# Loading work.fractal_sync_1d_rf(fast)
# Loading work.fractal_sync_1d_local_rf(fast)
# Loading work.fractal_sync_mp_rf(fast)
# Loading work.fractal_sync_1d_remote_rf(fast)
# Loading work.fractal_sync_mp_cam_br(fast)
# Loading work.fractal_sync_mp_cam_line(fast)
# Loading work.fractal_sync_1d(fast__1)
# Loading work.fractal_sync_cc(fast__1)
# Loading work.fractal_sync_pipeline(fast__1)
# Loading work.fractal_sync_2d(fast)
# Loading work.fractal_sync_rx(fast__1)
# Loading work.fractal_sync_fifo(fast__2)
# Loading work.fractal_sync_arbiter(fast__2)
# Loading work.fractal_sync_arbiter_fa(fast__2)
# Loading work.fractal_sync_cc(fast__2)
# Loading work.fractal_sync_2d_rf(fast)
# Loading work.fractal_sync_2d_local_rf(fast)
# Loading work.fractal_sync_2d_remote_rf(fast)
# Loading work.magia_vip(fast)
# Loading work.clk_rst_gen(fast)
# Loading work.magia_l2_mem_wrapper(fast)
# Loading work.floo_axi_chimney(fast__1)
# Loading work.axi_err_slv(fast__1)
# Loading work.axi_atop_filter(fast__1)
# Loading work.stream_register(fast__2)
# Loading work.fifo_v3(fast__25)
# Loading work.fifo_v3(fast__26)
# Loading work.fifo_v3(fast__27)
# Loading work.counter(fast__3)
# Loading work.delta_counter(fast__4)
# Loading work.floo_rob_wrapper(fast__2)
# Loading work.axi_demux_id_counters(fast__2)
# Loading work.delta_counter(fast__5)
# Loading work.floo_rob_wrapper(fast__3)
# Loading work.floo_route_comp(fast__1)
# Loading work.floo_wormhole_arbiter(fast__4)
# Loading work.rr_arb_tree(fast__17)
# Loading work.floo_wormhole_arbiter(fast__5)
# Loading work.floo_meta_buffer(fast__1)
# Loading work.fifo_v3(fast__28)
# Loading work.axi_sim_mem(fast)
# Loading work.fractal_sync_if(fast__1)
# Loading work.fractal_sync_if(fast__2)
# Loading work.stream_register(fast__3)
# Loading work.hwpe_ctrl_intf_periph(fast__1)
# Loading work.hci_core_intf(fast__4)
# Loading work.hci_core_intf(fast__5)
# Loading work.stream_register(fast__1)
# Loading work.hci_core_intf(fast__10)
# Loading work.hci_core_intf(fast__11)
# Loading work.hci_core_intf(fast__12)
# Loading work.hci_core_intf(fast__13)
# Loading work.hci_core_intf(fast__17)
# Loading work.hci_core_intf(fast__15)
# Loading work.hci_core_intf(fast__16)
# Loading work.hci_core_intf(fast__8)
# ** Warning: (vsim-3015) [PCDPC] - Port size (2) does not match connection size (3) for port 'rf_re_id_i'. The port definition is at: /scratch/visachi/magia_sdk/profiling/MAGIA/.bender/git/checkouts/cv32e40x-ba9ec2421894e746/bhv/cv32e40x_rvfi.sv(58).
#    Time: 0 ns  Iteration: 0  Instance: /magia_tb/fixture/i_magia/gen_y_tile[0]/gen_x_tile[0]/i_magia_tile/i_cv32e40x_core/rvfi_i File: /scratch/visachi/magia_sdk/profiling/MAGIA/.bender/git/checkouts/cv32e40x-ba9ec2421894e746/bhv/cv32e40x_wrapper.sv Line: 565
# ** Warning: (vsim-3015) [PCDPC] - Port size (2) does not match connection size (3) for port 'rf_re_id_i'. The port definition is at: /scratch/visachi/magia_sdk/profiling/MAGIA/.bender/git/checkouts/cv32e40x-ba9ec2421894e746/bhv/cv32e40x_rvfi.sv(58).
#    Time: 0 ns  Iteration: 0  Instance: /magia_tb/fixture/i_magia/gen_y_tile[0]/gen_x_tile[1]/i_magia_tile/i_cv32e40x_core/rvfi_i File: /scratch/visachi/magia_sdk/profiling/MAGIA/.bender/git/checkouts/cv32e40x-ba9ec2421894e746/bhv/cv32e40x_wrapper.sv Line: 565
# ** Warning: (vsim-3015) [PCDPC] - Port size (2) does not match connection size (3) for port 'rf_re_id_i'. The port definition is at: /scratch/visachi/magia_sdk/profiling/MAGIA/.bender/git/checkouts/cv32e40x-ba9ec2421894e746/bhv/cv32e40x_rvfi.sv(58).
#    Time: 0 ns  Iteration: 0  Instance: /magia_tb/fixture/i_magia/gen_y_tile[1]/gen_x_tile[0]/i_magia_tile/i_cv32e40x_core/rvfi_i File: /scratch/visachi/magia_sdk/profiling/MAGIA/.bender/git/checkouts/cv32e40x-ba9ec2421894e746/bhv/cv32e40x_wrapper.sv Line: 565
# ** Warning: (vsim-3015) [PCDPC] - Port size (2) does not match connection size (3) for port 'rf_re_id_i'. The port definition is at: /scratch/visachi/magia_sdk/profiling/MAGIA/.bender/git/checkouts/cv32e40x-ba9ec2421894e746/bhv/cv32e40x_rvfi.sv(58).
#    Time: 0 ns  Iteration: 0  Instance: /magia_tb/fixture/i_magia/gen_y_tile[1]/gen_x_tile[1]/i_magia_tile/i_cv32e40x_core/rvfi_i File: /scratch/visachi/magia_sdk/profiling/MAGIA/.bender/git/checkouts/cv32e40x-ba9ec2421894e746/bhv/cv32e40x_wrapper.sv Line: 565
# run -a
# [cv32e40x_core]: RV32                       = RV32I
# [cv32e40x_core]: A_EXT                      = A
# [cv32e40x_core]: B_EXT                      = ZBA_ZBB_ZBC_ZBS
# [cv32e40x_core]: M_EXT                      = M
# [cv32e40x_core]: DEBUG                      = 1
# [cv32e40x_core]: DM_REGION_START            = 0xf0000000
# [cv32e40x_core]: DM_REGION_END              = 0xf0003fff
# [cv32e40x_core]: DBG_NUM_TRIGGERS           = 1
# [cv32e40x_core]: PMA_NUM_REGIONS            = 0 
# [cv32e40x_core]: CLIC                       = 0
# [cv32e40x_core]: CLIC_ID_WIDTH              = 1 
# [cv32e40x_core]: X_EXT                      = 1
# [cv32e40x_core]: X_NUM_RS                   = 3
# [cv32e40x_core]: X_ID_WIDTH                 = 4 
# [cv32e40x_core]: X_MEM_WIDTH                = 32 
# [cv32e40x_core]: X_RFR_WIDTH                = 32
# [cv32e40x_core]: X_RFW_WIDTH                = 32
# [cv32e40x_core]: X_MISA                     = 0x00000020
# [cv32e40x_core]: X_ECS_XS                   = 0
# [cv32e40x_core]: NUM_MHPMCOUNTERS           = 1 
# RISC-V Trace: Using log file path defined by plusarg: log_file_0
# RISC-V Trace: Writing log to: ./core_0_traces.log
# RISC-V Trace: Using itb path defined by plusarg: itb_file
# RISC-V Trace: Loading instruction table file build/verif.itb
# RISC-V Trace: Loaded        2938 instructions.
# [cv32e40x_core]: RV32                       = RV32I
# [cv32e40x_core]: A_EXT                      = A
# [cv32e40x_core]: B_EXT                      = ZBA_ZBB_ZBC_ZBS
# [cv32e40x_core]: M_EXT                      = M
# [cv32e40x_core]: DEBUG                      = 1
# [cv32e40x_core]: DM_REGION_START            = 0xf0000000
# [cv32e40x_core]: DM_REGION_END              = 0xf0003fff
# [cv32e40x_core]: DBG_NUM_TRIGGERS           = 1
# [cv32e40x_core]: PMA_NUM_REGIONS            = 0 
# [cv32e40x_core]: CLIC                       = 0
# [cv32e40x_core]: CLIC_ID_WIDTH              = 1 
# [cv32e40x_core]: X_EXT                      = 1
# [cv32e40x_core]: X_NUM_RS                   = 3
# [cv32e40x_core]: X_ID_WIDTH                 = 4 
# [cv32e40x_core]: X_MEM_WIDTH                = 32 
# [cv32e40x_core]: X_RFR_WIDTH                = 32
# [cv32e40x_core]: X_RFW_WIDTH                = 32
# [cv32e40x_core]: X_MISA                     = 0x00000020
# [cv32e40x_core]: X_ECS_XS                   = 0
# [cv32e40x_core]: NUM_MHPMCOUNTERS           = 1 
# RISC-V Trace: Using log file path defined by plusarg: log_file_1
# RISC-V Trace: Writing log to: ./core_1_traces.log
# RISC-V Trace: Using itb path defined by plusarg: itb_file
# RISC-V Trace: Loading instruction table file build/verif.itb
# RISC-V Trace: Loaded        2938 instructions.
# [cv32e40x_core]: RV32                       = RV32I
# [cv32e40x_core]: A_EXT                      = A
# [cv32e40x_core]: B_EXT                      = ZBA_ZBB_ZBC_ZBS
# [cv32e40x_core]: M_EXT                      = M
# [cv32e40x_core]: DEBUG                      = 1
# [cv32e40x_core]: DM_REGION_START            = 0xf0000000
# [cv32e40x_core]: DM_REGION_END              = 0xf0003fff
# [cv32e40x_core]: DBG_NUM_TRIGGERS           = 1
# [cv32e40x_core]: PMA_NUM_REGIONS            = 0 
# [cv32e40x_core]: CLIC                       = 0
# [cv32e40x_core]: CLIC_ID_WIDTH              = 1 
# [cv32e40x_core]: X_EXT                      = 1
# [cv32e40x_core]: X_NUM_RS                   = 3
# [cv32e40x_core]: X_ID_WIDTH                 = 4 
# [cv32e40x_core]: X_MEM_WIDTH                = 32 
# [cv32e40x_core]: X_RFR_WIDTH                = 32
# [cv32e40x_core]: X_RFW_WIDTH                = 32
# [cv32e40x_core]: X_MISA                     = 0x00000020
# [cv32e40x_core]: X_ECS_XS                   = 0
# [cv32e40x_core]: NUM_MHPMCOUNTERS           = 1 
# RISC-V Trace: Using log file path defined by plusarg: log_file_2
# RISC-V Trace: Writing log to: ./core_2_traces.log
# RISC-V Trace: Using itb path defined by plusarg: itb_file
# RISC-V Trace: Loading instruction table file build/verif.itb
# RISC-V Trace: Loaded        2938 instructions.
# [cv32e40x_core]: RV32                       = RV32I
# [cv32e40x_core]: A_EXT                      = A
# [cv32e40x_core]: B_EXT                      = ZBA_ZBB_ZBC_ZBS
# [cv32e40x_core]: M_EXT                      = M
# [cv32e40x_core]: DEBUG                      = 1
# [cv32e40x_core]: DM_REGION_START            = 0xf0000000
# [cv32e40x_core]: DM_REGION_END              = 0xf0003fff
# [cv32e40x_core]: DBG_NUM_TRIGGERS           = 1
# [cv32e40x_core]: PMA_NUM_REGIONS            = 0 
# [cv32e40x_core]: CLIC                       = 0
# [cv32e40x_core]: CLIC_ID_WIDTH              = 1 
# [cv32e40x_core]: X_EXT                      = 1
# [cv32e40x_core]: X_NUM_RS                   = 3
# [cv32e40x_core]: X_ID_WIDTH                 = 4 
# [cv32e40x_core]: X_MEM_WIDTH                = 32 
# [cv32e40x_core]: X_RFR_WIDTH                = 32
# [cv32e40x_core]: X_RFW_WIDTH                = 32
# [cv32e40x_core]: X_MISA                     = 0x00000020
# [cv32e40x_core]: X_ECS_XS                   = 0
# [cv32e40x_core]: NUM_MHPMCOUNTERS           = 1 
# RISC-V Trace: Using log file path defined by plusarg: log_file_3
# RISC-V Trace: Writing log to: ./core_3_traces.log
# RISC-V Trace: Using itb path defined by plusarg: itb_file
# RISC-V Trace: Loading instruction table file build/verif.itb
# RISC-V Trace: Loaded        2938 instructions.
# [TB][mhartid 0 - Tile (0, 0)] Detected sentinel start instruction in WB stage at time 74055ns
# [TB][mhartid 2 - Tile (1, 0)] Detected sentinel start instruction in WB stage at time 74055ns
# [TB][mhartid 0 - Tile (0, 0)] Detected start input communication sentinel accumulator instruction in WB stage at time 74525ns
# [TB][mhartid 2 - Tile (1, 0)] Detected start input communication sentinel accumulator instruction in WB stage at time 74525ns
# [TB][mhartid 0 - Tile (0, 0)] Detected finish (record) input communication sentinel accumulator instruction in WB stage at time 79845ns
# [TB][mhartid 0 - Tile (0, 0)] Detected input communication sentinel accumulator start-end pair with latency 5315ns (1063 clock cycles) and accumulated latency 5315ns (1063 clock cycles)
# [TB][mhartid 2 - Tile (1, 0)] Detected finish (record) input communication sentinel accumulator instruction in WB stage at time 79845ns
# [TB][mhartid 2 - Tile (1, 0)] Detected input communication sentinel accumulator start-end pair with latency 5315ns (1063 clock cycles) and accumulated latency 5315ns (1063 clock cycles)
# [TB][mhartid 0 - Tile (0, 0)] Detected start input communication sentinel accumulator instruction in WB stage at time 80145ns
# [TB][mhartid 2 - Tile (1, 0)] Detected start input communication sentinel accumulator instruction in WB stage at time 80145ns
# [TB][mhartid 0 - Tile (0, 0)] Detected finish (record) input communication sentinel accumulator instruction in WB stage at time 81960ns
# [TB][mhartid 0 - Tile (0, 0)] Detected input communication sentinel accumulator start-end pair with latency 1810ns (362 clock cycles) and accumulated latency 7125ns (1425 clock cycles)
# [TB][mhartid 2 - Tile (1, 0)] Detected finish (record) input communication sentinel accumulator instruction in WB stage at time 81960ns
# [TB][mhartid 2 - Tile (1, 0)] Detected input communication sentinel accumulator start-end pair with latency 1810ns (362 clock cycles) and accumulated latency 7125ns (1425 clock cycles)
# [TB][mhartid 0 - Tile (0, 0)] detected sync sentinel start instruction in WB stage at time 81965ns (81965ns)
# [TB][mhartid 2 - Tile (1, 0)] detected sync sentinel start instruction in WB stage at time 81965ns (81965ns)
# [TB][mhartid 1 - Tile (0, 1)] Detected sentinel start instruction in WB stage at time 91780ns
# [TB][mhartid 3 - Tile (1, 1)] Detected sentinel start instruction in WB stage at time 91780ns
# [TB][mhartid 1 - Tile (0, 1)] Detected start input communication sentinel accumulator instruction in WB stage at time 92345ns
# [TB][mhartid 3 - Tile (1, 1)] Detected start input communication sentinel accumulator instruction in WB stage at time 92345ns
# [TB][mhartid 1 - Tile (0, 1)] Detected finish (record) input communication sentinel accumulator instruction in WB stage at time 99585ns
# [TB][mhartid 1 - Tile (0, 1)] Detected input communication sentinel accumulator start-end pair with latency 7235ns (1447 clock cycles) and accumulated latency 7235ns (1447 clock cycles)
# [TB][mhartid 3 - Tile (1, 1)] Detected finish (record) input communication sentinel accumulator instruction in WB stage at time 99585ns
# [TB][mhartid 3 - Tile (1, 1)] Detected input communication sentinel accumulator start-end pair with latency 7235ns (1447 clock cycles) and accumulated latency 7235ns (1447 clock cycles)
# [TB][mhartid 1 - Tile (0, 1)] Detected start input communication sentinel accumulator instruction in WB stage at time 99945ns
# [TB][mhartid 3 - Tile (1, 1)] Detected start input communication sentinel accumulator instruction in WB stage at time 99945ns
# [TB][mhartid 1 - Tile (0, 1)] Detected finish (record) input communication sentinel accumulator instruction in WB stage at time 102400ns
# [TB][mhartid 1 - Tile (0, 1)] Detected input communication sentinel accumulator start-end pair with latency 2450ns (490 clock cycles) and accumulated latency 9685ns (1937 clock cycles)
# [TB][mhartid 3 - Tile (1, 1)] Detected finish (record) input communication sentinel accumulator instruction in WB stage at time 102400ns
# [TB][mhartid 3 - Tile (1, 1)] Detected input communication sentinel accumulator start-end pair with latency 2450ns (490 clock cycles) and accumulated latency 9685ns (1937 clock cycles)
# [TB][mhartid 1 - Tile (0, 1)] detected sync sentinel start instruction in WB stage at time 102405ns (102405ns)
# [TB][mhartid 3 - Tile (1, 1)] detected sync sentinel start instruction in WB stage at time 102405ns (102405ns)
# [TB][mhartid 0 - Tile (0, 0)] detected sync sentinel end instruction in WB stage at time 102895ns (102895ns)
# [TB][mhartid 1 - Tile (0, 1)] detected sync sentinel end instruction in WB stage at time 102895ns (102895ns)
# [TB][mhartid 2 - Tile (1, 0)] detected sync sentinel end instruction in WB stage at time 102895ns (102895ns)
# [TB][mhartid 3 - Tile (1, 1)] detected sync sentinel end instruction in WB stage at time 102895ns (102895ns)
# [TB][SYNC PERF][GLOBAL] detected completed synchronization in EX stage. Synchronization time 485ns (97 clock cycles)
# [TB][SYNC PERF][ROW] detected completed synchronization in EX stage. Synchronization time 485ns (97 clock cycles)
# [TB][SYNC PERF][COLUMN] detected completed synchronization in EX stage. Synchronization time 20925ns (4185 clock cycles)
# [TB][SYNC PERF][HNBR] detected completed synchronization in EX stage. Synchronization time 485ns (97 clock cycles)
# [TB][SYNC PERF][VNBR] detected completed synchronization in EX stage. Synchronization time 20925ns (4185 clock cycles)
# [TB][SYNC PERF][HRING] detected completed synchronization in EX stage. Synchronization time 485ns (97 clock cycles)
# [TB][SYNC PERF][VRING] detected completed synchronization in EX stage. Synchronization time 20925ns (4185 clock cycles)
# [TB][mhartid 1 - Tile (0, 1)] detected sync sentinel start instruction in WB stage at time 103600ns (103600ns)
# [TB][mhartid 3 - Tile (1, 1)] detected sync sentinel start instruction in WB stage at time 103600ns (103600ns)
# [TB][mhartid 0 - Tile (0, 0)] Detected start input communication sentinel accumulator instruction in WB stage at time 104630ns
# [TB][mhartid 2 - Tile (1, 0)] Detected start input communication sentinel accumulator instruction in WB stage at time 104630ns
# [TB][mhartid 0 - Tile (0, 0)] Detected finish (record) input communication sentinel accumulator instruction in WB stage at time 107310ns
# [TB][mhartid 0 - Tile (0, 0)] Detected input communication sentinel accumulator start-end pair with latency 2675ns (535 clock cycles) and accumulated latency 9800ns (1960 clock cycles)
# [TB][mhartid 2 - Tile (1, 0)] Detected finish (record) input communication sentinel accumulator instruction in WB stage at time 107310ns
# [TB][mhartid 2 - Tile (1, 0)] Detected input communication sentinel accumulator start-end pair with latency 2675ns (535 clock cycles) and accumulated latency 9800ns (1960 clock cycles)
# [TB][mhartid 0 - Tile (0, 0)] Detected start computation sentinel accumulator instruction in WB stage at time 108145ns
# [TB][mhartid 2 - Tile (1, 0)] Detected start computation sentinel accumulator instruction in WB stage at time 108145ns
# [TB][mhartid 0 - Tile (0, 0)] Detected start input communication sentinel accumulator instruction in WB stage at time 108330ns
# [TB][mhartid 2 - Tile (1, 0)] Detected start input communication sentinel accumulator instruction in WB stage at time 108330ns
# [TB][mhartid 0 - Tile (0, 0)] Detected finish (record) computation sentinel accumulator instruction in WB stage at time 109340ns
# [TB][mhartid 0 - Tile (0, 0)] Detected computation sentinel accumulator start-end pair with latency 1190ns (238 clock cycles) and accumulated latency 1190ns (238 clock cycles)
# [TB][mhartid 2 - Tile (1, 0)] Detected finish (record) computation sentinel accumulator instruction in WB stage at time 109340ns
# [TB][mhartid 2 - Tile (1, 0)] Detected computation sentinel accumulator start-end pair with latency 1190ns (238 clock cycles) and accumulated latency 1190ns (238 clock cycles)
# [TB][mhartid 0 - Tile (0, 0)] Detected finish (record) input communication sentinel accumulator instruction in WB stage at time 110150ns
# [TB][mhartid 0 - Tile (0, 0)] Detected input communication sentinel accumulator start-end pair with latency 1815ns (363 clock cycles) and accumulated latency 11615ns (2323 clock cycles)
# [TB][mhartid 2 - Tile (1, 0)] Detected finish (record) input communication sentinel accumulator instruction in WB stage at time 110150ns
# [TB][mhartid 2 - Tile (1, 0)] Detected input communication sentinel accumulator start-end pair with latency 1815ns (363 clock cycles) and accumulated latency 11615ns (2323 clock cycles)
# [TB][mhartid 0 - Tile (0, 0)] detected sync sentinel start instruction in WB stage at time 110245ns (110245ns)
# [TB][mhartid 2 - Tile (1, 0)] detected sync sentinel start instruction in WB stage at time 110245ns (110245ns)
# [TB][mhartid 0 - Tile (0, 0)] detected sync sentinel end instruction in WB stage at time 110475ns (110475ns)
# [TB][mhartid 1 - Tile (0, 1)] detected sync sentinel end instruction in WB stage at time 110475ns (110475ns)
# [TB][mhartid 2 - Tile (1, 0)] detected sync sentinel end instruction in WB stage at time 110475ns (110475ns)
# [TB][mhartid 3 - Tile (1, 1)] detected sync sentinel end instruction in WB stage at time 110475ns (110475ns)
# [TB][SYNC PERF][GLOBAL] detected completed synchronization in EX stage. Synchronization time 225ns (45 clock cycles)
# [TB][SYNC PERF][ROW] detected completed synchronization in EX stage. Synchronization time 225ns (45 clock cycles)
# [TB][SYNC PERF][COLUMN] detected completed synchronization in EX stage. Synchronization time 6870ns (1374 clock cycles)
# [TB][SYNC PERF][HNBR] detected completed synchronization in EX stage. Synchronization time 225ns (45 clock cycles)
# [TB][SYNC PERF][VNBR] detected completed synchronization in EX stage. Synchronization time 6870ns (1374 clock cycles)
# [TB][SYNC PERF][HRING] detected completed synchronization in EX stage. Synchronization time 225ns (45 clock cycles)
# [TB][SYNC PERF][VRING] detected completed synchronization in EX stage. Synchronization time 6870ns (1374 clock cycles)
# [TB][mhartid 1 - Tile (0, 1)] detected sync sentinel start instruction in WB stage at time 110620ns (110620ns)
# [TB][mhartid 3 - Tile (1, 1)] detected sync sentinel start instruction in WB stage at time 110620ns (110620ns)
# [TB][mhartid 0 - Tile (0, 0)] Detected start input communication sentinel accumulator instruction in WB stage at time 111170ns
# [TB][mhartid 2 - Tile (1, 0)] Detected start input communication sentinel accumulator instruction in WB stage at time 111170ns
# [TB][mhartid 0 - Tile (0, 0)] Detected finish (record) input communication sentinel accumulator instruction in WB stage at time 113850ns
# [TB][mhartid 0 - Tile (0, 0)] Detected input communication sentinel accumulator start-end pair with latency 2675ns (535 clock cycles) and accumulated latency 14290ns (2858 clock cycles)
# [TB][mhartid 2 - Tile (1, 0)] Detected finish (record) input communication sentinel accumulator instruction in WB stage at time 113850ns
# [TB][mhartid 2 - Tile (1, 0)] Detected input communication sentinel accumulator start-end pair with latency 2675ns (535 clock cycles) and accumulated latency 14290ns (2858 clock cycles)
# [TB][mhartid 0 - Tile (0, 0)] Detected start input communication sentinel accumulator instruction in WB stage at time 114600ns
# [TB][mhartid 2 - Tile (1, 0)] Detected start input communication sentinel accumulator instruction in WB stage at time 114600ns
# [TB][mhartid 0 - Tile (0, 0)] Detected start output (result) communication sentinel accumulator instruction in WB stage at time 114685ns
# [TB][mhartid 2 - Tile (1, 0)] Detected start output (result) communication sentinel accumulator instruction in WB stage at time 114685ns
# [TB][mhartid 0 - Tile (0, 0)] Detected start computation sentinel accumulator instruction in WB stage at time 114695ns
# [TB][mhartid 2 - Tile (1, 0)] Detected start computation sentinel accumulator instruction in WB stage at time 114695ns
# [TB][mhartid 0 - Tile (0, 0)] Detected finish (record) input communication sentinel accumulator instruction in WB stage at time 115970ns
# [TB][mhartid 0 - Tile (0, 0)] Detected input communication sentinel accumulator start-end pair with latency 1365ns (273 clock cycles) and accumulated latency 15655ns (3131 clock cycles)
# [TB][mhartid 2 - Tile (1, 0)] Detected finish (record) input communication sentinel accumulator instruction in WB stage at time 115970ns
# [TB][mhartid 2 - Tile (1, 0)] Detected input communication sentinel accumulator start-end pair with latency 1365ns (273 clock cycles) and accumulated latency 15655ns (3131 clock cycles)
# [TB][mhartid 0 - Tile (0, 0)] Detected finish (record) output (result) communication sentinel accumulator instruction in WB stage at time 116625ns
# [TB][mhartid 0 - Tile (0, 0)] Detected output (result) communication sentinel accumulator start-end pair with latency 1935ns (387 clock cycles) and accumulated latency 1935ns (387 clock cycles)
# [TB][mhartid 2 - Tile (1, 0)] Detected finish (record) output (result) communication sentinel accumulator instruction in WB stage at time 116625ns
# [TB][mhartid 2 - Tile (1, 0)] Detected output (result) communication sentinel accumulator start-end pair with latency 1935ns (387 clock cycles) and accumulated latency 1935ns (387 clock cycles)
# [TB][mhartid 0 - Tile (0, 0)] Detected finish (record) computation sentinel accumulator instruction in WB stage at time 117685ns
# [TB][mhartid 0 - Tile (0, 0)] Detected computation sentinel accumulator start-end pair with latency 2985ns (597 clock cycles) and accumulated latency 4175ns (835 clock cycles)
# [TB][mhartid 2 - Tile (1, 0)] Detected finish (record) computation sentinel accumulator instruction in WB stage at time 117685ns
# [TB][mhartid 2 - Tile (1, 0)] Detected computation sentinel accumulator start-end pair with latency 2985ns (597 clock cycles) and accumulated latency 4175ns (835 clock cycles)
# [TB][mhartid 0 - Tile (0, 0)] detected sync sentinel start instruction in WB stage at time 117695ns (117695ns)
# [TB][mhartid 2 - Tile (1, 0)] detected sync sentinel start instruction in WB stage at time 117695ns (117695ns)
# [TB][mhartid 0 - Tile (0, 0)] detected sync sentinel end instruction in WB stage at time 117850ns (117850ns)
# [TB][mhartid 1 - Tile (0, 1)] detected sync sentinel end instruction in WB stage at time 117850ns (117850ns)
# [TB][mhartid 2 - Tile (1, 0)] detected sync sentinel end instruction in WB stage at time 117850ns (117850ns)
# [TB][mhartid 3 - Tile (1, 1)] detected sync sentinel end instruction in WB stage at time 117850ns (117850ns)
# [TB][SYNC PERF][GLOBAL] detected completed synchronization in EX stage. Synchronization time 150ns (30 clock cycles)
# [TB][SYNC PERF][ROW] detected completed synchronization in EX stage. Synchronization time 150ns (30 clock cycles)
# [TB][SYNC PERF][COLUMN] detected completed synchronization in EX stage. Synchronization time 7225ns (1445 clock cycles)
# [TB][SYNC PERF][HNBR] detected completed synchronization in EX stage. Synchronization time 150ns (30 clock cycles)
# [TB][SYNC PERF][VNBR] detected completed synchronization in EX stage. Synchronization time 7225ns (1445 clock cycles)
# [TB][SYNC PERF][HRING] detected completed synchronization in EX stage. Synchronization time 150ns (30 clock cycles)
# [TB][SYNC PERF][VRING] detected completed synchronization in EX stage. Synchronization time 7225ns (1445 clock cycles)
# [TB][mhartid 0 - Tile (0, 0)] Detected start input communication sentinel accumulator instruction in WB stage at time 118470ns
# [TB][mhartid 2 - Tile (1, 0)] Detected start input communication sentinel accumulator instruction in WB stage at time 118470ns
# [TB][mhartid 1 - Tile (0, 1)] Detected start computation sentinel accumulator instruction in WB stage at time 120025ns
# [TB][mhartid 3 - Tile (1, 1)] Detected start computation sentinel accumulator instruction in WB stage at time 120025ns
# [TB][mhartid 1 - Tile (0, 1)] Detected start input communication sentinel accumulator instruction in WB stage at time 120250ns
# [TB][mhartid 3 - Tile (1, 1)] Detected start input communication sentinel accumulator instruction in WB stage at time 120250ns
# [TB][mhartid 0 - Tile (0, 0)] Detected finish (record) input communication sentinel accumulator instruction in WB stage at time 121170ns
# [TB][mhartid 0 - Tile (0, 0)] Detected input communication sentinel accumulator start-end pair with latency 2695ns (539 clock cycles) and accumulated latency 18350ns (3670 clock cycles)
# [TB][mhartid 2 - Tile (1, 0)] Detected finish (record) input communication sentinel accumulator instruction in WB stage at time 121170ns
# [TB][mhartid 2 - Tile (1, 0)] Detected input communication sentinel accumulator start-end pair with latency 2695ns (539 clock cycles) and accumulated latency 18350ns (3670 clock cycles)
# [TB][mhartid 1 - Tile (0, 1)] Detected finish (record) computation sentinel accumulator instruction in WB stage at time 121250ns
# [TB][mhartid 1 - Tile (0, 1)] Detected computation sentinel accumulator start-end pair with latency 1220ns (244 clock cycles) and accumulated latency 1220ns (244 clock cycles)
# [TB][mhartid 3 - Tile (1, 1)] Detected finish (record) computation sentinel accumulator instruction in WB stage at time 121250ns
# [TB][mhartid 3 - Tile (1, 1)] Detected computation sentinel accumulator start-end pair with latency 1220ns (244 clock cycles) and accumulated latency 1220ns (244 clock cycles)
# [TB][mhartid 0 - Tile (0, 0)] Detected start input communication sentinel accumulator instruction in WB stage at time 121660ns
# [TB][mhartid 2 - Tile (1, 0)] Detected start input communication sentinel accumulator instruction in WB stage at time 121660ns
# [TB][mhartid 0 - Tile (0, 0)] Detected start output (result) communication sentinel accumulator instruction in WB stage at time 121670ns
# [TB][mhartid 2 - Tile (1, 0)] Detected start output (result) communication sentinel accumulator instruction in WB stage at time 121670ns
# [TB][mhartid 0 - Tile (0, 0)] Detected start computation sentinel accumulator instruction in WB stage at time 121680ns
# [TB][mhartid 2 - Tile (1, 0)] Detected start computation sentinel accumulator instruction in WB stage at time 121680ns
# [TB][mhartid 1 - Tile (0, 1)] Detected finish (record) input communication sentinel accumulator instruction in WB stage at time 122725ns
# [TB][mhartid 1 - Tile (0, 1)] Detected input communication sentinel accumulator start-end pair with latency 2470ns (494 clock cycles) and accumulated latency 12155ns (2431 clock cycles)
# [TB][mhartid 3 - Tile (1, 1)] Detected finish (record) input communication sentinel accumulator instruction in WB stage at time 122725ns
# [TB][mhartid 3 - Tile (1, 1)] Detected input communication sentinel accumulator start-end pair with latency 2470ns (494 clock cycles) and accumulated latency 12155ns (2431 clock cycles)
# [TB][mhartid 1 - Tile (0, 1)] detected sync sentinel start instruction in WB stage at time 122760ns (122760ns)
# [TB][mhartid 3 - Tile (1, 1)] detected sync sentinel start instruction in WB stage at time 122760ns (122760ns)
# [TB][mhartid 0 - Tile (0, 0)] Detected finish (record) input communication sentinel accumulator instruction in WB stage at time 122810ns
# [TB][mhartid 0 - Tile (0, 0)] Detected input communication sentinel accumulator start-end pair with latency 1145ns (229 clock cycles) and accumulated latency 19495ns (3899 clock cycles)
# [TB][mhartid 2 - Tile (1, 0)] Detected finish (record) input communication sentinel accumulator instruction in WB stage at time 122810ns
# [TB][mhartid 2 - Tile (1, 0)] Detected input communication sentinel accumulator start-end pair with latency 1145ns (229 clock cycles) and accumulated latency 19495ns (3899 clock cycles)
# [TB][mhartid 0 - Tile (0, 0)] Detected finish (record) output (result) communication sentinel accumulator instruction in WB stage at time 123610ns
# [TB][mhartid 0 - Tile (0, 0)] Detected output (result) communication sentinel accumulator start-end pair with latency 1935ns (387 clock cycles) and accumulated latency 3870ns (774 clock cycles)
# [TB][mhartid 2 - Tile (1, 0)] Detected finish (record) output (result) communication sentinel accumulator instruction in WB stage at time 123610ns
# [TB][mhartid 2 - Tile (1, 0)] Detected output (result) communication sentinel accumulator start-end pair with latency 1935ns (387 clock cycles) and accumulated latency 3870ns (774 clock cycles)
# [TB][mhartid 0 - Tile (0, 0)] Detected finish (record) computation sentinel accumulator instruction in WB stage at time 124670ns
# [TB][mhartid 0 - Tile (0, 0)] Detected computation sentinel accumulator start-end pair with latency 2985ns (597 clock cycles) and accumulated latency 7160ns (1432 clock cycles)
# [TB][mhartid 2 - Tile (1, 0)] Detected finish (record) computation sentinel accumulator instruction in WB stage at time 124670ns
# [TB][mhartid 2 - Tile (1, 0)] Detected computation sentinel accumulator start-end pair with latency 2985ns (597 clock cycles) and accumulated latency 7160ns (1432 clock cycles)
# [TB][mhartid 0 - Tile (0, 0)] detected sync sentinel start instruction in WB stage at time 124680ns (124680ns)
# [TB][mhartid 2 - Tile (1, 0)] detected sync sentinel start instruction in WB stage at time 124680ns (124680ns)
# [TB][mhartid 0 - Tile (0, 0)] detected sync sentinel end instruction in WB stage at time 124805ns (124805ns)
# [TB][mhartid 1 - Tile (0, 1)] detected sync sentinel end instruction in WB stage at time 124805ns (124805ns)
# [TB][mhartid 2 - Tile (1, 0)] detected sync sentinel end instruction in WB stage at time 124805ns (124805ns)
# [TB][mhartid 3 - Tile (1, 1)] detected sync sentinel end instruction in WB stage at time 124805ns (124805ns)
# [TB][SYNC PERF][GLOBAL] detected completed synchronization in EX stage. Synchronization time 120ns (24 clock cycles)
# [TB][SYNC PERF][ROW] detected completed synchronization in EX stage. Synchronization time 120ns (24 clock cycles)
# [TB][SYNC PERF][COLUMN] detected completed synchronization in EX stage. Synchronization time 2040ns (408 clock cycles)
# [TB][SYNC PERF][HNBR] detected completed synchronization in EX stage. Synchronization time 120ns (24 clock cycles)
# [TB][SYNC PERF][VNBR] detected completed synchronization in EX stage. Synchronization time 2040ns (408 clock cycles)
# [TB][SYNC PERF][HRING] detected completed synchronization in EX stage. Synchronization time 120ns (24 clock cycles)
# [TB][SYNC PERF][VRING] detected completed synchronization in EX stage. Synchronization time 2040ns (408 clock cycles)
# [TB][mhartid 0 - Tile (0, 0)] Detected start input communication sentinel accumulator instruction in WB stage at time 125400ns
# [TB][mhartid 2 - Tile (1, 0)] Detected start input communication sentinel accumulator instruction in WB stage at time 125400ns
# [TB][mhartid 1 - Tile (0, 1)] Detected start input communication sentinel accumulator instruction in WB stage at time 126045ns
# [TB][mhartid 3 - Tile (1, 1)] Detected start input communication sentinel accumulator instruction in WB stage at time 126045ns
# [TB][mhartid 1 - Tile (0, 1)] Detected start output (result) communication sentinel accumulator instruction in WB stage at time 126150ns
# [TB][mhartid 3 - Tile (1, 1)] Detected start output (result) communication sentinel accumulator instruction in WB stage at time 126150ns
# [TB][mhartid 1 - Tile (0, 1)] Detected start computation sentinel accumulator instruction in WB stage at time 126160ns
# [TB][mhartid 3 - Tile (1, 1)] Detected start computation sentinel accumulator instruction in WB stage at time 126160ns
# [TB][mhartid 1 - Tile (0, 1)] Detected finish (record) input communication sentinel accumulator instruction in WB stage at time 127450ns
# [TB][mhartid 1 - Tile (0, 1)] Detected input communication sentinel accumulator start-end pair with latency 1400ns (280 clock cycles) and accumulated latency 13555ns (2711 clock cycles)
# [TB][mhartid 3 - Tile (1, 1)] Detected finish (record) input communication sentinel accumulator instruction in WB stage at time 127450ns
# [TB][mhartid 3 - Tile (1, 1)] Detected input communication sentinel accumulator start-end pair with latency 1400ns (280 clock cycles) and accumulated latency 13555ns (2711 clock cycles)
# [TB][mhartid 1 - Tile (0, 1)] Detected finish (record) output (result) communication sentinel accumulator instruction in WB stage at time 127805ns
# [TB][mhartid 1 - Tile (0, 1)] Detected output (result) communication sentinel accumulator start-end pair with latency 1650ns (330 clock cycles) and accumulated latency 1650ns (330 clock cycles)
# [TB][mhartid 3 - Tile (1, 1)] Detected finish (record) output (result) communication sentinel accumulator instruction in WB stage at time 127805ns
# [TB][mhartid 3 - Tile (1, 1)] Detected output (result) communication sentinel accumulator start-end pair with latency 1650ns (330 clock cycles) and accumulated latency 1650ns (330 clock cycles)
# [TB][mhartid 0 - Tile (0, 0)] Detected finish (record) input communication sentinel accumulator instruction in WB stage at time 128550ns
# [TB][mhartid 0 - Tile (0, 0)] Detected input communication sentinel accumulator start-end pair with latency 3145ns (629 clock cycles) and accumulated latency 22640ns (4528 clock cycles)
# [TB][mhartid 2 - Tile (1, 0)] Detected finish (record) input communication sentinel accumulator instruction in WB stage at time 128550ns
# [TB][mhartid 2 - Tile (1, 0)] Detected input communication sentinel accumulator start-end pair with latency 3145ns (629 clock cycles) and accumulated latency 22640ns (4528 clock cycles)
# [TB][mhartid 1 - Tile (0, 1)] Detected finish (record) computation sentinel accumulator instruction in WB stage at time 128710ns
# [TB][mhartid 1 - Tile (0, 1)] Detected computation sentinel accumulator start-end pair with latency 2545ns (509 clock cycles) and accumulated latency 3765ns (753 clock cycles)
# [TB][mhartid 3 - Tile (1, 1)] Detected finish (record) computation sentinel accumulator instruction in WB stage at time 128710ns
# [TB][mhartid 3 - Tile (1, 1)] Detected computation sentinel accumulator start-end pair with latency 2545ns (509 clock cycles) and accumulated latency 3765ns (753 clock cycles)
# [TB][mhartid 1 - Tile (0, 1)] detected sync sentinel start instruction in WB stage at time 128720ns (128720ns)
# [TB][mhartid 3 - Tile (1, 1)] detected sync sentinel start instruction in WB stage at time 128720ns (128720ns)
# [TB][mhartid 0 - Tile (0, 0)] Detected start computation sentinel accumulator instruction in WB stage at time 128890ns
# [TB][mhartid 2 - Tile (1, 0)] Detected start computation sentinel accumulator instruction in WB stage at time 128890ns
# [TB][mhartid 0 - Tile (0, 0)] Detected start output (result) communication sentinel accumulator instruction in WB stage at time 129075ns
# [TB][mhartid 2 - Tile (1, 0)] Detected start output (result) communication sentinel accumulator instruction in WB stage at time 129075ns
# [TB][mhartid 0 - Tile (0, 0)] Detected finish (record) computation sentinel accumulator instruction in WB stage at time 130080ns
# [TB][mhartid 0 - Tile (0, 0)] Detected computation sentinel accumulator start-end pair with latency 1185ns (237 clock cycles) and accumulated latency 8345ns (1669 clock cycles)
# [TB][mhartid 2 - Tile (1, 0)] Detected finish (record) computation sentinel accumulator instruction in WB stage at time 130080ns
# [TB][mhartid 2 - Tile (1, 0)] Detected computation sentinel accumulator start-end pair with latency 1185ns (237 clock cycles) and accumulated latency 8345ns (1669 clock cycles)
# [TB][mhartid 0 - Tile (0, 0)] Detected finish (record) output (result) communication sentinel accumulator instruction in WB stage at time 132075ns
# [TB][mhartid 0 - Tile (0, 0)] Detected output (result) communication sentinel accumulator start-end pair with latency 2995ns (599 clock cycles) and accumulated latency 6865ns (1373 clock cycles)
# [TB][mhartid 2 - Tile (1, 0)] Detected finish (record) output (result) communication sentinel accumulator instruction in WB stage at time 132075ns
# [TB][mhartid 2 - Tile (1, 0)] Detected output (result) communication sentinel accumulator start-end pair with latency 2995ns (599 clock cycles) and accumulated latency 6865ns (1373 clock cycles)
# [TB][mhartid 0 - Tile (0, 0)] detected sync sentinel start instruction in WB stage at time 132110ns (132110ns)
# [TB][mhartid 2 - Tile (1, 0)] detected sync sentinel start instruction in WB stage at time 132110ns (132110ns)
# [TB][mhartid 0 - Tile (0, 0)] detected sync sentinel end instruction in WB stage at time 132280ns (132280ns)
# [TB][mhartid 1 - Tile (0, 1)] detected sync sentinel end instruction in WB stage at time 132280ns (132280ns)
# [TB][mhartid 2 - Tile (1, 0)] detected sync sentinel end instruction in WB stage at time 132280ns (132280ns)
# [TB][mhartid 3 - Tile (1, 1)] detected sync sentinel end instruction in WB stage at time 132280ns (132280ns)
# [TB][SYNC PERF][GLOBAL] detected completed synchronization in EX stage. Synchronization time 165ns (33 clock cycles)
# [TB][SYNC PERF][ROW] detected completed synchronization in EX stage. Synchronization time 165ns (33 clock cycles)
# [TB][SYNC PERF][COLUMN] detected completed synchronization in EX stage. Synchronization time 3555ns (711 clock cycles)
# [TB][SYNC PERF][HNBR] detected completed synchronization in EX stage. Synchronization time 165ns (33 clock cycles)
# [TB][SYNC PERF][VNBR] detected completed synchronization in EX stage. Synchronization time 3555ns (711 clock cycles)
# [TB][SYNC PERF][HRING] detected completed synchronization in EX stage. Synchronization time 165ns (33 clock cycles)
# [TB][SYNC PERF][VRING] detected completed synchronization in EX stage. Synchronization time 3555ns (711 clock cycles)
# [TB][mhartid 0 - Tile (0, 0)] Detected start output (result) communication sentinel accumulator instruction in WB stage at time 133055ns
# [TB][mhartid 1 - Tile (0, 1)] Detected start input communication sentinel accumulator instruction in WB stage at time 133055ns
# [TB][mhartid 2 - Tile (1, 0)] Detected start output (result) communication sentinel accumulator instruction in WB stage at time 133055ns
# [TB][mhartid 3 - Tile (1, 1)] Detected start input communication sentinel accumulator instruction in WB stage at time 133055ns
# [TB][mhartid 1 - Tile (0, 1)] Detected start output (result) communication sentinel accumulator instruction in WB stage at time 133065ns
# [TB][mhartid 3 - Tile (1, 1)] Detected start output (result) communication sentinel accumulator instruction in WB stage at time 133065ns
# [TB][mhartid 1 - Tile (0, 1)] Detected start computation sentinel accumulator instruction in WB stage at time 133075ns
# [TB][mhartid 3 - Tile (1, 1)] Detected start computation sentinel accumulator instruction in WB stage at time 133075ns
# [TB][mhartid 1 - Tile (0, 1)] Detected finish (record) input communication sentinel accumulator instruction in WB stage at time 134195ns
# [TB][mhartid 1 - Tile (0, 1)] Detected input communication sentinel accumulator start-end pair with latency 1135ns (227 clock cycles) and accumulated latency 14690ns (2938 clock cycles)
# [TB][mhartid 3 - Tile (1, 1)] Detected finish (record) input communication sentinel accumulator instruction in WB stage at time 134195ns
# [TB][mhartid 3 - Tile (1, 1)] Detected input communication sentinel accumulator start-end pair with latency 1135ns (227 clock cycles) and accumulated latency 14690ns (2938 clock cycles)
# [TB][mhartid 1 - Tile (0, 1)] Detected finish (record) output (result) communication sentinel accumulator instruction in WB stage at time 134695ns
# [TB][mhartid 1 - Tile (0, 1)] Detected output (result) communication sentinel accumulator start-end pair with latency 1625ns (325 clock cycles) and accumulated latency 3275ns (655 clock cycles)
# [TB][mhartid 3 - Tile (1, 1)] Detected finish (record) output (result) communication sentinel accumulator instruction in WB stage at time 134695ns
# [TB][mhartid 3 - Tile (1, 1)] Detected output (result) communication sentinel accumulator start-end pair with latency 1625ns (325 clock cycles) and accumulated latency 3275ns (655 clock cycles)
# [TB][mhartid 1 - Tile (0, 1)] Detected finish (record) computation sentinel accumulator instruction in WB stage at time 135575ns
# [TB][mhartid 1 - Tile (0, 1)] Detected computation sentinel accumulator start-end pair with latency 2495ns (499 clock cycles) and accumulated latency 6260ns (1252 clock cycles)
# [TB][mhartid 3 - Tile (1, 1)] Detected finish (record) computation sentinel accumulator instruction in WB stage at time 135575ns
# [TB][mhartid 3 - Tile (1, 1)] Detected computation sentinel accumulator start-end pair with latency 2495ns (499 clock cycles) and accumulated latency 6260ns (1252 clock cycles)
# [TB][mhartid 1 - Tile (0, 1)] detected sync sentinel start instruction in WB stage at time 135585ns (135585ns)
# [TB][mhartid 3 - Tile (1, 1)] detected sync sentinel start instruction in WB stage at time 135585ns (135585ns)
# [TB][mhartid 0 - Tile (0, 0)] Detected finish (record) output (result) communication sentinel accumulator instruction in WB stage at time 136060ns
# [TB][mhartid 0 - Tile (0, 0)] Detected output (result) communication sentinel accumulator start-end pair with latency 3000ns (600 clock cycles) and accumulated latency 9865ns (1973 clock cycles)
# [TB][mhartid 2 - Tile (1, 0)] Detected finish (record) output (result) communication sentinel accumulator instruction in WB stage at time 136060ns
# [TB][mhartid 2 - Tile (1, 0)] Detected output (result) communication sentinel accumulator start-end pair with latency 3000ns (600 clock cycles) and accumulated latency 9865ns (1973 clock cycles)
# [TB][mhartid 0 - Tile (0, 0)] detected sync sentinel start instruction in WB stage at time 136080ns (136080ns)
# [TB][mhartid 2 - Tile (1, 0)] detected sync sentinel start instruction in WB stage at time 136080ns (136080ns)
# [TB][mhartid 0 - Tile (0, 0)] detected sync sentinel end instruction in WB stage at time 136190ns (136190ns)
# [TB][mhartid 1 - Tile (0, 1)] detected sync sentinel end instruction in WB stage at time 136190ns (136190ns)
# [TB][mhartid 2 - Tile (1, 0)] detected sync sentinel end instruction in WB stage at time 136190ns (136190ns)
# [TB][mhartid 3 - Tile (1, 1)] detected sync sentinel end instruction in WB stage at time 136190ns (136190ns)
# [TB][SYNC PERF][GLOBAL] detected completed synchronization in EX stage. Synchronization time 105ns (21 clock cycles)
# [TB][SYNC PERF][ROW] detected completed synchronization in EX stage. Synchronization time 105ns (21 clock cycles)
# [TB][SYNC PERF][COLUMN] detected completed synchronization in EX stage. Synchronization time 600ns (120 clock cycles)
# [TB][SYNC PERF][HNBR] detected completed synchronization in EX stage. Synchronization time 105ns (21 clock cycles)
# [TB][SYNC PERF][VNBR] detected completed synchronization in EX stage. Synchronization time 600ns (120 clock cycles)
# [TB][SYNC PERF][HRING] detected completed synchronization in EX stage. Synchronization time 105ns (21 clock cycles)
# [TB][SYNC PERF][VRING] detected completed synchronization in EX stage. Synchronization time 600ns (120 clock cycles)
# [TB][mhartid 0 - Tile (0, 0)] detected sync sentinel start instruction in WB stage at time 136235ns (136235ns)
# [TB][mhartid 2 - Tile (1, 0)] detected sync sentinel start instruction in WB stage at time 136235ns (136235ns)
# [TB][mhartid 1 - Tile (0, 1)] Detected start computation sentinel accumulator instruction in WB stage at time 136815ns
# [TB][mhartid 3 - Tile (1, 1)] Detected start computation sentinel accumulator instruction in WB stage at time 136815ns
# [TB][mhartid 1 - Tile (0, 1)] Detected start output (result) communication sentinel accumulator instruction in WB stage at time 137040ns
# [TB][mhartid 3 - Tile (1, 1)] Detected start output (result) communication sentinel accumulator instruction in WB stage at time 137040ns
# [TB][mhartid 1 - Tile (0, 1)] Detected finish (record) computation sentinel accumulator instruction in WB stage at time 138045ns
# [TB][mhartid 1 - Tile (0, 1)] Detected computation sentinel accumulator start-end pair with latency 1225ns (245 clock cycles) and accumulated latency 7485ns (1497 clock cycles)
# [TB][mhartid 3 - Tile (1, 1)] Detected finish (record) computation sentinel accumulator instruction in WB stage at time 138045ns
# [TB][mhartid 3 - Tile (1, 1)] Detected computation sentinel accumulator start-end pair with latency 1225ns (245 clock cycles) and accumulated latency 7485ns (1497 clock cycles)
# [TB][mhartid 1 - Tile (0, 1)] Detected finish (record) output (result) communication sentinel accumulator instruction in WB stage at time 138675ns
# [TB][mhartid 1 - Tile (0, 1)] Detected output (result) communication sentinel accumulator start-end pair with latency 1630ns (326 clock cycles) and accumulated latency 4905ns (981 clock cycles)
# [TB][mhartid 3 - Tile (1, 1)] Detected finish (record) output (result) communication sentinel accumulator instruction in WB stage at time 138675ns
# [TB][mhartid 3 - Tile (1, 1)] Detected output (result) communication sentinel accumulator start-end pair with latency 1630ns (326 clock cycles) and accumulated latency 4905ns (981 clock cycles)
# [TB][mhartid 1 - Tile (0, 1)] detected sync sentinel start instruction in WB stage at time 138695ns (138695ns)
# [TB][mhartid 3 - Tile (1, 1)] detected sync sentinel start instruction in WB stage at time 138695ns (138695ns)
# [TB][mhartid 0 - Tile (0, 0)] detected sync sentinel end instruction in WB stage at time 138805ns (138805ns)
# [TB][mhartid 1 - Tile (0, 1)] detected sync sentinel end instruction in WB stage at time 138805ns (138805ns)
# [TB][mhartid 2 - Tile (1, 0)] detected sync sentinel end instruction in WB stage at time 138805ns (138805ns)
# [TB][mhartid 3 - Tile (1, 1)] detected sync sentinel end instruction in WB stage at time 138805ns (138805ns)
# [TB][SYNC PERF][GLOBAL] detected completed synchronization in EX stage. Synchronization time 105ns (21 clock cycles)
# [TB][SYNC PERF][ROW] detected completed synchronization in EX stage. Synchronization time 105ns (21 clock cycles)
# [TB][SYNC PERF][COLUMN] detected completed synchronization in EX stage. Synchronization time 2565ns (513 clock cycles)
# [TB][SYNC PERF][HNBR] detected completed synchronization in EX stage. Synchronization time 105ns (21 clock cycles)
# [TB][SYNC PERF][VNBR] detected completed synchronization in EX stage. Synchronization time 2565ns (513 clock cycles)
# [TB][SYNC PERF][HRING] detected completed synchronization in EX stage. Synchronization time 105ns (21 clock cycles)
# [TB][SYNC PERF][VRING] detected completed synchronization in EX stage. Synchronization time 2565ns (513 clock cycles)
# [TB][mhartid 0 - Tile (0, 0)] detected sync sentinel start instruction in WB stage at time 138850ns (138850ns)
# [TB][mhartid 2 - Tile (1, 0)] detected sync sentinel start instruction in WB stage at time 138850ns (138850ns)
# [TB][mhartid 1 - Tile (0, 1)] Detected start output (result) communication sentinel accumulator instruction in WB stage at time 139530ns
# [TB][mhartid 3 - Tile (1, 1)] Detected start output (result) communication sentinel accumulator instruction in WB stage at time 139530ns
# [TB][mhartid 1 - Tile (0, 1)] Detected finish (record) output (result) communication sentinel accumulator instruction in WB stage at time 141160ns
# [TB][mhartid 1 - Tile (0, 1)] Detected output (result) communication sentinel accumulator start-end pair with latency 1625ns (325 clock cycles) and accumulated latency 6530ns (1306 clock cycles)
# [TB][mhartid 3 - Tile (1, 1)] Detected finish (record) output (result) communication sentinel accumulator instruction in WB stage at time 141160ns
# [TB][mhartid 3 - Tile (1, 1)] Detected output (result) communication sentinel accumulator start-end pair with latency 1625ns (325 clock cycles) and accumulated latency 6530ns (1306 clock cycles)
# [TB][mhartid 1 - Tile (0, 1)] detected sync sentinel start instruction in WB stage at time 141180ns (141180ns)
# [TB][mhartid 3 - Tile (1, 1)] detected sync sentinel start instruction in WB stage at time 141180ns (141180ns)
# [TB][mhartid 0 - Tile (0, 0)] detected sync sentinel end instruction in WB stage at time 141290ns (141290ns)
# [TB][mhartid 1 - Tile (0, 1)] detected sync sentinel end instruction in WB stage at time 141290ns (141290ns)
# [TB][mhartid 2 - Tile (1, 0)] detected sync sentinel end instruction in WB stage at time 141290ns (141290ns)
# [TB][mhartid 3 - Tile (1, 1)] detected sync sentinel end instruction in WB stage at time 141290ns (141290ns)
# [TB][SYNC PERF][GLOBAL] detected completed synchronization in EX stage. Synchronization time 105ns (21 clock cycles)
# [TB][SYNC PERF][ROW] detected completed synchronization in EX stage. Synchronization time 105ns (21 clock cycles)
# [TB][SYNC PERF][COLUMN] detected completed synchronization in EX stage. Synchronization time 2435ns (487 clock cycles)
# [TB][SYNC PERF][HNBR] detected completed synchronization in EX stage. Synchronization time 105ns (21 clock cycles)
# [TB][SYNC PERF][VNBR] detected completed synchronization in EX stage. Synchronization time 2435ns (487 clock cycles)
# [TB][SYNC PERF][HRING] detected completed synchronization in EX stage. Synchronization time 105ns (21 clock cycles)
# [TB][SYNC PERF][VRING] detected completed synchronization in EX stage. Synchronization time 2435ns (487 clock cycles)
# [TB][mhartid 0 - Tile (0, 0)] Detected sentinel end instruction in WB stage at time 141305ns
# [TB][mhartid 0 - Tile (0, 0)] Detected sentinel start-end pair with latency 67245ns (13449 clock cycles)
# [TB][mhartid 1 - Tile (0, 1)] Detected sentinel end instruction in WB stage at time 141305ns
# [TB][mhartid 1 - Tile (0, 1)] Detected sentinel start-end pair with latency 49520ns (9904 clock cycles)
# [TB][mhartid 2 - Tile (1, 0)] Detected sentinel end instruction in WB stage at time 141305ns
# [TB][mhartid 2 - Tile (1, 0)] Detected sentinel start-end pair with latency 67245ns (13449 clock cycles)
# [TB][mhartid 3 - Tile (1, 1)] Detected sentinel end instruction in WB stage at time 141305ns
# [TB][mhartid 3 - Tile (1, 1)] Detected sentinel start-end pair with latency 49520ns (9904 clock cycles)
# [TB][PERF][mhartid 0 - Tile (0, 0)] Input communication sentinel accumulator state: 22640ns (4528 clock cycles)
# [TB][PERF][mhartid 1 - Tile (0, 1)] Input communication sentinel accumulator state: 14690ns (2938 clock cycles)
# [TB][PERF][mhartid 2 - Tile (1, 0)] Input communication sentinel accumulator state: 22640ns (4528 clock cycles)
# [TB][PERF][mhartid 3 - Tile (1, 1)] Input communication sentinel accumulator state: 14690ns (2938 clock cycles)
# [TB][PERF][mhartid 0 - Tile (0, 0)] Output (result) communication sentinel accumulator state: 9865ns (1973 clock cycles)
# [TB][PERF][mhartid 1 - Tile (0, 1)] Output (result) communication sentinel accumulator state: 6530ns (1306 clock cycles)
# [TB][PERF][mhartid 2 - Tile (1, 0)] Output (result) communication sentinel accumulator state: 9865ns (1973 clock cycles)
# [TB][PERF][mhartid 3 - Tile (1, 1)] Output (result) communication sentinel accumulator state: 6530ns (1306 clock cycles)
# [TB][PERF][mhartid 0 - Tile (0, 0)] Computation sentinel accumulator state: 8345ns (1669 clock cycles)
# [TB][PERF][mhartid 2 - Tile (1, 0)] Computation sentinel accumulator state: 8345ns (1669 clock cycles)
# [TB][SYNC PERF][mhartid 0 - Tile (0, 0)] Synchronization pattern sentinel accumulator states after 8 iterations:
#           	GLOBAL: 1460ns (292 clock cycles)
#           	ROW:    1460ns (292 clock cycles)
#           	COLUMN: 46215ns (9243 clock cycles)
#           	HNBR:   1460ns (292 clock cycles)
#           	VNBR:   46215ns (9243 clock cycles)
#           	HRING:  1460ns (292 clock cycles)
#           	VRING:  46215ns (9243 clock cycles)
# [TB][PERF][mhartid 1 - Tile (0, 1)] Computation sentinel accumulator state: 7485ns (1497 clock cycles)
# [TB][PERF][mhartid 3 - Tile (1, 1)] Computation sentinel accumulator state: 7485ns (1497 clock cycles)
# [TB][PERF][mhartid 0 - Tile (0, 0)] Global maximul performance overheads:
#           	Input communication:          22640ns (4528 clock cycles)
#           	Outpu (result) communication: 9865ns (1973 clock cycles)
#           	Computation:                  8345ns (1669 clock cycles)
#           	Total (CMI+CMO+CMP):          40850ns (8170 clock cycles)
# [mhartid 3] Number of errors: 0
# [mhartid 1] Number of errors: 0
# SIMULATION FINISHED WITH EXIT CODE: 0
# 
# End time: 16:49:34 on Oct 08,2025, Elapsed time: 0:00:42
# Errors: 0, Warnings: 4
make[1]: Leaving directory `/scratch/visachi/magia_sdk/profiling/MAGIA'
