Magia is available at https://github.com/pulp-platform/MAGIA.git
please run "source setup_env.sh" in the magia folder before running this script
and make sure the risc-v objdump binary is visible on path using "which riscv32-unknown-elf-objdump".
mkdir -p ../sw/tests/test_mm_is_2 && cd ../sw/tests/test_mm_is_2 && mkdir -p build
cp ./build/bin/test_mm_is_2 ../sw/tests/test_mm_is_2/build/verif
objcopy --srec-len 1 --output-target=srec ../sw/tests/test_mm_is_2/build/verif ../sw/tests/test_mm_is_2/build/verif.s19
scripts/parse_s19.pl ../sw/tests/test_mm_is_2/build/verif.s19 > ../sw/tests/test_mm_is_2/build/verif.txt
python3 scripts/s19tomem.py ../sw/tests/test_mm_is_2/build/verif.txt ../sw/tests/test_mm_is_2/build/stim_instr.txt ../sw/tests/test_mm_is_2/build/stim_data.txt	
cd ../sw/tests/test_mm_is_2													&& \
cp -sf ../../../sim/modelsim.ini modelsim.ini    				&& \
ln -sfn ../../../sim/work work         			
riscv32-unknown-elf-objdump -d -S ../sw/tests/test_mm_is_2/build/verif > ../sw/tests/test_mm_is_2/build/verif.dump
riscv32-unknown-elf-objdump -d -l -s ../sw/tests/test_mm_is_2/build/verif > ../sw/tests/test_mm_is_2/build/verif.objdump
python3 scripts/objdump2itb.py ../sw/tests/test_mm_is_2/build/verif.objdump > ../sw/tests/test_mm_is_2/build/verif.itb
cd /scratch/visachi/magia_sdk/profiling/MAGIA 												&& \
make run test=test_mm_is_2 gui=0 mesh_dv=1
make[1]: Entering directory `/scratch/visachi/magia_sdk/profiling/MAGIA'
cd sw/tests/test_mm_is_2;                                                                		 \
questa-2025.1 vsim -c vopt_tb -t 1ns -suppress 3009 -l transcript -do "run -a"                 \
+INST_HEX=build/stim_instr.txt                                                                    \
+DATA_HEX=build/stim_data.txt                                                                    \
+INST_ENTRY=0xCC000000                                                                    \
+DATA_ENTRY=0xCC010000                                                                    \
+BOOT_ADDR=0xCC000080                                                                      \
 +log_file_0=./core_0_traces.log   +log_file_1=./core_1_traces.log   +log_file_2=./core_2_traces.log   +log_file_3=./core_3_traces.log                                                                                             \
+itb_file=build/verif.itb
Reading pref.tcl

# 2025.1_2

# vsim -c vopt_tb -t 1ns -suppress 3009 -l transcript -do "run -a" "+INST_HEX=build/stim_instr.txt" "+DATA_HEX=build/stim_data.txt" "+INST_ENTRY=0xCC000000" "+DATA_ENTRY=0xCC010000" "+BOOT_ADDR=0xCC000080" "+log_file_0=./core_0_traces.log" "+log_file_1=./core_1_traces.log" "+log_file_2=./core_2_traces.log" "+log_file_3=./core_3_traces.log" "+itb_file=build/verif.itb" 
# Start time: 16:50:21 on Oct 08,2025
# //  Questa Sim-64
# //  Version 2025.1_2 linux_x86_64 Apr  7 2025
# //
# // Unpublished work. Copyright 2025 Siemens
# //
# // This material contains trade secrets or otherwise confidential information
# // owned by Siemens Industry Software Inc. or its affiliates (collectively,
# // "SISW"), or its licensors. Access to and use of this information is strictly
# // limited as set forth in the Customer's applicable agreements with SISW.
# //
# // This material may not be copied, distributed, or otherwise disclosed outside
# // of the Customer's facilities without the express written permission of SISW,
# // and may not be used in any way not expressly authorized by SISW.
# //
# Loading sv_std.std
# Loading work.axi_pkg(fast)
# Loading work.magia_pkg(fast)
# Loading work.magia_tb_pkg(fast)
# Loading work.magia_tb(fast)
# Loading work.floo_pkg(fast)
# Loading work.floo_axi_mesh_32x32_noc_pkg(fast)
# Loading work.floo_axi_mesh_16x16_noc_pkg(fast)
# Loading work.floo_axi_mesh_8x8_noc_pkg(fast)
# Loading work.floo_axi_mesh_4x4_noc_pkg(fast)
# Loading work.floo_axi_mesh_2x2_noc_pkg(fast)
# Loading work.idma_pkg(fast)
# Loading work.cf_math_pkg(fast)
# Loading work.obi_pkg(fast)
# Loading work.fpnew_pkg(fast)
# Loading work.hwpe_stream_package(fast)
# Loading work.hci_package(fast)
# Loading work.magia_tile_pkg(fast)
# Loading work.magia_noc_pkg(fast)
# Loading work.magia_tile_tb_pkg(fast)
# Loading work.magia_fixture(fast)
# Loading work.magia(fast)
# Loading work.snitch_icache_pkg(fast)
# Loading work.fpu_ss_pkg(fast)
# Loading work.cv32e40x_pkg(fast)
# Loading work.redmule_pkg(fast)
# Loading work.magia_tile(fast)
# Loading work.data2obi_req(fast)
# Loading work.obi2data_rsp(fast)
# Loading work.obi2hci_req(fast)
# Loading work.hci2obi_rsp(fast)
# Loading work.obi_to_axi(fast)
# Loading work.fifo_v3(fast)
# Loading work.fifo_v3(fast__1)
# Loading work.instr2cache_req(fast)
# Loading work.cache2instr_rsp(fast)
# Loading work.obi2hci_req(fast__1)
# Loading work.hci2obi_rsp(fast__1)
# Loading work.axi_to_obi(fast)
# Loading work.axi_demux_simple(fast)
# Loading work.counter(fast)
# Loading work.delta_counter(fast)
# Loading work.rr_arb_tree(fast)
# Loading work.lzc(fast)
# Loading work.axi_to_detailed_mem_user(fast)
# Loading work.stream_mux(fast)
# Loading work.stream_fork(fast)
# Loading work.stream_fifo(fast)
# Loading work.fifo_v3(fast__2)
# Loading work.stream_fifo(fast__1)
# Loading work.fifo_v3(fast__3)
# Loading work.stream_to_mem(fast)
# Loading work.stream_fifo(fast__2)
# Loading work.fifo_v3(fast__4)
# Loading work.mem_to_banks_detailed(fast)
# Loading work.stream_fifo(fast__3)
# Loading work.fifo_v3(fast__5)
# Loading work.fifo_v3(fast__6)
# Loading work.stream_fifo(fast__4)
# Loading work.fifo_v3(fast__7)
# Loading work.stream_join(fast)
# Loading work.stream_join_dynamic(fast)
# Loading work.stream_fork_dynamic(fast)
# Loading work.stream_fork(fast__1)
# Loading work.axi_to_detailed_mem_user(fast__1)
# Loading work.stream_mux(fast__1)
# Loading work.stream_fifo(fast__5)
# Loading work.fifo_v3(fast__8)
# Loading work.stream_to_mem(fast__1)
# Loading work.stream_fifo(fast__6)
# Loading work.fifo_v3(fast__9)
# Loading work.mem_to_banks_detailed(fast__1)
# Loading work.stream_fifo(fast__7)
# Loading work.fifo_v3(fast__10)
# Loading work.obi_mux(fast)
# Loading work.rr_arb_tree(fast__1)
# Loading work.fifo_v3(fast__11)
# Loading work.tc_clk_gating(fast)
# Loading work.cv32e40x_if_xif(fast__1)
# Loading work.cv32e40x_if_xif(fast__2)
# Loading work.cv32e40x_if_xif(fast__3)
# Loading work.hwpe_ctrl_package(fast)
# Loading work.redmule_top(fast)
# Loading work.hwpe_ctrl_intf_periph(fast__2)
# Loading work.redmule_inst_decoder(fast)
# Loading work.tc_clk_gating(fast__1)
# Loading work.hwpe_stream_intf_stream(fast__1)
# Loading work.hwpe_stream_intf_stream(fast__2)
# Loading work.hwpe_stream_intf_stream(fast__3)
# Loading work.redmule_streamer(fast)
# Loading work.hci_core_intf(fast__6)
# Loading work.hci_core_intf(fast__7)
# Loading work.hci_core_mux_ooo(fast)
# Loading work.hci_core_r_id_filter(fast)
# Loading work.hci_core_mux_ooo(fast__1)
# Loading work.hci_core_r_id_filter(fast__1)
# Loading work.hci_core_r_valid_filter(fast)
# Loading work.hci_core_sink(fast)
# Loading work.hwpe_stream_intf_stream(fast__4)
# Loading work.hwpe_stream_intf_stream(fast__5)
# Loading work.hci_core_intf(fast__9)
# Loading work.hwpe_stream_addressgen_v3_sv_unit(fast)
# Loading work.hwpe_stream_addressgen_v3(fast)
# Loading work.hwpe_stream_fifo_sv_unit(fast)
# Loading work.hwpe_stream_fifo(fast)
# Loading work.hci_core_assign(fast)
# Loading work.redmule_castout_sv_unit(fast)
# Loading work.redmule_castout(fast)
# Loading work.fpnew_cast_multi(fast)
# Loading work.fpnew_classifier(fast)
# Loading work.fpnew_classifier(fast__1)
# Loading work.fpnew_classifier(fast__2)
# Loading work.lzc(fast__1)
# Loading work.fpnew_rounding(fast)
# Loading work.hci_core_fifo(fast)
# Loading work.hwpe_stream_intf_stream(fast__6)
# Loading work.hwpe_stream_intf_stream(fast__7)
# Loading work.hwpe_stream_intf_stream(fast__8)
# Loading work.hwpe_stream_intf_stream(fast__9)
# Loading work.hwpe_stream_fifo(fast__1)
# Loading work.hwpe_stream_fifo(fast__2)
# Loading work.hci_core_assign(fast__1)
# Loading work.hci_core_fifo(fast__1)
# Loading work.hwpe_stream_fifo(fast__3)
# Loading work.hwpe_stream_fifo(fast__4)
# Loading work.redmule_castin_sv_unit(fast)
# Loading work.redmule_castin(fast)
# Loading work.hci_core_source(fast)
# Loading work.hwpe_stream_intf_stream(fast__10)
# Loading work.hwpe_stream_intf_stream(fast__11)
# Loading work.hwpe_stream_addressgen_v3(fast__1)
# Loading work.hwpe_stream_fifo(fast__5)
# Loading work.hwpe_stream_intf_stream(fast__12)
# Loading work.hwpe_stream_intf_stream(fast__13)
# Loading work.hwpe_stream_fifo(fast__6)
# Loading work.hwpe_stream_assign_sv_unit(fast)
# Loading work.hwpe_stream_assign(fast)
# Loading work.hwpe_stream_fifo(fast__7)
# Loading work.hwpe_stream_fifo(fast__8)
# Loading work.redmule_x_buffer(fast)
# Loading work.redmule_x_pad_scm(fast)
# Loading work.redmule_x_buffer_scm(fast)
# Loading work.redmule_w_buffer(fast)
# Loading work.redmule_w_buffer_scm(fast)
# Loading work.redmule_z_buffer(fast)
# Loading work.redmule_z_buffer_scm(fast)
# Loading work.redmule_engine(fast)
# Loading work.redmule_row(fast)
# Loading work.redmule_ce(fast)
# Loading work.cluster_clock_gating(fast)
# Loading work.tc_clk_gating(fast__2)
# Loading work.redmule_noncomp(fast)
# Loading work.fpnew_classifier(fast__3)
# Loading work.redmule_fma(fast)
# Loading work.fpnew_classifier(fast__4)
# Loading work.lzc(fast__2)
# Loading work.fpnew_rounding(fast__1)
# Loading work.redmule_noncomp(fast__1)
# Loading work.redmule_memory_scheduler(fast)
# Loading work.redmule_ctrl_sv_unit(fast)
# Loading work.redmule_ctrl(fast)
# Loading work.hwpe_ctrl_intf_periph(fast__3)
# Loading work.hwpe_ctrl_slave(fast)
# Loading work.hwpe_ctrl_regfile(fast)
# Loading work.hwpe_ctrl_regfile_latch_test_wrap(fast)
# Loading work.hwpe_ctrl_regfile_ff(fast)
# Loading work.redmule_tiler(fast)
# Loading work.hwpe_ctrl_seq_mult(fast)
# Loading work.hwpe_ctrl_seq_mult(fast__1)
# Loading work.redmule_scheduler(fast)
# Loading work.cv32e40x_wrapper(fast)
# Loading work.cv32e40x_core_log(fast)
# Loading work.cv32e40x_rvfi_pkg(fast)
# Loading work.cv32e40x_rvfi(fast)
# Loading work.cv32e40x_rvfi_instr_obi(fast)
# Loading work.cv32e40x_rvfi_data_obi(fast)
# Loading work.cv32e40x_rvfi_sim_trace(fast)
# Loading work.cv32e40x_core(fast)
# Loading work.cv32e40x_if_c_obi(fast__1)
# Loading work.cv32e40x_if_c_obi(fast__2)
# Loading work.cv32e40x_sleep_unit(fast)
# Loading work.cv32e40x_clock_gate(fast)
# Loading work.cv32e40x_if_stage(fast)
# Loading work.cv32e40x_prefetch_unit(fast)
# Loading work.cv32e40x_prefetcher(fast)
# Loading work.cv32e40x_alignment_buffer(fast)
# Loading work.cv32e40x_mpu(fast)
# Loading work.cv32e40x_pma(fast)
# Loading work.cv32e40x_instr_obi_interface(fast)
# Loading work.cv32e40x_compressed_decoder(fast)
# Loading work.cv32e40x_sequencer(fast)
# Loading work.cv32e40x_id_stage(fast)
# Loading work.cv32e40x_pc_target(fast)
# Loading work.cv32e40x_decoder(fast)
# Loading work.cv32e40x_i_decoder(fast)
# Loading work.cv32e40x_a_decoder(fast)
# Loading work.cv32e40x_b_decoder(fast)
# Loading work.cv32e40x_m_decoder(fast)
# Loading work.cv32e40x_ex_stage(fast)
# Loading work.cv32e40x_alu(fast)
# Loading work.cv32e40x_ff_one(fast)
# Loading work.cv32e40x_alu_b_cpop(fast)
# Loading work.cv32e40x_div(fast)
# Loading work.cv32e40x_mult(fast)
# Loading work.cv32e40x_load_store_unit(fast)
# Loading work.cv32e40x_wpt(fast)
# Loading work.cv32e40x_mpu(fast__1)
# Loading work.cv32e40x_pma(fast__1)
# Loading work.cv32e40x_align_check(fast)
# Loading work.cv32e40x_lsu_response_filter(fast)
# Loading work.cv32e40x_write_buffer(fast)
# Loading work.cv32e40x_data_obi_interface(fast)
# Loading work.cv32e40x_wb_stage(fast)
# Loading work.cv32e40x_cs_registers(fast)
# Loading work.cv32e40x_csr(fast)
# Loading work.cv32e40x_csr(fast__1)
# Loading work.cv32e40x_csr(fast__2)
# Loading work.cv32e40x_csr(fast__3)
# Loading work.cv32e40x_csr(fast__4)
# Loading work.cv32e40x_csr(fast__5)
# Loading work.cv32e40x_csr(fast__6)
# Loading work.cv32e40x_csr(fast__7)
# Loading work.cv32e40x_debug_triggers(fast)
# Loading work.cv32e40x_csr(fast__8)
# Loading work.cv32e40x_controller(fast)
# Loading work.cv32e40x_controller_fsm(fast)
# Loading work.cv32e40x_controller_bypass(fast)
# Loading work.cv32e40x_int_controller(fast)
# Loading work.cv32e40x_register_file_wrapper(fast)
# Loading work.cv32e40x_register_file(fast)
# Loading work.obi_atop_resolver(fast)
# Loading work.lzc(fast__3)
# Loading work.spill_register(fast)
# Loading work.spill_register_flushable(fast)
# Loading work.fifo_v3(fast__12)
# Loading work.obi_cut(fast)
# Loading work.spill_register(fast__1)
# Loading work.spill_register_flushable(fast__1)
# Loading work.spill_register(fast__2)
# Loading work.spill_register_flushable(fast__2)
# Loading work.obi_xbar(fast)
# Loading work.addr_decode(fast)
# Loading work.addr_decode_dync(fast)
# Loading work.obi_demux(fast)
# Loading work.hci_interconnect(fast)
# Loading work.hci_core_intf(fast__14)
# Loading work.tcdm_interconnect_pkg(fast)
# Loading work.hci_log_interconnect(fast)
# Loading work.tcdm_interconnect(fast)
# Loading work.xbar(fast)
# Loading work.addr_dec_resp_mux(fast)
# Loading work.rr_arb_tree(fast__2)
# Loading work.lzc(fast__4)
# Loading work.hci_router(fast)
# Loading work.hci_core_assign(fast__2)
# Loading work.hci_router_reorder(fast)
# Loading work.addr_dec_resp_mux(fast__1)
# Loading work.hci_arbiter_tree(fast)
# Loading work.hci_core_assign(fast__3)
# Loading work.hci_core_assign(fast__4)
# Loading work.hci_arbiter(fast)
# Loading work.hci_core_assign(fast__5)
# Loading work.hci_core_assign(fast__6)
# Loading work.l1_spm(fast)
# Loading work.tc_sram(fast)
# Loading work.xif_inst_dispatcher(fast)
# Loading work.idma_ctrl(fast)
# Loading work.cv32e40x_if_xif(fast__5)
# Loading work.idma_reg32_3d_reg_pkg(fast)
# Loading work.idma_xif_inst_decoder(fast)
# Loading work.idma_axi_obi_transfer_ch(fast)
# Loading work.idma_reg32_3d(fast)
# Loading work.idma_reg32_3d_reg_top(fast)
# Loading work.prim_subreg(fast)
# Loading work.prim_subreg_arb(fast)
# Loading work.prim_subreg(fast__1)
# Loading work.prim_subreg_arb(fast__1)
# Loading work.prim_subreg(fast__2)
# Loading work.prim_subreg_arb(fast__2)
# Loading work.prim_subreg_ext(fast)
# Loading work.prim_subreg_ext(fast__1)
# Loading work.prim_subreg(fast__3)
# Loading work.prim_subreg_arb(fast__3)
# Loading work.rr_arb_tree(fast__3)
# Loading work.idma_transfer_id_gen(fast)
# Loading work.stream_fifo_optimal_wrap(fast)
# Loading work.spill_register_flushable(fast__3)
# Loading work.idma_nd_midend(fast)
# Loading work.idma_nd_counter(fast)
# Loading work.popcount(fast)
# Loading work.idma_backend_r_axi_w_obi(fast)
# Loading work.idma_legalizer_r_axi_w_obi(fast)
# Loading work.idma_legalizer_page_splitter(fast)
# Loading work.stream_fifo_optimal_wrap(fast__1)
# Loading work.spill_register_flushable(fast__4)
# Loading work.stream_fifo_optimal_wrap(fast__2)
# Loading work.spill_register_flushable(fast__5)
# Loading work.fall_through_register(fast)
# Loading work.fifo_v3(fast__13)
# Loading work.stream_fifo_optimal_wrap(fast__3)
# Loading work.stream_fifo(fast__8)
# Loading work.fifo_v3(fast__14)
# Loading work.idma_transport_layer_r_axi_w_obi(fast)
# Loading work.idma_axi_read(fast)
# Loading work.idma_dataflow_element(fast)
# Loading work.passthrough_stream_fifo(fast)
# Loading work.idma_obi_write(fast)
# Loading work.stream_fifo_optimal_wrap(fast__4)
# Loading work.spill_register_flushable(fast__6)
# Loading work.idma_axi_obi_transfer_ch(fast__1)
# Loading work.idma_backend_r_obi_w_axi(fast)
# Loading work.idma_legalizer_r_obi_w_axi(fast)
# Loading work.stream_fifo_optimal_wrap(fast__5)
# Loading work.spill_register_flushable(fast__7)
# Loading work.stream_fifo_optimal_wrap(fast__6)
# Loading work.spill_register_flushable(fast__8)
# Loading work.idma_transport_layer_r_obi_w_axi(fast)
# Loading work.idma_obi_read(fast)
# Loading work.idma_axi_write(fast)
# Loading work.fall_through_register(fast__1)
# Loading work.fifo_v3(fast__15)
# Loading work.axi_rw_join(fast)
# Loading work.pulp_icache_wrap(fast)
# Loading work.spill_register(fast__3)
# Loading work.spill_register_flushable(fast__9)
# Loading work.snitch_icache(fast)
# Loading work.riscv_instr_branch(fast)
# Loading work.snitch_icache_l0(fast)
# Loading work.tc_clk_inverter(fast)
# Loading work.plru_tree(fast)
# Loading work.isochronous_spill_register(fast)
# Loading work.isochronous_spill_register(fast__1)
# Loading work.l0_to_bypass(fast)
# Loading work.stream_arbiter(fast)
# Loading work.stream_arbiter_flushable(fast)
# Loading work.rr_arb_tree(fast__4)
# Loading work.fifo_v3(fast__16)
# Loading work.onehot_to_bin(fast)
# Loading work.stream_demux(fast)
# Loading work.isochronous_spill_register(fast__2)
# Loading work.isochronous_spill_register(fast__3)
# Loading work.multi_accept_rr_arb(fast)
# Loading work.rr_arb_tree(fast__5)
# Loading work.snitch_icache_lookup_serial(fast)
# Loading work.register_file_1r_1w(fast)
# Loading work.lzc(fast__5)
# Loading work.tc_sram_impl(fast)
# Loading work.tc_sram(fast__1)
# Loading work.snitch_icache_handler(fast)
# Loading work.onehot_to_bin(fast__1)
# Loading work.stream_arbiter(fast__1)
# Loading work.stream_arbiter_flushable(fast__1)
# Loading work.rr_arb_tree(fast__6)
# Loading work.stream_demux(fast__1)
# Loading work.snitch_icache_refill(fast)
# Loading work.fifo_v3(fast__17)
# Loading work.axi_xbar(fast)
# Loading work.axi_xbar_unmuxed(fast)
# Loading work.addr_decode(fast__1)
# Loading work.addr_decode_dync(fast__1)
# Loading work.axi_demux(fast)
# Loading work.spill_register(fast__4)
# Loading work.spill_register_flushable(fast__10)
# Loading work.spill_register(fast__5)
# Loading work.spill_register_flushable(fast__11)
# Loading work.spill_register(fast__6)
# Loading work.spill_register_flushable(fast__12)
# Loading work.spill_register(fast__7)
# Loading work.spill_register_flushable(fast__13)
# Loading work.spill_register(fast__8)
# Loading work.spill_register_flushable(fast__14)
# Loading work.spill_register(fast__9)
# Loading work.spill_register_flushable(fast__15)
# Loading work.axi_demux_simple(fast__1)
# Loading work.axi_demux_id_counters(fast)
# Loading work.delta_counter(fast__1)
# Loading work.counter(fast__1)
# Loading work.rr_arb_tree(fast__7)
# Loading work.axi_err_slv(fast)
# Loading work.axi_atop_filter(fast)
# Loading work.stream_register(fast)
# Loading work.fifo_v3(fast__18)
# Loading work.fifo_v3(fast__19)
# Loading work.fifo_v3(fast__20)
# Loading work.counter(fast__2)
# Loading work.delta_counter(fast__2)
# Loading work.axi_multicut(fast)
# Loading work.axi_mux(fast)
# Loading work.axi_id_prepend(fast)
# Loading work.rr_arb_tree(fast__8)
# Loading work.fifo_v3(fast__21)
# Loading work.spill_register(fast__10)
# Loading work.spill_register_flushable(fast__16)
# Loading work.spill_register(fast__11)
# Loading work.spill_register_flushable(fast__17)
# Loading work.rr_arb_tree(fast__9)
# Loading work.spill_register(fast__12)
# Loading work.spill_register_flushable(fast__18)
# Loading work.spill_register(fast__13)
# Loading work.spill_register_flushable(fast__19)
# Loading work.floo_axi_chimney(fast)
# Loading work.floo_rob_wrapper(fast)
# Loading work.axi_demux_id_counters(fast__1)
# Loading work.delta_counter(fast__3)
# Loading work.floo_rob_wrapper(fast__1)
# Loading work.floo_route_comp(fast)
# Loading work.addr_decode(fast__2)
# Loading work.addr_decode_dync(fast__2)
# Loading work.floo_wormhole_arbiter(fast)
# Loading work.floo_wormhole_arbiter(fast__1)
# Loading work.floo_meta_buffer(fast)
# Loading work.fifo_v3(fast__22)
# Loading work.lzc(fast__6)
# Loading work.floo_axi_router(fast)
# Loading work.floo_router(fast)
# Loading work.stream_fifo_optimal_wrap(fast__7)
# Loading work.spill_register_flushable(fast__20)
# Loading work.floo_route_select(fast)
# Loading work.floo_wormhole_arbiter(fast__2)
# Loading work.rr_arb_tree(fast__10)
# Loading work.floo_vc_arbiter(fast)
# Loading work.floo_router(fast__1)
# Loading work.stream_fifo_optimal_wrap(fast__8)
# Loading work.spill_register_flushable(fast__21)
# Loading work.floo_route_select(fast__1)
# Loading work.floo_wormhole_arbiter(fast__3)
# Loading work.floo_vc_arbiter(fast__1)
# Loading work.fractal_sync_xif_inst_decoder(fast)
# Loading work.fpu_ss_prd_f_pkg(fast)
# Loading work.fpu_ss(fast)
# Loading work.fpu_ss_instr_pkg(fast)
# Loading work.fpu_ss_compressed_predecoder(fast)
# Loading work.fpu_ss_predecoder(fast)
# Loading work.stream_fifo(fast__9)
# Loading work.fifo_v3(fast__23)
# Loading work.fpu_ss_decoder(fast)
# Loading work.stream_fifo(fast__10)
# Loading work.fifo_v3(fast__24)
# Loading work.fpu_ss_csr(fast)
# Loading work.fpu_ss_controller(fast)
# Loading work.fpu_ss_regfile(fast)
# Loading work.fpnew_top(fast)
# Loading work.fpnew_opgroup_block(fast)
# Loading work.fpnew_opgroup_fmt_slice(fast)
# Loading work.fpnew_fma(fast)
# Loading work.fpnew_classifier(fast__5)
# Loading work.lzc(fast__7)
# Loading work.fpnew_rounding(fast__2)
# Loading work.rr_arb_tree(fast__11)
# Loading work.lzc(fast__8)
# Loading work.fpnew_opgroup_block(fast__1)
# Loading work.fpnew_opgroup_multifmt_slice(fast)
# Loading work.fpnew_divsqrt_th_32(fast)
# Loading work.pa_fdsu_top(fast)
# Loading work.pa_fdsu_special(fast)
# Loading work.pa_fdsu_prepare(fast)
# Loading work.pa_fdsu_ff1(fast)
# Loading work.pa_fdsu_srt_single(fast)
# Loading work.gated_clk_cell(fast)
# Loading work.pa_fdsu_round_single(fast)
# Loading work.pa_fdsu_pack_single(fast)
# Loading work.pa_fdsu_ctrl(fast)
# Loading work.pa_fpu_dp(fast)
# Loading work.pa_fpu_src_type(fast)
# Loading work.pa_fpu_frbus(fast)
# Loading work.rr_arb_tree(fast__12)
# Loading work.fpnew_opgroup_block(fast__2)
# Loading work.fpnew_opgroup_fmt_slice(fast__1)
# Loading work.fpnew_noncomp(fast)
# Loading work.fpnew_classifier(fast__6)
# Loading work.rr_arb_tree(fast__13)
# Loading work.fpnew_opgroup_block(fast__3)
# Loading work.fpnew_opgroup_multifmt_slice(fast__1)
# Loading work.fpnew_cast_multi(fast__1)
# Loading work.fpnew_classifier(fast__7)
# Loading work.lzc(fast__9)
# Loading work.fpnew_rounding(fast__3)
# Loading work.rr_arb_tree(fast__14)
# Loading work.fpnew_opgroup_block(fast__4)
# Loading work.rr_arb_tree(fast__15)
# Loading work.rr_arb_tree(fast__16)
# Loading work.lzc(fast__10)
# Loading work.xif_if2struct(fast)
# Loading work.fractal_sync_pkg(fast)
# Loading work.fractal_sync_2x2_pkg(fast)
# Loading work.fractal_sync_2x2(fast)
# Loading work.fractal_sync_2x2_core(fast)
# Loading work.fractal_sync_pipeline(fast)
# Loading work.fractal_sync_1d(fast)
# Loading work.fractal_sync_rx(fast)
# Loading work.fractal_sync_fifo(fast)
# Loading work.fractal_sync_arbiter(fast)
# Loading work.fractal_sync_arbiter_fa(fast)
# Loading work.fractal_sync_tx(fast)
# Loading work.fractal_sync_fifo(fast__1)
# Loading work.fractal_sync_arbiter(fast__1)
# Loading work.fractal_sync_arbiter_fa(fast__1)
# Loading work.fractal_sync_cc(fast)
# Loading work.fractal_sync_1d_rf(fast)
# Loading work.fractal_sync_1d_local_rf(fast)
# Loading work.fractal_sync_mp_rf(fast)
# Loading work.fractal_sync_1d_remote_rf(fast)
# Loading work.fractal_sync_mp_cam_br(fast)
# Loading work.fractal_sync_mp_cam_line(fast)
# Loading work.fractal_sync_1d(fast__1)
# Loading work.fractal_sync_cc(fast__1)
# Loading work.fractal_sync_pipeline(fast__1)
# Loading work.fractal_sync_2d(fast)
# Loading work.fractal_sync_rx(fast__1)
# Loading work.fractal_sync_fifo(fast__2)
# Loading work.fractal_sync_arbiter(fast__2)
# Loading work.fractal_sync_arbiter_fa(fast__2)
# Loading work.fractal_sync_cc(fast__2)
# Loading work.fractal_sync_2d_rf(fast)
# Loading work.fractal_sync_2d_local_rf(fast)
# Loading work.fractal_sync_2d_remote_rf(fast)
# Loading work.magia_vip(fast)
# Loading work.clk_rst_gen(fast)
# Loading work.magia_l2_mem_wrapper(fast)
# Loading work.floo_axi_chimney(fast__1)
# Loading work.axi_err_slv(fast__1)
# Loading work.axi_atop_filter(fast__1)
# Loading work.stream_register(fast__2)
# Loading work.fifo_v3(fast__25)
# Loading work.fifo_v3(fast__26)
# Loading work.fifo_v3(fast__27)
# Loading work.counter(fast__3)
# Loading work.delta_counter(fast__4)
# Loading work.floo_rob_wrapper(fast__2)
# Loading work.axi_demux_id_counters(fast__2)
# Loading work.delta_counter(fast__5)
# Loading work.floo_rob_wrapper(fast__3)
# Loading work.floo_route_comp(fast__1)
# Loading work.floo_wormhole_arbiter(fast__4)
# Loading work.rr_arb_tree(fast__17)
# Loading work.floo_wormhole_arbiter(fast__5)
# Loading work.floo_meta_buffer(fast__1)
# Loading work.fifo_v3(fast__28)
# Loading work.axi_sim_mem(fast)
# Loading work.fractal_sync_if(fast__1)
# Loading work.fractal_sync_if(fast__2)
# Loading work.stream_register(fast__3)
# Loading work.hwpe_ctrl_intf_periph(fast__1)
# Loading work.hci_core_intf(fast__4)
# Loading work.hci_core_intf(fast__5)
# Loading work.stream_register(fast__1)
# Loading work.hci_core_intf(fast__10)
# Loading work.hci_core_intf(fast__11)
# Loading work.hci_core_intf(fast__12)
# Loading work.hci_core_intf(fast__13)
# Loading work.hci_core_intf(fast__17)
# Loading work.hci_core_intf(fast__15)
# Loading work.hci_core_intf(fast__16)
# Loading work.hci_core_intf(fast__8)
# ** Warning: (vsim-3015) [PCDPC] - Port size (2) does not match connection size (3) for port 'rf_re_id_i'. The port definition is at: /scratch/visachi/magia_sdk/profiling/MAGIA/.bender/git/checkouts/cv32e40x-ba9ec2421894e746/bhv/cv32e40x_rvfi.sv(58).
#    Time: 0 ns  Iteration: 0  Instance: /magia_tb/fixture/i_magia/gen_y_tile[0]/gen_x_tile[0]/i_magia_tile/i_cv32e40x_core/rvfi_i File: /scratch/visachi/magia_sdk/profiling/MAGIA/.bender/git/checkouts/cv32e40x-ba9ec2421894e746/bhv/cv32e40x_wrapper.sv Line: 565
# ** Warning: (vsim-3015) [PCDPC] - Port size (2) does not match connection size (3) for port 'rf_re_id_i'. The port definition is at: /scratch/visachi/magia_sdk/profiling/MAGIA/.bender/git/checkouts/cv32e40x-ba9ec2421894e746/bhv/cv32e40x_rvfi.sv(58).
#    Time: 0 ns  Iteration: 0  Instance: /magia_tb/fixture/i_magia/gen_y_tile[0]/gen_x_tile[1]/i_magia_tile/i_cv32e40x_core/rvfi_i File: /scratch/visachi/magia_sdk/profiling/MAGIA/.bender/git/checkouts/cv32e40x-ba9ec2421894e746/bhv/cv32e40x_wrapper.sv Line: 565
# ** Warning: (vsim-3015) [PCDPC] - Port size (2) does not match connection size (3) for port 'rf_re_id_i'. The port definition is at: /scratch/visachi/magia_sdk/profiling/MAGIA/.bender/git/checkouts/cv32e40x-ba9ec2421894e746/bhv/cv32e40x_rvfi.sv(58).
#    Time: 0 ns  Iteration: 0  Instance: /magia_tb/fixture/i_magia/gen_y_tile[1]/gen_x_tile[0]/i_magia_tile/i_cv32e40x_core/rvfi_i File: /scratch/visachi/magia_sdk/profiling/MAGIA/.bender/git/checkouts/cv32e40x-ba9ec2421894e746/bhv/cv32e40x_wrapper.sv Line: 565
# ** Warning: (vsim-3015) [PCDPC] - Port size (2) does not match connection size (3) for port 'rf_re_id_i'. The port definition is at: /scratch/visachi/magia_sdk/profiling/MAGIA/.bender/git/checkouts/cv32e40x-ba9ec2421894e746/bhv/cv32e40x_rvfi.sv(58).
#    Time: 0 ns  Iteration: 0  Instance: /magia_tb/fixture/i_magia/gen_y_tile[1]/gen_x_tile[1]/i_magia_tile/i_cv32e40x_core/rvfi_i File: /scratch/visachi/magia_sdk/profiling/MAGIA/.bender/git/checkouts/cv32e40x-ba9ec2421894e746/bhv/cv32e40x_wrapper.sv Line: 565
# run -a
# [cv32e40x_core]: RV32                       = RV32I
# [cv32e40x_core]: A_EXT                      = A
# [cv32e40x_core]: B_EXT                      = ZBA_ZBB_ZBC_ZBS
# [cv32e40x_core]: M_EXT                      = M
# [cv32e40x_core]: DEBUG                      = 1
# [cv32e40x_core]: DM_REGION_START            = 0xf0000000
# [cv32e40x_core]: DM_REGION_END              = 0xf0003fff
# [cv32e40x_core]: DBG_NUM_TRIGGERS           = 1
# [cv32e40x_core]: PMA_NUM_REGIONS            = 0 
# [cv32e40x_core]: CLIC                       = 0
# [cv32e40x_core]: CLIC_ID_WIDTH              = 1 
# [cv32e40x_core]: X_EXT                      = 1
# [cv32e40x_core]: X_NUM_RS                   = 3
# [cv32e40x_core]: X_ID_WIDTH                 = 4 
# [cv32e40x_core]: X_MEM_WIDTH                = 32 
# [cv32e40x_core]: X_RFR_WIDTH                = 32
# [cv32e40x_core]: X_RFW_WIDTH                = 32
# [cv32e40x_core]: X_MISA                     = 0x00000020
# [cv32e40x_core]: X_ECS_XS                   = 0
# [cv32e40x_core]: NUM_MHPMCOUNTERS           = 1 
# RISC-V Trace: Using log file path defined by plusarg: log_file_0
# RISC-V Trace: Writing log to: ./core_0_traces.log
# RISC-V Trace: Using itb path defined by plusarg: itb_file
# RISC-V Trace: Loading instruction table file build/verif.itb
# RISC-V Trace: Loaded        2932 instructions.
# [cv32e40x_core]: RV32                       = RV32I
# [cv32e40x_core]: A_EXT                      = A
# [cv32e40x_core]: B_EXT                      = ZBA_ZBB_ZBC_ZBS
# [cv32e40x_core]: M_EXT                      = M
# [cv32e40x_core]: DEBUG                      = 1
# [cv32e40x_core]: DM_REGION_START            = 0xf0000000
# [cv32e40x_core]: DM_REGION_END              = 0xf0003fff
# [cv32e40x_core]: DBG_NUM_TRIGGERS           = 1
# [cv32e40x_core]: PMA_NUM_REGIONS            = 0 
# [cv32e40x_core]: CLIC                       = 0
# [cv32e40x_core]: CLIC_ID_WIDTH              = 1 
# [cv32e40x_core]: X_EXT                      = 1
# [cv32e40x_core]: X_NUM_RS                   = 3
# [cv32e40x_core]: X_ID_WIDTH                 = 4 
# [cv32e40x_core]: X_MEM_WIDTH                = 32 
# [cv32e40x_core]: X_RFR_WIDTH                = 32
# [cv32e40x_core]: X_RFW_WIDTH                = 32
# [cv32e40x_core]: X_MISA                     = 0x00000020
# [cv32e40x_core]: X_ECS_XS                   = 0
# [cv32e40x_core]: NUM_MHPMCOUNTERS           = 1 
# RISC-V Trace: Using log file path defined by plusarg: log_file_1
# RISC-V Trace: Writing log to: ./core_1_traces.log
# RISC-V Trace: Using itb path defined by plusarg: itb_file
# RISC-V Trace: Loading instruction table file build/verif.itb
# RISC-V Trace: Loaded        2932 instructions.
# [cv32e40x_core]: RV32                       = RV32I
# [cv32e40x_core]: A_EXT                      = A
# [cv32e40x_core]: B_EXT                      = ZBA_ZBB_ZBC_ZBS
# [cv32e40x_core]: M_EXT                      = M
# [cv32e40x_core]: DEBUG                      = 1
# [cv32e40x_core]: DM_REGION_START            = 0xf0000000
# [cv32e40x_core]: DM_REGION_END              = 0xf0003fff
# [cv32e40x_core]: DBG_NUM_TRIGGERS           = 1
# [cv32e40x_core]: PMA_NUM_REGIONS            = 0 
# [cv32e40x_core]: CLIC                       = 0
# [cv32e40x_core]: CLIC_ID_WIDTH              = 1 
# [cv32e40x_core]: X_EXT                      = 1
# [cv32e40x_core]: X_NUM_RS                   = 3
# [cv32e40x_core]: X_ID_WIDTH                 = 4 
# [cv32e40x_core]: X_MEM_WIDTH                = 32 
# [cv32e40x_core]: X_RFR_WIDTH                = 32
# [cv32e40x_core]: X_RFW_WIDTH                = 32
# [cv32e40x_core]: X_MISA                     = 0x00000020
# [cv32e40x_core]: X_ECS_XS                   = 0
# [cv32e40x_core]: NUM_MHPMCOUNTERS           = 1 
# RISC-V Trace: Using log file path defined by plusarg: log_file_2
# RISC-V Trace: Writing log to: ./core_2_traces.log
# RISC-V Trace: Using itb path defined by plusarg: itb_file
# RISC-V Trace: Loading instruction table file build/verif.itb
# RISC-V Trace: Loaded        2932 instructions.
# [cv32e40x_core]: RV32                       = RV32I
# [cv32e40x_core]: A_EXT                      = A
# [cv32e40x_core]: B_EXT                      = ZBA_ZBB_ZBC_ZBS
# [cv32e40x_core]: M_EXT                      = M
# [cv32e40x_core]: DEBUG                      = 1
# [cv32e40x_core]: DM_REGION_START            = 0xf0000000
# [cv32e40x_core]: DM_REGION_END              = 0xf0003fff
# [cv32e40x_core]: DBG_NUM_TRIGGERS           = 1
# [cv32e40x_core]: PMA_NUM_REGIONS            = 0 
# [cv32e40x_core]: CLIC                       = 0
# [cv32e40x_core]: CLIC_ID_WIDTH              = 1 
# [cv32e40x_core]: X_EXT                      = 1
# [cv32e40x_core]: X_NUM_RS                   = 3
# [cv32e40x_core]: X_ID_WIDTH                 = 4 
# [cv32e40x_core]: X_MEM_WIDTH                = 32 
# [cv32e40x_core]: X_RFR_WIDTH                = 32
# [cv32e40x_core]: X_RFW_WIDTH                = 32
# [cv32e40x_core]: X_MISA                     = 0x00000020
# [cv32e40x_core]: X_ECS_XS                   = 0
# [cv32e40x_core]: NUM_MHPMCOUNTERS           = 1 
# RISC-V Trace: Using log file path defined by plusarg: log_file_3
# RISC-V Trace: Writing log to: ./core_3_traces.log
# RISC-V Trace: Using itb path defined by plusarg: itb_file
# RISC-V Trace: Loading instruction table file build/verif.itb
# RISC-V Trace: Loaded        2932 instructions.
# [TB][mhartid 0 - Tile (0, 0)] Detected sentinel start instruction in WB stage at time 73950ns
# [TB][mhartid 2 - Tile (1, 0)] Detected sentinel start instruction in WB stage at time 73950ns
# [TB][mhartid 0 - Tile (0, 0)] Detected start input communication sentinel accumulator instruction in WB stage at time 74345ns
# [TB][mhartid 2 - Tile (1, 0)] Detected start input communication sentinel accumulator instruction in WB stage at time 74345ns
# [TB][mhartid 0 - Tile (0, 0)] Detected finish (record) input communication sentinel accumulator instruction in WB stage at time 79680ns
# [TB][mhartid 0 - Tile (0, 0)] Detected input communication sentinel accumulator start-end pair with latency 5330ns (1066 clock cycles) and accumulated latency 5330ns (1066 clock cycles)
# [TB][mhartid 2 - Tile (1, 0)] Detected finish (record) input communication sentinel accumulator instruction in WB stage at time 79680ns
# [TB][mhartid 2 - Tile (1, 0)] Detected input communication sentinel accumulator start-end pair with latency 5330ns (1066 clock cycles) and accumulated latency 5330ns (1066 clock cycles)
# [TB][mhartid 0 - Tile (0, 0)] Detected start input communication sentinel accumulator instruction in WB stage at time 79980ns
# [TB][mhartid 2 - Tile (1, 0)] Detected start input communication sentinel accumulator instruction in WB stage at time 79980ns
# [TB][mhartid 0 - Tile (0, 0)] Detected finish (record) input communication sentinel accumulator instruction in WB stage at time 83615ns
# [TB][mhartid 0 - Tile (0, 0)] Detected input communication sentinel accumulator start-end pair with latency 3630ns (726 clock cycles) and accumulated latency 8960ns (1792 clock cycles)
# [TB][mhartid 2 - Tile (1, 0)] Detected finish (record) input communication sentinel accumulator instruction in WB stage at time 83615ns
# [TB][mhartid 2 - Tile (1, 0)] Detected input communication sentinel accumulator start-end pair with latency 3630ns (726 clock cycles) and accumulated latency 8960ns (1792 clock cycles)
# [TB][mhartid 0 - Tile (0, 0)] detected sync sentinel start instruction in WB stage at time 83620ns (83620ns)
# [TB][mhartid 2 - Tile (1, 0)] detected sync sentinel start instruction in WB stage at time 83620ns (83620ns)
# [TB][mhartid 1 - Tile (0, 1)] Detected sentinel start instruction in WB stage at time 91655ns
# [TB][mhartid 3 - Tile (1, 1)] Detected sentinel start instruction in WB stage at time 91655ns
# [TB][mhartid 1 - Tile (0, 1)] Detected start input communication sentinel accumulator instruction in WB stage at time 92125ns
# [TB][mhartid 3 - Tile (1, 1)] Detected start input communication sentinel accumulator instruction in WB stage at time 92125ns
# [TB][mhartid 1 - Tile (0, 1)] Detected finish (record) input communication sentinel accumulator instruction in WB stage at time 99380ns
# [TB][mhartid 1 - Tile (0, 1)] Detected input communication sentinel accumulator start-end pair with latency 7250ns (1450 clock cycles) and accumulated latency 7250ns (1450 clock cycles)
# [TB][mhartid 3 - Tile (1, 1)] Detected finish (record) input communication sentinel accumulator instruction in WB stage at time 99380ns
# [TB][mhartid 3 - Tile (1, 1)] Detected input communication sentinel accumulator start-end pair with latency 7250ns (1450 clock cycles) and accumulated latency 7250ns (1450 clock cycles)
# [TB][mhartid 1 - Tile (0, 1)] Detected start input communication sentinel accumulator instruction in WB stage at time 99735ns
# [TB][mhartid 3 - Tile (1, 1)] Detected start input communication sentinel accumulator instruction in WB stage at time 99735ns
# [TB][mhartid 1 - Tile (0, 1)] Detected finish (record) input communication sentinel accumulator instruction in WB stage at time 104670ns
# [TB][mhartid 1 - Tile (0, 1)] Detected input communication sentinel accumulator start-end pair with latency 4930ns (986 clock cycles) and accumulated latency 12180ns (2436 clock cycles)
# [TB][mhartid 3 - Tile (1, 1)] Detected finish (record) input communication sentinel accumulator instruction in WB stage at time 104670ns
# [TB][mhartid 3 - Tile (1, 1)] Detected input communication sentinel accumulator start-end pair with latency 4930ns (986 clock cycles) and accumulated latency 12180ns (2436 clock cycles)
# [TB][mhartid 1 - Tile (0, 1)] detected sync sentinel start instruction in WB stage at time 104675ns (104675ns)
# [TB][mhartid 3 - Tile (1, 1)] detected sync sentinel start instruction in WB stage at time 104675ns (104675ns)
# [TB][mhartid 0 - Tile (0, 0)] detected sync sentinel end instruction in WB stage at time 105165ns (105165ns)
# [TB][mhartid 1 - Tile (0, 1)] detected sync sentinel end instruction in WB stage at time 105165ns (105165ns)
# [TB][mhartid 2 - Tile (1, 0)] detected sync sentinel end instruction in WB stage at time 105165ns (105165ns)
# [TB][mhartid 3 - Tile (1, 1)] detected sync sentinel end instruction in WB stage at time 105165ns (105165ns)
# [TB][SYNC PERF][GLOBAL] detected completed synchronization in EX stage. Synchronization time 485ns (97 clock cycles)
# [TB][SYNC PERF][ROW] detected completed synchronization in EX stage. Synchronization time 485ns (97 clock cycles)
# [TB][SYNC PERF][COLUMN] detected completed synchronization in EX stage. Synchronization time 21540ns (4308 clock cycles)
# [TB][SYNC PERF][HNBR] detected completed synchronization in EX stage. Synchronization time 485ns (97 clock cycles)
# [TB][SYNC PERF][VNBR] detected completed synchronization in EX stage. Synchronization time 21540ns (4308 clock cycles)
# [TB][SYNC PERF][HRING] detected completed synchronization in EX stage. Synchronization time 485ns (97 clock cycles)
# [TB][SYNC PERF][VRING] detected completed synchronization in EX stage. Synchronization time 21540ns (4308 clock cycles)
# [TB][mhartid 1 - Tile (0, 1)] detected sync sentinel start instruction in WB stage at time 105875ns (105875ns)
# [TB][mhartid 3 - Tile (1, 1)] detected sync sentinel start instruction in WB stage at time 105875ns (105875ns)
# [TB][mhartid 0 - Tile (0, 0)] Detected start input communication sentinel accumulator instruction in WB stage at time 106750ns
# [TB][mhartid 2 - Tile (1, 0)] Detected start input communication sentinel accumulator instruction in WB stage at time 106750ns
# [TB][mhartid 0 - Tile (0, 0)] Detected finish (record) input communication sentinel accumulator instruction in WB stage at time 112145ns
# [TB][mhartid 0 - Tile (0, 0)] Detected input communication sentinel accumulator start-end pair with latency 5390ns (1078 clock cycles) and accumulated latency 14350ns (2870 clock cycles)
# [TB][mhartid 2 - Tile (1, 0)] Detected finish (record) input communication sentinel accumulator instruction in WB stage at time 112145ns
# [TB][mhartid 2 - Tile (1, 0)] Detected input communication sentinel accumulator start-end pair with latency 5390ns (1078 clock cycles) and accumulated latency 14350ns (2870 clock cycles)
# [TB][mhartid 0 - Tile (0, 0)] Detected start computation sentinel accumulator instruction in WB stage at time 112715ns
# [TB][mhartid 2 - Tile (1, 0)] Detected start computation sentinel accumulator instruction in WB stage at time 112715ns
# [TB][mhartid 0 - Tile (0, 0)] Detected start input communication sentinel accumulator instruction in WB stage at time 112900ns
# [TB][mhartid 2 - Tile (1, 0)] Detected start input communication sentinel accumulator instruction in WB stage at time 112900ns
# [TB][mhartid 0 - Tile (0, 0)] Detected finish (record) computation sentinel accumulator instruction in WB stage at time 113950ns
# [TB][mhartid 0 - Tile (0, 0)] Detected computation sentinel accumulator start-end pair with latency 1230ns (246 clock cycles) and accumulated latency 1230ns (246 clock cycles)
# [TB][mhartid 2 - Tile (1, 0)] Detected finish (record) computation sentinel accumulator instruction in WB stage at time 113950ns
# [TB][mhartid 2 - Tile (1, 0)] Detected computation sentinel accumulator start-end pair with latency 1230ns (246 clock cycles) and accumulated latency 1230ns (246 clock cycles)
# [TB][mhartid 0 - Tile (0, 0)] Detected finish (record) input communication sentinel accumulator instruction in WB stage at time 116480ns
# [TB][mhartid 0 - Tile (0, 0)] Detected input communication sentinel accumulator start-end pair with latency 3575ns (715 clock cycles) and accumulated latency 17925ns (3585 clock cycles)
# [TB][mhartid 2 - Tile (1, 0)] Detected finish (record) input communication sentinel accumulator instruction in WB stage at time 116480ns
# [TB][mhartid 2 - Tile (1, 0)] Detected input communication sentinel accumulator start-end pair with latency 3575ns (715 clock cycles) and accumulated latency 17925ns (3585 clock cycles)
# [TB][mhartid 0 - Tile (0, 0)] detected sync sentinel start instruction in WB stage at time 116655ns (116655ns)
# [TB][mhartid 2 - Tile (1, 0)] detected sync sentinel start instruction in WB stage at time 116655ns (116655ns)
# [TB][mhartid 0 - Tile (0, 0)] detected sync sentinel end instruction in WB stage at time 116885ns (116885ns)
# [TB][mhartid 1 - Tile (0, 1)] detected sync sentinel end instruction in WB stage at time 116885ns (116885ns)
# [TB][mhartid 2 - Tile (1, 0)] detected sync sentinel end instruction in WB stage at time 116885ns (116885ns)
# [TB][mhartid 3 - Tile (1, 1)] detected sync sentinel end instruction in WB stage at time 116885ns (116885ns)
# [TB][SYNC PERF][GLOBAL] detected completed synchronization in EX stage. Synchronization time 225ns (45 clock cycles)
# [TB][SYNC PERF][ROW] detected completed synchronization in EX stage. Synchronization time 225ns (45 clock cycles)
# [TB][SYNC PERF][COLUMN] detected completed synchronization in EX stage. Synchronization time 11005ns (2201 clock cycles)
# [TB][SYNC PERF][HNBR] detected completed synchronization in EX stage. Synchronization time 225ns (45 clock cycles)
# [TB][SYNC PERF][VNBR] detected completed synchronization in EX stage. Synchronization time 11005ns (2201 clock cycles)
# [TB][SYNC PERF][HRING] detected completed synchronization in EX stage. Synchronization time 225ns (45 clock cycles)
# [TB][SYNC PERF][VRING] detected completed synchronization in EX stage. Synchronization time 11005ns (2201 clock cycles)
# [TB][mhartid 1 - Tile (0, 1)] detected sync sentinel start instruction in WB stage at time 117030ns (117030ns)
# [TB][mhartid 3 - Tile (1, 1)] detected sync sentinel start instruction in WB stage at time 117030ns (117030ns)
# [TB][mhartid 0 - Tile (0, 0)] Detected start input communication sentinel accumulator instruction in WB stage at time 117625ns
# [TB][mhartid 2 - Tile (1, 0)] Detected start input communication sentinel accumulator instruction in WB stage at time 117625ns
# [TB][mhartid 0 - Tile (0, 0)] Detected finish (record) input communication sentinel accumulator instruction in WB stage at time 122945ns
# [TB][mhartid 0 - Tile (0, 0)] Detected input communication sentinel accumulator start-end pair with latency 5315ns (1063 clock cycles) and accumulated latency 23240ns (4648 clock cycles)
# [TB][mhartid 2 - Tile (1, 0)] Detected finish (record) input communication sentinel accumulator instruction in WB stage at time 122945ns
# [TB][mhartid 2 - Tile (1, 0)] Detected input communication sentinel accumulator start-end pair with latency 5315ns (1063 clock cycles) and accumulated latency 23240ns (4648 clock cycles)
# [TB][mhartid 0 - Tile (0, 0)] Detected start computation sentinel accumulator instruction in WB stage at time 123660ns
# [TB][mhartid 2 - Tile (1, 0)] Detected start computation sentinel accumulator instruction in WB stage at time 123660ns
# [TB][mhartid 0 - Tile (0, 0)] Detected start output (result) communication sentinel accumulator instruction in WB stage at time 123845ns
# [TB][mhartid 2 - Tile (1, 0)] Detected start output (result) communication sentinel accumulator instruction in WB stage at time 123845ns
# [TB][mhartid 0 - Tile (0, 0)] Detected finish (record) computation sentinel accumulator instruction in WB stage at time 124910ns
# [TB][mhartid 0 - Tile (0, 0)] Detected computation sentinel accumulator start-end pair with latency 1245ns (249 clock cycles) and accumulated latency 2475ns (495 clock cycles)
# [TB][mhartid 2 - Tile (1, 0)] Detected finish (record) computation sentinel accumulator instruction in WB stage at time 124910ns
# [TB][mhartid 2 - Tile (1, 0)] Detected computation sentinel accumulator start-end pair with latency 1245ns (249 clock cycles) and accumulated latency 2475ns (495 clock cycles)
# [TB][mhartid 0 - Tile (0, 0)] Detected finish (record) output (result) communication sentinel accumulator instruction in WB stage at time 129725ns
# [TB][mhartid 0 - Tile (0, 0)] Detected output (result) communication sentinel accumulator start-end pair with latency 5875ns (1175 clock cycles) and accumulated latency 5875ns (1175 clock cycles)
# [TB][mhartid 2 - Tile (1, 0)] Detected finish (record) output (result) communication sentinel accumulator instruction in WB stage at time 129725ns
# [TB][mhartid 2 - Tile (1, 0)] Detected output (result) communication sentinel accumulator start-end pair with latency 5875ns (1175 clock cycles) and accumulated latency 5875ns (1175 clock cycles)
# [TB][mhartid 0 - Tile (0, 0)] detected sync sentinel start instruction in WB stage at time 129780ns (129780ns)
# [TB][mhartid 2 - Tile (1, 0)] detected sync sentinel start instruction in WB stage at time 129780ns (129780ns)
# [TB][mhartid 0 - Tile (0, 0)] detected sync sentinel end instruction in WB stage at time 129950ns (129950ns)
# [TB][mhartid 1 - Tile (0, 1)] detected sync sentinel end instruction in WB stage at time 129950ns (129950ns)
# [TB][mhartid 2 - Tile (1, 0)] detected sync sentinel end instruction in WB stage at time 129950ns (129950ns)
# [TB][mhartid 3 - Tile (1, 1)] detected sync sentinel end instruction in WB stage at time 129950ns (129950ns)
# [TB][SYNC PERF][GLOBAL] detected completed synchronization in EX stage. Synchronization time 165ns (33 clock cycles)
# [TB][SYNC PERF][ROW] detected completed synchronization in EX stage. Synchronization time 165ns (33 clock cycles)
# [TB][SYNC PERF][COLUMN] detected completed synchronization in EX stage. Synchronization time 12915ns (2583 clock cycles)
# [TB][SYNC PERF][HNBR] detected completed synchronization in EX stage. Synchronization time 165ns (33 clock cycles)
# [TB][SYNC PERF][VNBR] detected completed synchronization in EX stage. Synchronization time 12915ns (2583 clock cycles)
# [TB][SYNC PERF][HRING] detected completed synchronization in EX stage. Synchronization time 165ns (33 clock cycles)
# [TB][SYNC PERF][VRING] detected completed synchronization in EX stage. Synchronization time 12915ns (2583 clock cycles)
# [TB][mhartid 0 - Tile (0, 0)] Detected start output (result) communication sentinel accumulator instruction in WB stage at time 130760ns
# [TB][mhartid 2 - Tile (1, 0)] Detected start output (result) communication sentinel accumulator instruction in WB stage at time 130760ns
# [TB][mhartid 1 - Tile (0, 1)] Detected start computation sentinel accumulator instruction in WB stage at time 131490ns
# [TB][mhartid 3 - Tile (1, 1)] Detected start computation sentinel accumulator instruction in WB stage at time 131490ns
# [TB][mhartid 1 - Tile (0, 1)] Detected start input communication sentinel accumulator instruction in WB stage at time 131715ns
# [TB][mhartid 3 - Tile (1, 1)] Detected start input communication sentinel accumulator instruction in WB stage at time 131715ns
# [TB][mhartid 1 - Tile (0, 1)] Detected finish (record) computation sentinel accumulator instruction in WB stage at time 132790ns
# [TB][mhartid 1 - Tile (0, 1)] Detected computation sentinel accumulator start-end pair with latency 1295ns (259 clock cycles) and accumulated latency 1295ns (259 clock cycles)
# [TB][mhartid 3 - Tile (1, 1)] Detected finish (record) computation sentinel accumulator instruction in WB stage at time 132790ns
# [TB][mhartid 3 - Tile (1, 1)] Detected computation sentinel accumulator start-end pair with latency 1295ns (259 clock cycles) and accumulated latency 1295ns (259 clock cycles)
# [TB][mhartid 1 - Tile (0, 1)] Detected finish (record) input communication sentinel accumulator instruction in WB stage at time 136580ns
# [TB][mhartid 1 - Tile (0, 1)] Detected input communication sentinel accumulator start-end pair with latency 4860ns (972 clock cycles) and accumulated latency 17040ns (3408 clock cycles)
# [TB][mhartid 3 - Tile (1, 1)] Detected finish (record) input communication sentinel accumulator instruction in WB stage at time 136580ns
# [TB][mhartid 3 - Tile (1, 1)] Detected input communication sentinel accumulator start-end pair with latency 4860ns (972 clock cycles) and accumulated latency 17040ns (3408 clock cycles)
# [TB][mhartid 0 - Tile (0, 0)] Detected finish (record) output (result) communication sentinel accumulator instruction in WB stage at time 136680ns
# [TB][mhartid 0 - Tile (0, 0)] Detected output (result) communication sentinel accumulator start-end pair with latency 5915ns (1183 clock cycles) and accumulated latency 11790ns (2358 clock cycles)
# [TB][mhartid 2 - Tile (1, 0)] Detected finish (record) output (result) communication sentinel accumulator instruction in WB stage at time 136680ns
# [TB][mhartid 2 - Tile (1, 0)] Detected output (result) communication sentinel accumulator start-end pair with latency 5915ns (1183 clock cycles) and accumulated latency 11790ns (2358 clock cycles)
# [TB][mhartid 1 - Tile (0, 1)] detected sync sentinel start instruction in WB stage at time 136700ns (136700ns)
# [TB][mhartid 3 - Tile (1, 1)] detected sync sentinel start instruction in WB stage at time 136700ns (136700ns)
# [TB][mhartid 0 - Tile (0, 0)] detected sync sentinel start instruction in WB stage at time 136705ns (136705ns)
# [TB][mhartid 2 - Tile (1, 0)] detected sync sentinel start instruction in WB stage at time 136705ns (136705ns)
# [TB][mhartid 0 - Tile (0, 0)] detected sync sentinel end instruction in WB stage at time 136815ns (136815ns)
# [TB][mhartid 1 - Tile (0, 1)] detected sync sentinel end instruction in WB stage at time 136815ns (136815ns)
# [TB][mhartid 2 - Tile (1, 0)] detected sync sentinel end instruction in WB stage at time 136815ns (136815ns)
# [TB][mhartid 3 - Tile (1, 1)] detected sync sentinel end instruction in WB stage at time 136815ns (136815ns)
# [TB][SYNC PERF][GLOBAL] detected completed synchronization in EX stage. Synchronization time 105ns (21 clock cycles)
# [TB][SYNC PERF][ROW] detected completed synchronization in EX stage. Synchronization time 105ns (21 clock cycles)
# [TB][SYNC PERF][COLUMN] detected completed synchronization in EX stage. Synchronization time 110ns (22 clock cycles)
# [TB][SYNC PERF][HNBR] detected completed synchronization in EX stage. Synchronization time 105ns (21 clock cycles)
# [TB][SYNC PERF][VNBR] detected completed synchronization in EX stage. Synchronization time 110ns (22 clock cycles)
# [TB][SYNC PERF][HRING] detected completed synchronization in EX stage. Synchronization time 105ns (21 clock cycles)
# [TB][SYNC PERF][VRING] detected completed synchronization in EX stage. Synchronization time 110ns (22 clock cycles)
# [TB][mhartid 0 - Tile (0, 0)] detected sync sentinel start instruction in WB stage at time 136860ns (136860ns)
# [TB][mhartid 2 - Tile (1, 0)] detected sync sentinel start instruction in WB stage at time 136860ns (136860ns)
# [TB][mhartid 1 - Tile (0, 1)] Detected start computation sentinel accumulator instruction in WB stage at time 138230ns
# [TB][mhartid 3 - Tile (1, 1)] Detected start computation sentinel accumulator instruction in WB stage at time 138230ns
# [TB][mhartid 1 - Tile (0, 1)] Detected start output (result) communication sentinel accumulator instruction in WB stage at time 138455ns
# [TB][mhartid 3 - Tile (1, 1)] Detected start output (result) communication sentinel accumulator instruction in WB stage at time 138455ns
# [TB][mhartid 1 - Tile (0, 1)] Detected finish (record) computation sentinel accumulator instruction in WB stage at time 139510ns
# [TB][mhartid 1 - Tile (0, 1)] Detected computation sentinel accumulator start-end pair with latency 1275ns (255 clock cycles) and accumulated latency 2570ns (514 clock cycles)
# [TB][mhartid 3 - Tile (1, 1)] Detected finish (record) computation sentinel accumulator instruction in WB stage at time 139510ns
# [TB][mhartid 3 - Tile (1, 1)] Detected computation sentinel accumulator start-end pair with latency 1275ns (255 clock cycles) and accumulated latency 2570ns (514 clock cycles)
# [TB][mhartid 1 - Tile (0, 1)] Detected finish (record) output (result) communication sentinel accumulator instruction in WB stage at time 141620ns
# [TB][mhartid 1 - Tile (0, 1)] Detected output (result) communication sentinel accumulator start-end pair with latency 3160ns (632 clock cycles) and accumulated latency 3160ns (632 clock cycles)
# [TB][mhartid 3 - Tile (1, 1)] Detected finish (record) output (result) communication sentinel accumulator instruction in WB stage at time 141620ns
# [TB][mhartid 3 - Tile (1, 1)] Detected output (result) communication sentinel accumulator start-end pair with latency 3160ns (632 clock cycles) and accumulated latency 3160ns (632 clock cycles)
# [TB][mhartid 1 - Tile (0, 1)] detected sync sentinel start instruction in WB stage at time 141645ns (141645ns)
# [TB][mhartid 3 - Tile (1, 1)] detected sync sentinel start instruction in WB stage at time 141645ns (141645ns)
# [TB][mhartid 0 - Tile (0, 0)] detected sync sentinel end instruction in WB stage at time 141770ns (141770ns)
# [TB][mhartid 1 - Tile (0, 1)] detected sync sentinel end instruction in WB stage at time 141770ns (141770ns)
# [TB][mhartid 2 - Tile (1, 0)] detected sync sentinel end instruction in WB stage at time 141770ns (141770ns)
# [TB][mhartid 3 - Tile (1, 1)] detected sync sentinel end instruction in WB stage at time 141770ns (141770ns)
# [TB][SYNC PERF][GLOBAL] detected completed synchronization in EX stage. Synchronization time 120ns (24 clock cycles)
# [TB][SYNC PERF][ROW] detected completed synchronization in EX stage. Synchronization time 120ns (24 clock cycles)
# [TB][SYNC PERF][COLUMN] detected completed synchronization in EX stage. Synchronization time 4905ns (981 clock cycles)
# [TB][SYNC PERF][HNBR] detected completed synchronization in EX stage. Synchronization time 120ns (24 clock cycles)
# [TB][SYNC PERF][VNBR] detected completed synchronization in EX stage. Synchronization time 4905ns (981 clock cycles)
# [TB][SYNC PERF][HRING] detected completed synchronization in EX stage. Synchronization time 120ns (24 clock cycles)
# [TB][SYNC PERF][VRING] detected completed synchronization in EX stage. Synchronization time 4905ns (981 clock cycles)
# [TB][mhartid 0 - Tile (0, 0)] detected sync sentinel start instruction in WB stage at time 141815ns (141815ns)
# [TB][mhartid 2 - Tile (1, 0)] detected sync sentinel start instruction in WB stage at time 141815ns (141815ns)
# [TB][mhartid 1 - Tile (0, 1)] Detected start output (result) communication sentinel accumulator instruction in WB stage at time 142390ns
# [TB][mhartid 3 - Tile (1, 1)] Detected start output (result) communication sentinel accumulator instruction in WB stage at time 142390ns
# [TB][mhartid 1 - Tile (0, 1)] Detected finish (record) output (result) communication sentinel accumulator instruction in WB stage at time 145550ns
# [TB][mhartid 1 - Tile (0, 1)] Detected output (result) communication sentinel accumulator start-end pair with latency 3155ns (631 clock cycles) and accumulated latency 6315ns (1263 clock cycles)
# [TB][mhartid 3 - Tile (1, 1)] Detected finish (record) output (result) communication sentinel accumulator instruction in WB stage at time 145550ns
# [TB][mhartid 3 - Tile (1, 1)] Detected output (result) communication sentinel accumulator start-end pair with latency 3155ns (631 clock cycles) and accumulated latency 6315ns (1263 clock cycles)
# [TB][mhartid 1 - Tile (0, 1)] detected sync sentinel start instruction in WB stage at time 145575ns (145575ns)
# [TB][mhartid 3 - Tile (1, 1)] detected sync sentinel start instruction in WB stage at time 145575ns (145575ns)
# [TB][mhartid 0 - Tile (0, 0)] detected sync sentinel end instruction in WB stage at time 145685ns (145685ns)
# [TB][mhartid 1 - Tile (0, 1)] detected sync sentinel end instruction in WB stage at time 145685ns (145685ns)
# [TB][mhartid 2 - Tile (1, 0)] detected sync sentinel end instruction in WB stage at time 145685ns (145685ns)
# [TB][mhartid 3 - Tile (1, 1)] detected sync sentinel end instruction in WB stage at time 145685ns (145685ns)
# [TB][SYNC PERF][GLOBAL] detected completed synchronization in EX stage. Synchronization time 105ns (21 clock cycles)
# [TB][SYNC PERF][ROW] detected completed synchronization in EX stage. Synchronization time 105ns (21 clock cycles)
# [TB][SYNC PERF][COLUMN] detected completed synchronization in EX stage. Synchronization time 3865ns (773 clock cycles)
# [TB][SYNC PERF][HNBR] detected completed synchronization in EX stage. Synchronization time 105ns (21 clock cycles)
# [TB][SYNC PERF][VNBR] detected completed synchronization in EX stage. Synchronization time 3865ns (773 clock cycles)
# [TB][SYNC PERF][HRING] detected completed synchronization in EX stage. Synchronization time 105ns (21 clock cycles)
# [TB][SYNC PERF][VRING] detected completed synchronization in EX stage. Synchronization time 3865ns (773 clock cycles)
# [TB][mhartid 0 - Tile (0, 0)] Detected sentinel end instruction in WB stage at time 145700ns
# [TB][mhartid 0 - Tile (0, 0)] Detected sentinel start-end pair with latency 71745ns (14349 clock cycles)
# [TB][mhartid 1 - Tile (0, 1)] Detected sentinel end instruction in WB stage at time 145700ns
# [TB][mhartid 1 - Tile (0, 1)] Detected sentinel start-end pair with latency 54040ns (10808 clock cycles)
# [TB][mhartid 2 - Tile (1, 0)] Detected sentinel end instruction in WB stage at time 145700ns
# [TB][mhartid 2 - Tile (1, 0)] Detected sentinel start-end pair with latency 71745ns (14349 clock cycles)
# [TB][mhartid 3 - Tile (1, 1)] Detected sentinel end instruction in WB stage at time 145700ns
# [TB][mhartid 3 - Tile (1, 1)] Detected sentinel start-end pair with latency 54040ns (10808 clock cycles)
# [TB][PERF][mhartid 0 - Tile (0, 0)] Input communication sentinel accumulator state: 23240ns (4648 clock cycles)
# [TB][PERF][mhartid 1 - Tile (0, 1)] Input communication sentinel accumulator state: 17040ns (3408 clock cycles)
# [TB][PERF][mhartid 2 - Tile (1, 0)] Input communication sentinel accumulator state: 23240ns (4648 clock cycles)
# [TB][PERF][mhartid 3 - Tile (1, 1)] Input communication sentinel accumulator state: 17040ns (3408 clock cycles)
# [TB][PERF][mhartid 0 - Tile (0, 0)] Output (result) communication sentinel accumulator state: 11790ns (2358 clock cycles)
# [TB][PERF][mhartid 1 - Tile (0, 1)] Output (result) communication sentinel accumulator state: 6315ns (1263 clock cycles)
# [TB][PERF][mhartid 2 - Tile (1, 0)] Output (result) communication sentinel accumulator state: 11790ns (2358 clock cycles)
# [TB][PERF][mhartid 3 - Tile (1, 1)] Output (result) communication sentinel accumulator state: 6315ns (1263 clock cycles)
# [TB][PERF][mhartid 0 - Tile (0, 0)] Computation sentinel accumulator state: 2475ns (495 clock cycles)
# [TB][PERF][mhartid 1 - Tile (0, 1)] Computation sentinel accumulator state: 2570ns (514 clock cycles)
# [TB][PERF][mhartid 2 - Tile (1, 0)] Computation sentinel accumulator state: 2475ns (495 clock cycles)
# [TB][PERF][mhartid 3 - Tile (1, 1)] Computation sentinel accumulator state: 2570ns (514 clock cycles)
# [TB][SYNC PERF][mhartid 0 - Tile (0, 0)] Synchronization pattern sentinel accumulator states after 6 iterations:
#           	GLOBAL: 1205ns (241 clock cycles)
#           	ROW:    1205ns (241 clock cycles)
#           	COLUMN: 54340ns (10868 clock cycles)
#           	HNBR:   1205ns (241 clock cycles)
#           	VNBR:   54340ns (10868 clock cycles)
#           	HRING:  1205ns (241 clock cycles)
#           	VRING:  54340ns (10868 clock cycles)
# [TB][PERF][mhartid 0 - Tile (0, 0)] Global maximul performance overheads:
#           	Input communication:          23240ns (4648 clock cycles)
#           	Outpu (result) communication: 11790ns (2358 clock cycles)
#           	Computation:                  2570ns (514 clock cycles)
#           	Total (CMI+CMO+CMP):          37505ns (7501 clock cycles)
# [mhartid 3] Number of errors: 0
# [mhartid 1] Number of errors: 0
# SIMULATION FINISHED WITH EXIT CODE: 0
# 
# End time: 16:50:59 on Oct 08,2025, Elapsed time: 0:00:38
# Errors: 0, Warnings: 4
make[1]: Leaving directory `/scratch/visachi/magia_sdk/profiling/MAGIA'
