Magia is available at https://github.com/pulp-platform/MAGIA.git
please run "source setup_env.sh" in the magia folder before running this script
and make sure the risc-v objdump binary is visible on path using "which riscv32-unknown-elf-objdump".
mkdir -p ../sw/tests/test_mm_ws_2 && cd ../sw/tests/test_mm_ws_2 && mkdir -p build
cp ./build/bin/test_mm_ws_2 ../sw/tests/test_mm_ws_2/build/verif
objcopy --srec-len 1 --output-target=srec ../sw/tests/test_mm_ws_2/build/verif ../sw/tests/test_mm_ws_2/build/verif.s19
scripts/parse_s19.pl ../sw/tests/test_mm_ws_2/build/verif.s19 > ../sw/tests/test_mm_ws_2/build/verif.txt
python3 scripts/s19tomem.py ../sw/tests/test_mm_ws_2/build/verif.txt ../sw/tests/test_mm_ws_2/build/stim_instr.txt ../sw/tests/test_mm_ws_2/build/stim_data.txt	
cd ../sw/tests/test_mm_ws_2													&& \
cp -sf ../../../sim/modelsim.ini modelsim.ini    				&& \
ln -sfn ../../../sim/work work         			
riscv32-unknown-elf-objdump -d -S ../sw/tests/test_mm_ws_2/build/verif > ../sw/tests/test_mm_ws_2/build/verif.dump
riscv32-unknown-elf-objdump -d -l -s ../sw/tests/test_mm_ws_2/build/verif > ../sw/tests/test_mm_ws_2/build/verif.objdump
python3 scripts/objdump2itb.py ../sw/tests/test_mm_ws_2/build/verif.objdump > ../sw/tests/test_mm_ws_2/build/verif.itb
cd /scratch/visachi/magia_profiling/mm_ws/MAGIA 												&& \
make run test=test_mm_ws_2 gui=0 mesh_dv=1
make[1]: Entering directory '/scratch/visachi/magia_profiling/mm_ws/MAGIA'
cd sw/tests &&							\
mkdir -p test_mm_ws_2 &&							\
cd test_mm_ws_2 &&								\
mkdir -p build								
riscv32-unknown-elf-gcc -march=rv32imafc -mabi=ilp32f -D__riscv__ -O3 -g -Wextra -Wall -Wno-unused-parameter -Wno-unused-variable -Wno-unused-function -Wundef -fdata-sections -ffunction-sections -MMD -MP -c sw/kernel/crt0.S -o sw/tests/test_mm_ws_2/build/crt0.o
cd sw/tests/test_mm_ws_2;                                                                		 \
questa-2025.1 vsim -c vopt_tb -t 1ns -suppress 3009 -l transcript -do "run -a"                 \
+INST_HEX=build/stim_instr.txt                                                                    \
+DATA_HEX=build/stim_data.txt                                                                    \
+INST_ENTRY=0xCC000000                                                                    \
+DATA_ENTRY=0xCC010000                                                                    \
+BOOT_ADDR=0xCC000080                                                                      \
 +log_file_0=./core_0_traces.log   +log_file_1=./core_1_traces.log   +log_file_2=./core_2_traces.log   +log_file_3=./core_3_traces.log                                                                                             \
+itb_file=build/verif.itb
Reading pref.tcl

# 2025.1_2

# vsim -c vopt_tb -t 1ns -suppress 3009 -l transcript -do "run -a" "+INST_HEX=build/stim_instr.txt" "+DATA_HEX=build/stim_data.txt" "+INST_ENTRY=0xCC000000" "+DATA_ENTRY=0xCC010000" "+BOOT_ADDR=0xCC000080" "+log_file_0=./core_0_traces.log" "+log_file_1=./core_1_traces.log" "+log_file_2=./core_2_traces.log" "+log_file_3=./core_3_traces.log" "+itb_file=build/verif.itb" 
# Start time: 14:33:32 on Oct 27,2025
# //  Questa Sim-64
# //  Version 2025.1_2 linux_x86_64 Apr  7 2025
# //
# // Unpublished work. Copyright 2025 Siemens
# //
# // This material contains trade secrets or otherwise confidential information
# // owned by Siemens Industry Software Inc. or its affiliates (collectively,
# // "SISW"), or its licensors. Access to and use of this information is strictly
# // limited as set forth in the Customer's applicable agreements with SISW.
# //
# // This material may not be copied, distributed, or otherwise disclosed outside
# // of the Customer's facilities without the express written permission of SISW,
# // and may not be used in any way not expressly authorized by SISW.
# //
# Loading sv_std.std
# Loading work.axi_pkg(fast)
# Loading work.magia_pkg(fast)
# Loading work.magia_tb_pkg(fast)
# Loading work.magia_tb(fast)
# Loading work.floo_pkg(fast)
# Loading work.floo_axi_nw_mesh_32x32_noc_pkg(fast)
# Loading work.floo_axi_nw_mesh_16x16_noc_pkg(fast)
# Loading work.floo_axi_nw_mesh_8x8_noc_pkg(fast)
# Loading work.floo_axi_nw_mesh_4x4_noc_pkg(fast)
# Loading work.floo_axi_nw_mesh_2x2_noc_pkg(fast)
# Loading work.idma_pkg(fast)
# Loading work.cf_math_pkg(fast)
# Loading work.obi_pkg(fast)
# Loading work.hwpe_stream_package(fast)
# Loading work.hci_package(fast)
# Loading work.fpnew_pkg(fast)
# Loading work.magia_tile_pkg(fast)
# Loading work.magia_noc_pkg(fast)
# Loading work.magia_tile_tb_pkg(fast)
# Loading work.magia_fixture(fast)
# Loading work.magia(fast)
# Loading work.snitch_icache_pkg(fast)
# Loading work.fpu_ss_pkg(fast)
# Loading work.cv32e40x_pkg(fast)
# Loading work.redmule_pkg(fast)
# Loading work.magia_tile(fast)
# Loading work.data2obi_req(fast)
# Loading work.obi2data_rsp(fast)
# Loading work.obi2hci_req(fast)
# Loading work.hci2obi_rsp(fast)
# Loading work.obi_to_axi(fast)
# Loading work.fifo_v3(fast)
# Loading work.fifo_v3(fast__1)
# Loading work.instr2cache_req(fast)
# Loading work.cache2instr_rsp(fast)
# Loading work.obi2hci_req(fast__1)
# Loading work.hci2obi_rsp(fast__1)
# Loading work.axi_to_obi(fast)
# Loading work.axi_demux_simple(fast)
# Loading work.counter(fast)
# Loading work.delta_counter(fast)
# Loading work.rr_arb_tree(fast)
# Loading work.lzc(fast)
# Loading work.axi_to_detailed_mem_user(fast)
# Loading work.stream_mux(fast)
# Loading work.stream_fork(fast)
# Loading work.stream_fifo(fast)
# Loading work.fifo_v3(fast__2)
# Loading work.stream_fifo(fast__1)
# Loading work.fifo_v3(fast__3)
# Loading work.stream_to_mem(fast)
# Loading work.stream_fifo(fast__2)
# Loading work.fifo_v3(fast__4)
# Loading work.mem_to_banks_detailed(fast)
# Loading work.stream_fifo(fast__3)
# Loading work.fifo_v3(fast__5)
# Loading work.fifo_v3(fast__6)
# Loading work.stream_fifo(fast__4)
# Loading work.fifo_v3(fast__7)
# Loading work.stream_join(fast)
# Loading work.stream_join_dynamic(fast)
# Loading work.stream_fork_dynamic(fast)
# Loading work.stream_fork(fast__1)
# Loading work.axi_to_detailed_mem_user(fast__1)
# Loading work.stream_mux(fast__1)
# Loading work.stream_fifo(fast__5)
# Loading work.fifo_v3(fast__8)
# Loading work.stream_to_mem(fast__1)
# Loading work.stream_fifo(fast__6)
# Loading work.fifo_v3(fast__9)
# Loading work.mem_to_banks_detailed(fast__1)
# Loading work.stream_fifo(fast__7)
# Loading work.fifo_v3(fast__10)
# Loading work.obi_mux(fast)
# Loading work.rr_arb_tree(fast__1)
# Loading work.fifo_v3(fast__11)
# Loading work.axi_to_obi(fast__1)
# Loading work.axi_demux_simple(fast__1)
# Loading work.axi_to_detailed_mem_user(fast__2)
# Loading work.stream_mux(fast__2)
# Loading work.stream_fifo(fast__8)
# Loading work.fifo_v3(fast__12)
# Loading work.stream_to_mem(fast__2)
# Loading work.stream_fifo(fast__9)
# Loading work.fifo_v3(fast__13)
# Loading work.mem_to_banks_detailed(fast__2)
# Loading work.stream_fifo(fast__10)
# Loading work.fifo_v3(fast__14)
# Loading work.stream_fifo(fast__11)
# Loading work.fifo_v3(fast__15)
# Loading work.axi_to_detailed_mem_user(fast__3)
# Loading work.stream_mux(fast__3)
# Loading work.stream_fifo(fast__12)
# Loading work.fifo_v3(fast__16)
# Loading work.stream_to_mem(fast__3)
# Loading work.stream_fifo(fast__13)
# Loading work.fifo_v3(fast__17)
# Loading work.mem_to_banks_detailed(fast__3)
# Loading work.stream_fifo(fast__14)
# Loading work.fifo_v3(fast__18)
# Loading work.obi_mux(fast__1)
# Loading work.rr_arb_tree(fast__2)
# Loading work.tc_clk_gating(fast)
# Loading work.cv32e40x_if_xif(fast__1)
# Loading work.cv32e40x_if_xif(fast__2)
# Loading work.cv32e40x_if_xif(fast__3)
# Loading work.hwpe_ctrl_package(fast)
# Loading work.redmule_top(fast)
# Loading work.hwpe_ctrl_intf_periph(fast__2)
# Loading work.redmule_inst_decoder(fast)
# Loading work.tc_clk_gating(fast__1)
# Loading work.hwpe_stream_intf_stream(fast__1)
# Loading work.hwpe_stream_intf_stream(fast__2)
# Loading work.hwpe_stream_intf_stream(fast__3)
# Loading work.redmule_streamer(fast)
# Loading work.hci_core_intf(fast__5)
# Loading work.hci_core_intf(fast__6)
# Loading work.hci_core_intf(fast__7)
# Loading work.redmule_mux(fast)
# Loading work.hci_core_r_valid_filter(fast)
# Loading work.hci_core_sink(fast)
# Loading work.hwpe_stream_intf_stream(fast__4)
# Loading work.hwpe_stream_intf_stream(fast__5)
# Loading work.hci_core_intf(fast__9)
# Loading work.hwpe_stream_addressgen_v3_sv_unit(fast)
# Loading work.hwpe_stream_addressgen_v3(fast)
# Loading work.hwpe_stream_fifo_sv_unit(fast)
# Loading work.hwpe_stream_fifo(fast)
# Loading work.hci_core_assign(fast)
# Loading work.redmule_castout_sv_unit(fast)
# Loading work.redmule_castout(fast)
# Loading work.fpnew_cast_multi(fast)
# Loading work.fpnew_classifier(fast)
# Loading work.fpnew_classifier(fast__1)
# Loading work.fpnew_classifier(fast__2)
# Loading work.lzc(fast__1)
# Loading work.fpnew_rounding(fast)
# Loading work.hci_core_fifo(fast)
# Loading work.hwpe_stream_intf_stream(fast__6)
# Loading work.hwpe_stream_intf_stream(fast__7)
# Loading work.hwpe_stream_intf_stream(fast__8)
# Loading work.hwpe_stream_intf_stream(fast__9)
# Loading work.hwpe_stream_fifo(fast__1)
# Loading work.hwpe_stream_fifo(fast__2)
# Loading work.hci_core_assign(fast__1)
# Loading work.hci_core_fifo(fast__1)
# Loading work.hwpe_stream_fifo(fast__3)
# Loading work.hwpe_stream_fifo(fast__4)
# Loading work.redmule_castin_sv_unit(fast)
# Loading work.redmule_castin(fast)
# Loading work.hci_core_source(fast)
# Loading work.hwpe_stream_intf_stream(fast__10)
# Loading work.hwpe_stream_intf_stream(fast__11)
# Loading work.hwpe_stream_addressgen_v3(fast__1)
# Loading work.hwpe_stream_fifo(fast__5)
# Loading work.hwpe_stream_intf_stream(fast__12)
# Loading work.hwpe_stream_intf_stream(fast__13)
# Loading work.hwpe_stream_fifo(fast__6)
# Loading work.hwpe_stream_assign_sv_unit(fast)
# Loading work.hwpe_stream_assign(fast)
# Loading work.hwpe_stream_fifo(fast__7)
# Loading work.hwpe_stream_fifo(fast__8)
# Loading work.redmule_x_buffer(fast)
# Loading work.redmule_x_pad_scm(fast)
# Loading work.redmule_x_buffer_scm(fast)
# Loading work.redmule_w_buffer(fast)
# Loading work.redmule_w_buffer_scm(fast)
# Loading work.redmule_z_buffer(fast)
# Loading work.redmule_z_buffer_scm(fast)
# Loading work.redmule_engine(fast)
# Loading work.redmule_row(fast)
# Loading work.redmule_ce(fast)
# Loading work.cluster_clock_gating(fast)
# Loading work.tc_clk_gating(fast__2)
# Loading work.redmule_noncomp(fast)
# Loading work.fpnew_classifier(fast__3)
# Loading work.redmule_fma(fast)
# Loading work.fpnew_classifier(fast__4)
# Loading work.lzc(fast__2)
# Loading work.fpnew_rounding(fast__1)
# Loading work.redmule_noncomp(fast__1)
# Loading work.redmule_memory_scheduler(fast)
# Loading work.redmule_ctrl_sv_unit(fast)
# Loading work.redmule_ctrl(fast)
# Loading work.hwpe_ctrl_intf_periph(fast__3)
# Loading work.hwpe_ctrl_slave(fast)
# Loading work.hwpe_ctrl_regfile(fast)
# Loading work.hwpe_ctrl_regfile_latch_test_wrap(fast)
# Loading work.hwpe_ctrl_regfile_ff(fast)
# Loading work.redmule_tiler(fast)
# Loading work.redmule_scheduler(fast)
# Loading work.cv32e40x_wrapper(fast)
# Loading work.cv32e40x_core_log(fast)
# Loading work.cv32e40x_rvfi_pkg(fast)
# Loading work.cv32e40x_rvfi(fast)
# Loading work.cv32e40x_rvfi_instr_obi(fast)
# Loading work.cv32e40x_rvfi_data_obi(fast)
# Loading work.cv32e40x_rvfi_sim_trace(fast)
# Loading work.cv32e40x_core(fast)
# Loading work.cv32e40x_if_c_obi(fast__1)
# Loading work.cv32e40x_if_c_obi(fast__2)
# Loading work.cv32e40x_sleep_unit(fast)
# Loading work.cv32e40x_clock_gate(fast)
# Loading work.cv32e40x_if_stage(fast)
# Loading work.cv32e40x_prefetch_unit(fast)
# Loading work.cv32e40x_prefetcher(fast)
# Loading work.cv32e40x_alignment_buffer(fast)
# Loading work.cv32e40x_mpu(fast)
# Loading work.cv32e40x_pma(fast)
# Loading work.cv32e40x_instr_obi_interface(fast)
# Loading work.cv32e40x_compressed_decoder(fast)
# Loading work.cv32e40x_sequencer(fast)
# Loading work.cv32e40x_id_stage(fast)
# Loading work.cv32e40x_pc_target(fast)
# Loading work.cv32e40x_decoder(fast)
# Loading work.cv32e40x_i_decoder(fast)
# Loading work.cv32e40x_a_decoder(fast)
# Loading work.cv32e40x_b_decoder(fast)
# Loading work.cv32e40x_m_decoder(fast)
# Loading work.cv32e40x_ex_stage(fast)
# Loading work.cv32e40x_alu(fast)
# Loading work.cv32e40x_ff_one(fast)
# Loading work.cv32e40x_alu_b_cpop(fast)
# Loading work.cv32e40x_div(fast)
# Loading work.cv32e40x_mult(fast)
# Loading work.cv32e40x_load_store_unit(fast)
# Loading work.cv32e40x_wpt(fast)
# Loading work.cv32e40x_mpu(fast__1)
# Loading work.cv32e40x_pma(fast__1)
# Loading work.cv32e40x_align_check(fast)
# Loading work.cv32e40x_lsu_response_filter(fast)
# Loading work.cv32e40x_write_buffer(fast)
# Loading work.cv32e40x_data_obi_interface(fast)
# Loading work.cv32e40x_wb_stage(fast)
# Loading work.cv32e40x_cs_registers(fast)
# Loading work.cv32e40x_csr(fast)
# Loading work.cv32e40x_csr(fast__1)
# Loading work.cv32e40x_csr(fast__2)
# Loading work.cv32e40x_csr(fast__3)
# Loading work.cv32e40x_csr(fast__4)
# Loading work.cv32e40x_csr(fast__5)
# Loading work.cv32e40x_csr(fast__6)
# Loading work.cv32e40x_csr(fast__7)
# Loading work.cv32e40x_debug_triggers(fast)
# Loading work.cv32e40x_csr(fast__8)
# Loading work.cv32e40x_controller(fast)
# Loading work.cv32e40x_controller_fsm(fast)
# Loading work.cv32e40x_controller_bypass(fast)
# Loading work.cv32e40x_int_controller(fast)
# Loading work.cv32e40x_register_file_wrapper(fast)
# Loading work.cv32e40x_register_file(fast)
# Loading work.obi_atop_resolver(fast)
# Loading work.lzc(fast__3)
# Loading work.spill_register(fast)
# Loading work.spill_register_flushable(fast)
# Loading work.fifo_v3(fast__19)
# Loading work.obi_cut(fast)
# Loading work.spill_register(fast__1)
# Loading work.spill_register_flushable(fast__1)
# Loading work.spill_register(fast__2)
# Loading work.spill_register_flushable(fast__2)
# Loading work.obi_xbar(fast)
# Loading work.addr_decode(fast)
# Loading work.addr_decode_dync(fast)
# Loading work.obi_demux(fast)
# Loading work.delta_counter(fast__1)
# Loading work.obi_mux(fast__2)
# Loading work.fifo_v3(fast__20)
# Loading work.local_interconnect(fast)
# Loading work.hci_router(fast)
# Loading work.hci_core_assign(fast__2)
# Loading work.hci_router_reorder(fast)
# Loading work.addr_dec_resp_mux(fast)
# Loading work.hci_arbiter_tree(fast)
# Loading work.hci_core_assign(fast__3)
# Loading work.hci_core_assign(fast__4)
# Loading work.hci_router(fast__1)
# Loading work.hci_core_intf(fast__16)
# Loading work.hci_core_assign(fast__5)
# Loading work.hci_router_reorder(fast__1)
# Loading work.hci_arbiter_tree(fast__1)
# Loading work.hci_arbiter(fast)
# Loading work.hci_arbiter(fast__1)
# Loading work.hci_core_assign(fast__6)
# Loading work.hci_arbiter(fast__2)
# Loading work.hci_router(fast__2)
# Loading work.hci_core_intf(fast__20)
# Loading work.hci_core_assign(fast__7)
# Loading work.hci_router_reorder(fast__2)
# Loading work.hci_arbiter(fast__3)
# Loading work.l1_spm(fast)
# Loading work.tc_sram(fast)
# Loading work.xif_inst_dispatcher(fast)
# Loading work.idma_ctrl(fast)
# Loading work.cv32e40x_if_xif(fast__5)
# Loading work.idma_reg32_3d_reg_pkg(fast)
# Loading work.idma_xif_inst_decoder(fast)
# Loading work.idma_axi_obi_transfer_ch(fast)
# Loading work.idma_reg32_3d(fast)
# Loading work.idma_reg32_3d_reg_top(fast)
# Loading work.prim_subreg(fast)
# Loading work.prim_subreg_arb(fast)
# Loading work.prim_subreg(fast__1)
# Loading work.prim_subreg_arb(fast__1)
# Loading work.prim_subreg(fast__2)
# Loading work.prim_subreg_arb(fast__2)
# Loading work.prim_subreg_ext(fast)
# Loading work.prim_subreg_ext(fast__1)
# Loading work.prim_subreg(fast__3)
# Loading work.prim_subreg_arb(fast__3)
# Loading work.rr_arb_tree(fast__3)
# Loading work.idma_transfer_id_gen(fast)
# Loading work.stream_fifo_optimal_wrap(fast)
# Loading work.stream_fifo(fast__15)
# Loading work.fifo_v3(fast__21)
# Loading work.idma_nd_midend(fast)
# Loading work.idma_nd_counter(fast)
# Loading work.popcount(fast)
# Loading work.idma_backend_r_axi_w_obi(fast)
# Loading work.idma_legalizer_r_axi_w_obi(fast)
# Loading work.idma_legalizer_page_splitter(fast)
# Loading work.stream_fifo_optimal_wrap(fast__1)
# Loading work.stream_fifo(fast__16)
# Loading work.fifo_v3(fast__22)
# Loading work.stream_fifo_optimal_wrap(fast__2)
# Loading work.stream_fifo(fast__17)
# Loading work.fifo_v3(fast__23)
# Loading work.fall_through_register(fast)
# Loading work.fifo_v3(fast__24)
# Loading work.stream_fifo_optimal_wrap(fast__3)
# Loading work.stream_fifo(fast__18)
# Loading work.fifo_v3(fast__25)
# Loading work.idma_transport_layer_r_axi_w_obi(fast)
# Loading work.idma_axi_read(fast)
# Loading work.idma_dataflow_element(fast)
# Loading work.passthrough_stream_fifo(fast)
# Loading work.idma_obi_write(fast)
# Loading work.stream_fifo_optimal_wrap(fast__4)
# Loading work.spill_register_flushable(fast__3)
# Loading work.idma_axi_obi_transfer_ch(fast__1)
# Loading work.idma_backend_r_obi_w_axi(fast)
# Loading work.idma_legalizer_r_obi_w_axi(fast)
# Loading work.stream_fifo_optimal_wrap(fast__5)
# Loading work.stream_fifo(fast__19)
# Loading work.fifo_v3(fast__26)
# Loading work.stream_fifo_optimal_wrap(fast__6)
# Loading work.stream_fifo(fast__20)
# Loading work.fifo_v3(fast__27)
# Loading work.idma_transport_layer_r_obi_w_axi(fast)
# Loading work.idma_obi_read(fast)
# Loading work.idma_axi_write(fast)
# Loading work.fall_through_register(fast__1)
# Loading work.fifo_v3(fast__28)
# Loading work.axi_rw_join(fast)
# Loading work.pulp_icache_wrap(fast)
# Loading work.spill_register(fast__3)
# Loading work.spill_register_flushable(fast__4)
# Loading work.snitch_icache(fast)
# Loading work.riscv_instr_branch(fast)
# Loading work.snitch_icache_l0(fast)
# Loading work.tc_clk_inverter(fast)
# Loading work.plru_tree(fast)
# Loading work.isochronous_spill_register(fast)
# Loading work.isochronous_spill_register(fast__1)
# Loading work.l0_to_bypass(fast)
# Loading work.stream_arbiter(fast)
# Loading work.stream_arbiter_flushable(fast)
# Loading work.rr_arb_tree(fast__4)
# Loading work.fifo_v3(fast__29)
# Loading work.onehot_to_bin(fast)
# Loading work.stream_demux(fast)
# Loading work.isochronous_spill_register(fast__2)
# Loading work.isochronous_spill_register(fast__3)
# Loading work.multi_accept_rr_arb(fast)
# Loading work.rr_arb_tree(fast__5)
# Loading work.snitch_icache_lookup_serial(fast)
# Loading work.register_file_1r_1w(fast)
# Loading work.lzc(fast__4)
# Loading work.tc_sram_impl(fast)
# Loading work.tc_sram(fast__1)
# Loading work.snitch_icache_handler(fast)
# Loading work.onehot_to_bin(fast__1)
# Loading work.stream_arbiter(fast__1)
# Loading work.stream_arbiter_flushable(fast__1)
# Loading work.rr_arb_tree(fast__6)
# Loading work.stream_demux(fast__1)
# Loading work.snitch_icache_refill(fast)
# Loading work.fifo_v3(fast__30)
# Loading work.axi_xbar(fast)
# Loading work.axi_xbar_unmuxed(fast)
# Loading work.addr_decode(fast__1)
# Loading work.addr_decode_dync(fast__1)
# Loading work.axi_demux(fast)
# Loading work.spill_register(fast__4)
# Loading work.spill_register_flushable(fast__5)
# Loading work.spill_register(fast__5)
# Loading work.spill_register_flushable(fast__6)
# Loading work.spill_register(fast__6)
# Loading work.spill_register_flushable(fast__7)
# Loading work.spill_register(fast__7)
# Loading work.spill_register_flushable(fast__8)
# Loading work.spill_register(fast__8)
# Loading work.spill_register_flushable(fast__9)
# Loading work.spill_register(fast__9)
# Loading work.spill_register_flushable(fast__10)
# Loading work.axi_demux_simple(fast__2)
# Loading work.axi_demux_id_counters(fast)
# Loading work.delta_counter(fast__2)
# Loading work.counter(fast__1)
# Loading work.rr_arb_tree(fast__7)
# Loading work.lzc(fast__5)
# Loading work.axi_err_slv(fast)
# Loading work.axi_atop_filter(fast)
# Loading work.stream_register(fast)
# Loading work.fifo_v3(fast__31)
# Loading work.fifo_v3(fast__32)
# Loading work.fifo_v3(fast__33)
# Loading work.counter(fast__2)
# Loading work.delta_counter(fast__3)
# Loading work.axi_multicut(fast)
# Loading work.axi_mux(fast)
# Loading work.axi_id_prepend(fast)
# Loading work.rr_arb_tree(fast__8)
# Loading work.fifo_v3(fast__34)
# Loading work.spill_register(fast__10)
# Loading work.spill_register_flushable(fast__11)
# Loading work.spill_register(fast__11)
# Loading work.spill_register_flushable(fast__12)
# Loading work.rr_arb_tree(fast__9)
# Loading work.spill_register(fast__12)
# Loading work.spill_register_flushable(fast__13)
# Loading work.spill_register(fast__13)
# Loading work.spill_register_flushable(fast__14)
# Loading work.floo_nw_router(fast)
# Loading work.floo_router(fast)
# Loading work.stream_fifo_optimal_wrap(fast__7)
# Loading work.spill_register_flushable(fast__15)
# Loading work.floo_route_select(fast)
# Loading work.floo_wormhole_arbiter(fast)
# Loading work.rr_arb_tree(fast__10)
# Loading work.floo_vc_arbiter(fast)
# Loading work.floo_router(fast__1)
# Loading work.stream_fifo_optimal_wrap(fast__8)
# Loading work.spill_register_flushable(fast__16)
# Loading work.floo_route_select(fast__1)
# Loading work.floo_wormhole_arbiter(fast__1)
# Loading work.floo_vc_arbiter(fast__1)
# Loading work.floo_router(fast__2)
# Loading work.stream_fifo_optimal_wrap(fast__9)
# Loading work.spill_register_flushable(fast__17)
# Loading work.floo_route_select(fast__2)
# Loading work.floo_wormhole_arbiter(fast__2)
# Loading work.floo_vc_arbiter(fast__2)
# Loading work.floo_nw_chimney(fast)
# Loading work.spill_register(fast__14)
# Loading work.spill_register_flushable(fast__18)
# Loading work.spill_register(fast__15)
# Loading work.spill_register_flushable(fast__19)
# Loading work.floo_rob_wrapper(fast)
# Loading work.axi_demux_id_counters(fast__1)
# Loading work.delta_counter(fast__4)
# Loading work.floo_rob_wrapper(fast__1)
# Loading work.axi_demux_id_counters(fast__2)
# Loading work.floo_rob_wrapper(fast__2)
# Loading work.floo_rob_wrapper(fast__3)
# Loading work.floo_route_comp(fast)
# Loading work.addr_decode(fast__2)
# Loading work.addr_decode_dync(fast__2)
# Loading work.floo_wormhole_arbiter(fast__3)
# Loading work.floo_wormhole_arbiter(fast__4)
# Loading work.floo_wormhole_arbiter(fast__5)
# Loading work.floo_meta_buffer(fast)
# Loading work.fifo_v3(fast__35)
# Loading work.lzc(fast__6)
# Loading work.floo_meta_buffer(fast__1)
# Loading work.fifo_v3(fast__36)
# Loading work.axi_rw_split(fast)
# Loading work.fractal_sync_xif_inst_decoder(fast)
# Loading work.fpu_ss_prd_f_pkg(fast)
# Loading work.fpu_ss(fast)
# Loading work.fpu_ss_instr_pkg(fast)
# Loading work.fpu_ss_compressed_predecoder(fast)
# Loading work.fpu_ss_predecoder(fast)
# Loading work.stream_fifo(fast__21)
# Loading work.fifo_v3(fast__37)
# Loading work.fpu_ss_decoder(fast)
# Loading work.stream_fifo(fast__22)
# Loading work.fifo_v3(fast__38)
# Loading work.fpu_ss_csr(fast)
# Loading work.fpu_ss_controller(fast)
# Loading work.fpu_ss_regfile(fast)
# Loading work.fpnew_top(fast)
# Loading work.fpnew_opgroup_block(fast)
# Loading work.fpnew_opgroup_fmt_slice(fast)
# Loading work.fpnew_fma(fast)
# Loading work.fpnew_classifier(fast__5)
# Loading work.lzc(fast__7)
# Loading work.fpnew_rounding(fast__2)
# Loading work.rr_arb_tree(fast__11)
# Loading work.lzc(fast__8)
# Loading work.fpnew_opgroup_block(fast__1)
# Loading work.fpnew_opgroup_multifmt_slice(fast)
# Loading work.fpnew_divsqrt_th_32(fast)
# Loading work.pa_fdsu_top(fast)
# Loading work.pa_fdsu_special(fast)
# Loading work.pa_fdsu_prepare(fast)
# Loading work.pa_fdsu_ff1(fast)
# Loading work.pa_fdsu_srt_single(fast)
# Loading work.gated_clk_cell(fast)
# Loading work.pa_fdsu_round_single(fast)
# Loading work.pa_fdsu_pack_single(fast)
# Loading work.pa_fdsu_ctrl(fast)
# Loading work.pa_fpu_dp(fast)
# Loading work.pa_fpu_src_type(fast)
# Loading work.pa_fpu_frbus(fast)
# Loading work.rr_arb_tree(fast__12)
# Loading work.fpnew_opgroup_block(fast__2)
# Loading work.fpnew_opgroup_fmt_slice(fast__1)
# Loading work.fpnew_noncomp(fast)
# Loading work.fpnew_classifier(fast__6)
# Loading work.rr_arb_tree(fast__13)
# Loading work.fpnew_opgroup_block(fast__3)
# Loading work.fpnew_opgroup_multifmt_slice(fast__1)
# Loading work.fpnew_cast_multi(fast__1)
# Loading work.fpnew_classifier(fast__7)
# Loading work.lzc(fast__9)
# Loading work.fpnew_rounding(fast__3)
# Loading work.rr_arb_tree(fast__14)
# Loading work.fpnew_opgroup_block(fast__4)
# Loading work.rr_arb_tree(fast__15)
# Loading work.rr_arb_tree(fast__16)
# Loading work.lzc(fast__10)
# Loading work.xif_if2struct(fast)
# Loading work.fractal_sync_pkg(fast)
# Loading work.fractal_sync_2x2_pkg(fast)
# Loading work.fractal_sync_2x2(fast)
# Loading work.fractal_sync_2x2_core(fast)
# Loading work.fractal_sync_pipeline(fast)
# Loading work.fractal_sync_1d(fast)
# Loading work.fractal_sync_rx(fast)
# Loading work.fractal_sync_fifo(fast)
# Loading work.fractal_sync_arbiter(fast)
# Loading work.fractal_sync_arbiter_fa(fast)
# Loading work.fractal_sync_tx(fast)
# Loading work.fractal_sync_fifo(fast__1)
# Loading work.fractal_sync_arbiter(fast__1)
# Loading work.fractal_sync_arbiter_fa(fast__1)
# Loading work.fractal_sync_cc(fast)
# Loading work.fractal_sync_1d_rf(fast)
# Loading work.fractal_sync_1d_local_rf(fast)
# Loading work.fractal_sync_mp_rf(fast)
# Loading work.fractal_sync_1d_remote_rf(fast)
# Loading work.fractal_sync_mp_cam_br(fast)
# Loading work.fractal_sync_mp_cam_line(fast)
# Loading work.fractal_sync_1d(fast__1)
# Loading work.fractal_sync_cc(fast__1)
# Loading work.fractal_sync_pipeline(fast__1)
# Loading work.fractal_sync_2d(fast)
# Loading work.fractal_sync_rx(fast__1)
# Loading work.fractal_sync_fifo(fast__2)
# Loading work.fractal_sync_arbiter(fast__2)
# Loading work.fractal_sync_arbiter_fa(fast__2)
# Loading work.fractal_sync_cc(fast__2)
# Loading work.fractal_sync_2d_rf(fast)
# Loading work.fractal_sync_2d_local_rf(fast)
# Loading work.fractal_sync_2d_remote_rf(fast)
# Loading work.magia_vip(fast)
# Loading work.clk_rst_gen(fast)
# Loading work.magia_l2_mem_wrapper(fast)
# Loading work.axi_dw_upsizer(fast)
# Loading work.rr_arb_tree(fast__17)
# Loading work.lzc(fast__11)
# Loading work.rr_arb_tree(fast__18)
# Loading work.rr_arb_tree(fast__19)
# Loading work.axi_err_slv(fast__1)
# Loading work.axi_atop_filter(fast__1)
# Loading work.stream_register(fast__2)
# Loading work.fifo_v3(fast__39)
# Loading work.fifo_v3(fast__40)
# Loading work.fifo_v3(fast__41)
# Loading work.counter(fast__3)
# Loading work.delta_counter(fast__5)
# Loading work.axi_demux(fast__1)
# Loading work.spill_register(fast__16)
# Loading work.spill_register_flushable(fast__20)
# Loading work.spill_register(fast__17)
# Loading work.spill_register_flushable(fast__21)
# Loading work.spill_register(fast__18)
# Loading work.spill_register_flushable(fast__22)
# Loading work.spill_register(fast__19)
# Loading work.spill_register_flushable(fast__23)
# Loading work.spill_register(fast__20)
# Loading work.spill_register_flushable(fast__24)
# Loading work.spill_register(fast__21)
# Loading work.spill_register_flushable(fast__25)
# Loading work.axi_demux_simple(fast__3)
# Loading work.axi_demux_id_counters(fast__3)
# Loading work.delta_counter(fast__6)
# Loading work.counter(fast__4)
# Loading work.rr_arb_tree(fast__20)
# Loading work.onehot_to_bin(fast__2)
# Loading work.floo_nw_chimney(fast__1)
# Loading work.axi_err_slv(fast__2)
# Loading work.axi_atop_filter(fast__2)
# Loading work.stream_register(fast__3)
# Loading work.fifo_v3(fast__42)
# Loading work.fifo_v3(fast__43)
# Loading work.fifo_v3(fast__44)
# Loading work.axi_err_slv(fast__3)
# Loading work.axi_atop_filter(fast__3)
# Loading work.stream_register(fast__4)
# Loading work.fifo_v3(fast__45)
# Loading work.spill_register(fast__22)
# Loading work.spill_register_flushable(fast__26)
# Loading work.spill_register(fast__23)
# Loading work.spill_register_flushable(fast__27)
# Loading work.floo_rob_wrapper(fast__4)
# Loading work.axi_demux_id_counters(fast__4)
# Loading work.delta_counter(fast__7)
# Loading work.floo_rob_wrapper(fast__5)
# Loading work.axi_demux_id_counters(fast__5)
# Loading work.floo_rob_wrapper(fast__6)
# Loading work.floo_rob_wrapper(fast__7)
# Loading work.floo_route_comp(fast__1)
# Loading work.floo_wormhole_arbiter(fast__6)
# Loading work.rr_arb_tree(fast__21)
# Loading work.floo_wormhole_arbiter(fast__7)
# Loading work.rr_arb_tree(fast__22)
# Loading work.floo_wormhole_arbiter(fast__8)
# Loading work.floo_meta_buffer(fast__2)
# Loading work.fifo_v3(fast__46)
# Loading work.floo_meta_buffer(fast__3)
# Loading work.fifo_v3(fast__47)
# Loading work.axi_sim_mem(fast)
# Loading work.fractal_sync_if(fast__1)
# Loading work.fractal_sync_if(fast__2)
# Loading work.stream_register(fast__5)
# Loading work.hci_core_intf(fast__2)
# Loading work.hwpe_ctrl_intf_periph(fast__1)
# Loading work.hci_core_intf(fast__3)
# Loading work.hci_core_intf(fast__4)
# Loading work.stream_register(fast__1)
# Loading work.hci_core_intf(fast__10)
# Loading work.hci_core_intf(fast__11)
# Loading work.hci_core_intf(fast__12)
# Loading work.hci_core_intf(fast__1)
# Loading work.hci_core_intf(fast__15)
# Loading work.hci_core_intf(fast__13)
# Loading work.hci_core_intf(fast__14)
# Loading work.hci_core_intf(fast__17)
# Loading work.hci_core_intf(fast__18)
# Loading work.hci_core_intf(fast__19)
# Loading work.hci_core_intf(fast__8)
# ** Warning: (vsim-3015) [PCDPC] - Port size (2) does not match connection size (3) for port 'rf_re_id_i'. The port definition is at: /scratch/visachi/magia_profiling/mm_ws/MAGIA/.bender/git/checkouts/cv32e40x-ba9ec2421894e746/bhv/cv32e40x_rvfi.sv(58).
#    Time: 0 ns  Iteration: 0  Instance: /magia_tb/fixture/i_magia/gen_y_tile[0]/gen_x_tile[0]/i_magia_tile/i_cv32e40x_core/rvfi_i File: /scratch/visachi/magia_profiling/mm_ws/MAGIA/.bender/git/checkouts/cv32e40x-ba9ec2421894e746/bhv/cv32e40x_wrapper.sv Line: 565
# ** Warning: (vsim-3015) [PCDPC] - Port size (2) does not match connection size (3) for port 'rf_re_id_i'. The port definition is at: /scratch/visachi/magia_profiling/mm_ws/MAGIA/.bender/git/checkouts/cv32e40x-ba9ec2421894e746/bhv/cv32e40x_rvfi.sv(58).
#    Time: 0 ns  Iteration: 0  Instance: /magia_tb/fixture/i_magia/gen_y_tile[0]/gen_x_tile[1]/i_magia_tile/i_cv32e40x_core/rvfi_i File: /scratch/visachi/magia_profiling/mm_ws/MAGIA/.bender/git/checkouts/cv32e40x-ba9ec2421894e746/bhv/cv32e40x_wrapper.sv Line: 565
# ** Warning: (vsim-3015) [PCDPC] - Port size (2) does not match connection size (3) for port 'rf_re_id_i'. The port definition is at: /scratch/visachi/magia_profiling/mm_ws/MAGIA/.bender/git/checkouts/cv32e40x-ba9ec2421894e746/bhv/cv32e40x_rvfi.sv(58).
#    Time: 0 ns  Iteration: 0  Instance: /magia_tb/fixture/i_magia/gen_y_tile[1]/gen_x_tile[0]/i_magia_tile/i_cv32e40x_core/rvfi_i File: /scratch/visachi/magia_profiling/mm_ws/MAGIA/.bender/git/checkouts/cv32e40x-ba9ec2421894e746/bhv/cv32e40x_wrapper.sv Line: 565
# ** Warning: (vsim-3015) [PCDPC] - Port size (2) does not match connection size (3) for port 'rf_re_id_i'. The port definition is at: /scratch/visachi/magia_profiling/mm_ws/MAGIA/.bender/git/checkouts/cv32e40x-ba9ec2421894e746/bhv/cv32e40x_rvfi.sv(58).
#    Time: 0 ns  Iteration: 0  Instance: /magia_tb/fixture/i_magia/gen_y_tile[1]/gen_x_tile[1]/i_magia_tile/i_cv32e40x_core/rvfi_i File: /scratch/visachi/magia_profiling/mm_ws/MAGIA/.bender/git/checkouts/cv32e40x-ba9ec2421894e746/bhv/cv32e40x_wrapper.sv Line: 565
# run -a
# [cv32e40x_core]: RV32                       = RV32I
# [cv32e40x_core]: A_EXT                      = A
# [cv32e40x_core]: B_EXT                      = ZBA_ZBB_ZBC_ZBS
# [cv32e40x_core]: M_EXT                      = M
# [cv32e40x_core]: DEBUG                      = 1
# [cv32e40x_core]: DM_REGION_START            = 0xf0000000
# [cv32e40x_core]: DM_REGION_END              = 0xf0003fff
# [cv32e40x_core]: DBG_NUM_TRIGGERS           = 1
# [cv32e40x_core]: PMA_NUM_REGIONS            = 0 
# [cv32e40x_core]: CLIC                       = 0
# [cv32e40x_core]: CLIC_ID_WIDTH              = 1 
# [cv32e40x_core]: X_EXT                      = 1
# [cv32e40x_core]: X_NUM_RS                   = 3
# [cv32e40x_core]: X_ID_WIDTH                 = 4 
# [cv32e40x_core]: X_MEM_WIDTH                = 32 
# [cv32e40x_core]: X_RFR_WIDTH                = 32
# [cv32e40x_core]: X_RFW_WIDTH                = 32
# [cv32e40x_core]: X_MISA                     = 0x00000020
# [cv32e40x_core]: X_ECS_XS                   = 0
# [cv32e40x_core]: NUM_MHPMCOUNTERS           = 1 
# RISC-V Trace: Using log file path defined by plusarg: log_file_0
# RISC-V Trace: Writing log to: ./core_0_traces.log
# RISC-V Trace: Using itb path defined by plusarg: itb_file
# RISC-V Trace: Loading instruction table file build/verif.itb
# RISC-V Trace: Loaded        2940 instructions.
# [cv32e40x_core]: RV32                       = RV32I
# [cv32e40x_core]: A_EXT                      = A
# [cv32e40x_core]: B_EXT                      = ZBA_ZBB_ZBC_ZBS
# [cv32e40x_core]: M_EXT                      = M
# [cv32e40x_core]: DEBUG                      = 1
# [cv32e40x_core]: DM_REGION_START            = 0xf0000000
# [cv32e40x_core]: DM_REGION_END              = 0xf0003fff
# [cv32e40x_core]: DBG_NUM_TRIGGERS           = 1
# [cv32e40x_core]: PMA_NUM_REGIONS            = 0 
# [cv32e40x_core]: CLIC                       = 0
# [cv32e40x_core]: CLIC_ID_WIDTH              = 1 
# [cv32e40x_core]: X_EXT                      = 1
# [cv32e40x_core]: X_NUM_RS                   = 3
# [cv32e40x_core]: X_ID_WIDTH                 = 4 
# [cv32e40x_core]: X_MEM_WIDTH                = 32 
# [cv32e40x_core]: X_RFR_WIDTH                = 32
# [cv32e40x_core]: X_RFW_WIDTH                = 32
# [cv32e40x_core]: X_MISA                     = 0x00000020
# [cv32e40x_core]: X_ECS_XS                   = 0
# [cv32e40x_core]: NUM_MHPMCOUNTERS           = 1 
# RISC-V Trace: Using log file path defined by plusarg: log_file_1
# RISC-V Trace: Writing log to: ./core_1_traces.log
# RISC-V Trace: Using itb path defined by plusarg: itb_file
# RISC-V Trace: Loading instruction table file build/verif.itb
# RISC-V Trace: Loaded        2940 instructions.
# [cv32e40x_core]: RV32                       = RV32I
# [cv32e40x_core]: A_EXT                      = A
# [cv32e40x_core]: B_EXT                      = ZBA_ZBB_ZBC_ZBS
# [cv32e40x_core]: M_EXT                      = M
# [cv32e40x_core]: DEBUG                      = 1
# [cv32e40x_core]: DM_REGION_START            = 0xf0000000
# [cv32e40x_core]: DM_REGION_END              = 0xf0003fff
# [cv32e40x_core]: DBG_NUM_TRIGGERS           = 1
# [cv32e40x_core]: PMA_NUM_REGIONS            = 0 
# [cv32e40x_core]: CLIC                       = 0
# [cv32e40x_core]: CLIC_ID_WIDTH              = 1 
# [cv32e40x_core]: X_EXT                      = 1
# [cv32e40x_core]: X_NUM_RS                   = 3
# [cv32e40x_core]: X_ID_WIDTH                 = 4 
# [cv32e40x_core]: X_MEM_WIDTH                = 32 
# [cv32e40x_core]: X_RFR_WIDTH                = 32
# [cv32e40x_core]: X_RFW_WIDTH                = 32
# [cv32e40x_core]: X_MISA                     = 0x00000020
# [cv32e40x_core]: X_ECS_XS                   = 0
# [cv32e40x_core]: NUM_MHPMCOUNTERS           = 1 
# RISC-V Trace: Using log file path defined by plusarg: log_file_2
# RISC-V Trace: Writing log to: ./core_2_traces.log
# RISC-V Trace: Using itb path defined by plusarg: itb_file
# RISC-V Trace: Loading instruction table file build/verif.itb
# RISC-V Trace: Loaded        2940 instructions.
# [cv32e40x_core]: RV32                       = RV32I
# [cv32e40x_core]: A_EXT                      = A
# [cv32e40x_core]: B_EXT                      = ZBA_ZBB_ZBC_ZBS
# [cv32e40x_core]: M_EXT                      = M
# [cv32e40x_core]: DEBUG                      = 1
# [cv32e40x_core]: DM_REGION_START            = 0xf0000000
# [cv32e40x_core]: DM_REGION_END              = 0xf0003fff
# [cv32e40x_core]: DBG_NUM_TRIGGERS           = 1
# [cv32e40x_core]: PMA_NUM_REGIONS            = 0 
# [cv32e40x_core]: CLIC                       = 0
# [cv32e40x_core]: CLIC_ID_WIDTH              = 1 
# [cv32e40x_core]: X_EXT                      = 1
# [cv32e40x_core]: X_NUM_RS                   = 3
# [cv32e40x_core]: X_ID_WIDTH                 = 4 
# [cv32e40x_core]: X_MEM_WIDTH                = 32 
# [cv32e40x_core]: X_RFR_WIDTH                = 32
# [cv32e40x_core]: X_RFW_WIDTH                = 32
# [cv32e40x_core]: X_MISA                     = 0x00000020
# [cv32e40x_core]: X_ECS_XS                   = 0
# [cv32e40x_core]: NUM_MHPMCOUNTERS           = 1 
# RISC-V Trace: Using log file path defined by plusarg: log_file_3
# RISC-V Trace: Writing log to: ./core_3_traces.log
# RISC-V Trace: Using itb path defined by plusarg: itb_file
# RISC-V Trace: Loading instruction table file build/verif.itb
# RISC-V Trace: Loaded        2940 instructions.
# [TB][mhartid 0 - Tile (0, 0)] Detected sentinel start instruction in WB stage at time 222230ns
# [TB][mhartid 2 - Tile (1, 0)] Detected sentinel start instruction in WB stage at time 222230ns
# [TB][mhartid 0 - Tile (0, 0)][SYNC_START] Detected start synchronization sentinel accumulator instruction in WB stage at time 223675ns
# [TB][mhartid 2 - Tile (1, 0)][SYNC_START] Detected start synchronization sentinel accumulator instruction in WB stage at time 223675ns
# [TB][mhartid 1 - Tile (0, 1)] Detected sentinel start instruction in WB stage at time 265075ns
# [TB][mhartid 3 - Tile (1, 1)] Detected sentinel start instruction in WB stage at time 265075ns
# [TB][mhartid 1 - Tile (0, 1)][SYNC_START] Detected start synchronization sentinel accumulator instruction in WB stage at time 266765ns
# [TB][mhartid 3 - Tile (1, 1)][SYNC_START] Detected start synchronization sentinel accumulator instruction in WB stage at time 266765ns
# [TB][mhartid 0 - Tile (0, 0)][SYNC_FINISH] Detected finish (record) synchronization sentinel accumulator instruction in WB stage at time 267295ns: start-end pair with latency 43615ns (8723 clock cycles) and accumulated latency 43615ns (8723 clock cycles)
# [TB][mhartid 2 - Tile (1, 0)][SYNC_FINISH] Detected finish (record) synchronization sentinel accumulator instruction in WB stage at time 267295ns: start-end pair with latency 43615ns (8723 clock cycles) and accumulated latency 43615ns (8723 clock cycles)
# [TB][mhartid 0 - Tile (0, 0)] Detected sentinel start instruction in WB stage at time 267300ns
# [TB][mhartid 2 - Tile (1, 0)] Detected sentinel start instruction in WB stage at time 267300ns
# [TB][mhartid 1 - Tile (0, 1)][SYNC_FINISH] Detected finish (record) synchronization sentinel accumulator instruction in WB stage at time 267375ns: start-end pair with latency 605ns (121 clock cycles) and accumulated latency 605ns (121 clock cycles)
# [TB][mhartid 3 - Tile (1, 1)][SYNC_FINISH] Detected finish (record) synchronization sentinel accumulator instruction in WB stage at time 267375ns: start-end pair with latency 605ns (121 clock cycles) and accumulated latency 605ns (121 clock cycles)
# [TB][mhartid 1 - Tile (0, 1)] Detected sentinel start instruction in WB stage at time 267380ns
# [TB][mhartid 3 - Tile (1, 1)] Detected sentinel start instruction in WB stage at time 267380ns
# [TB][mhartid 0 - Tile (0, 0)] Detected sentinel start instruction in WB stage at time 267395ns
# [TB][mhartid 2 - Tile (1, 0)] Detected sentinel start instruction in WB stage at time 267395ns
# [TB][mhartid 1 - Tile (0, 1)] Detected sentinel start instruction in WB stage at time 267495ns
# [TB][mhartid 3 - Tile (1, 1)] Detected sentinel start instruction in WB stage at time 267495ns
# [TB][mhartid 0 - Tile (0, 0)] Detected sentinel end instruction in WB stage at time 269530ns: start-end pair with latency 2130ns (426 clock cycles)
# [TB][mhartid 2 - Tile (1, 0)] Detected sentinel end instruction in WB stage at time 269530ns: start-end pair with latency 2130ns (426 clock cycles)
# [TB][mhartid 0 - Tile (0, 0)][TIMESLOT_START] Detected timeslot sentinel start instruction in WB stage at time 269535ns
# [TB][mhartid 2 - Tile (1, 0)][TIMESLOT_START] Detected timeslot sentinel start instruction in WB stage at time 269535ns
# [TB][mhartid 1 - Tile (0, 1)] Detected sentinel end instruction in WB stage at time 269630ns: start-end pair with latency 2130ns (426 clock cycles)
# [TB][mhartid 3 - Tile (1, 1)] Detected sentinel end instruction in WB stage at time 269630ns: start-end pair with latency 2130ns (426 clock cycles)
# [TB][mhartid 1 - Tile (0, 1)][TIMESLOT_START] Detected timeslot sentinel start instruction in WB stage at time 269635ns
# [TB][mhartid 3 - Tile (1, 1)][TIMESLOT_START] Detected timeslot sentinel start instruction in WB stage at time 269635ns
# [TB][mhartid 0 - Tile (0, 0)][CMI_START] Detected start input communication sentinel accumulator instruction in WB stage at time 270160ns
# [TB][mhartid 2 - Tile (1, 0)][CMI_START] Detected start input communication sentinel accumulator instruction in WB stage at time 270160ns
# [TB][mhartid 1 - Tile (0, 1)][CMI_START] Detected start input communication sentinel accumulator instruction in WB stage at time 270260ns
# [TB][mhartid 3 - Tile (1, 1)][CMI_START] Detected start input communication sentinel accumulator instruction in WB stage at time 270260ns
# [TB][mhartid 0 - Tile (0, 0)][CMI_FINISH] Detected finish (record) input communication sentinel accumulator instruction in WB stage at time 271495ns: start-end pair with latency 1330ns (266 clock cycles) and accumulated latency 1330ns (266 clock cycles)
# [TB][mhartid 2 - Tile (1, 0)][CMI_FINISH] Detected finish (record) input communication sentinel accumulator instruction in WB stage at time 271495ns: start-end pair with latency 1330ns (266 clock cycles) and accumulated latency 1330ns (266 clock cycles)
# [TB][mhartid 0 - Tile (0, 0)][CMI_START] Detected start input communication sentinel accumulator instruction in WB stage at time 271835ns
# [TB][mhartid 2 - Tile (1, 0)][CMI_START] Detected start input communication sentinel accumulator instruction in WB stage at time 271835ns
# [TB][mhartid 1 - Tile (0, 1)][CMI_FINISH] Detected finish (record) input communication sentinel accumulator instruction in WB stage at time 272180ns: start-end pair with latency 1915ns (383 clock cycles) and accumulated latency 1915ns (383 clock cycles)
# [TB][mhartid 3 - Tile (1, 1)][CMI_FINISH] Detected finish (record) input communication sentinel accumulator instruction in WB stage at time 272180ns: start-end pair with latency 1915ns (383 clock cycles) and accumulated latency 1915ns (383 clock cycles)
# [TB][mhartid 1 - Tile (0, 1)][CMI_START] Detected start input communication sentinel accumulator instruction in WB stage at time 272585ns
# [TB][mhartid 3 - Tile (1, 1)][CMI_START] Detected start input communication sentinel accumulator instruction in WB stage at time 272585ns
# [TB][mhartid 0 - Tile (0, 0)][CMI_FINISH] Detected finish (record) input communication sentinel accumulator instruction in WB stage at time 273115ns: start-end pair with latency 1275ns (255 clock cycles) and accumulated latency 2605ns (521 clock cycles)
# [TB][mhartid 2 - Tile (1, 0)][CMI_FINISH] Detected finish (record) input communication sentinel accumulator instruction in WB stage at time 273115ns: start-end pair with latency 1275ns (255 clock cycles) and accumulated latency 2605ns (521 clock cycles)
# [TB][mhartid 0 - Tile (0, 0)][TIMESLOT_FINISH] Detected timeslot sentinel finish instruction in WB stage at time 273120ns
# [TB][mhartid 2 - Tile (1, 0)][TIMESLOT_FINISH] Detected timeslot sentinel finish instruction in WB stage at time 273120ns
# [TB][mhartid 0 - Tile (0, 0)][SYNC_START] Detected start synchronization sentinel accumulator instruction in WB stage at time 273125ns
# [TB][mhartid 2 - Tile (1, 0)][SYNC_START] Detected start synchronization sentinel accumulator instruction in WB stage at time 273125ns
# [TB][mhartid 1 - Tile (0, 1)][CMI_FINISH] Detected finish (record) input communication sentinel accumulator instruction in WB stage at time 274500ns: start-end pair with latency 1910ns (382 clock cycles) and accumulated latency 3825ns (765 clock cycles)
# [TB][mhartid 3 - Tile (1, 1)][CMI_FINISH] Detected finish (record) input communication sentinel accumulator instruction in WB stage at time 274500ns: start-end pair with latency 1910ns (382 clock cycles) and accumulated latency 3825ns (765 clock cycles)
# [TB][mhartid 1 - Tile (0, 1)][TIMESLOT_FINISH] Detected timeslot sentinel finish instruction in WB stage at time 274505ns
# [TB][mhartid 3 - Tile (1, 1)][TIMESLOT_FINISH] Detected timeslot sentinel finish instruction in WB stage at time 274505ns
# [TB][mhartid 1 - Tile (0, 1)][SYNC_START] Detected start synchronization sentinel accumulator instruction in WB stage at time 274510ns
# [TB][mhartid 3 - Tile (1, 1)][SYNC_START] Detected start synchronization sentinel accumulator instruction in WB stage at time 274510ns
# [TB][mhartid 0 - Tile (0, 0)][SYNC_FINISH] Detected finish (record) synchronization sentinel accumulator instruction in WB stage at time 274770ns: start-end pair with latency 1640ns (328 clock cycles) and accumulated latency 45255ns (9051 clock cycles)
# [TB][mhartid 1 - Tile (0, 1)][SYNC_FINISH] Detected finish (record) synchronization sentinel accumulator instruction in WB stage at time 274770ns: start-end pair with latency 255ns (51 clock cycles) and accumulated latency 860ns (172 clock cycles)
# [TB][mhartid 2 - Tile (1, 0)][SYNC_FINISH] Detected finish (record) synchronization sentinel accumulator instruction in WB stage at time 274770ns: start-end pair with latency 1640ns (328 clock cycles) and accumulated latency 45255ns (9051 clock cycles)
# [TB][mhartid 3 - Tile (1, 1)][SYNC_FINISH] Detected finish (record) synchronization sentinel accumulator instruction in WB stage at time 274770ns: start-end pair with latency 255ns (51 clock cycles) and accumulated latency 860ns (172 clock cycles)
# [TB][mhartid 0 - Tile (0, 0)][TIMESLOT_START] Detected timeslot sentinel start instruction in WB stage at time 275445ns
# [TB][mhartid 2 - Tile (1, 0)][TIMESLOT_START] Detected timeslot sentinel start instruction in WB stage at time 275445ns
# [TB][mhartid 1 - Tile (0, 1)][TIMESLOT_START] Detected timeslot sentinel start instruction in WB stage at time 275545ns
# [TB][mhartid 3 - Tile (1, 1)][TIMESLOT_START] Detected timeslot sentinel start instruction in WB stage at time 275545ns
# [TB][mhartid 2 - Tile (1, 0)][TIMESLOT_FINISH] Detected timeslot sentinel finish instruction in WB stage at time 275690ns
# [TB][mhartid 3 - Tile (1, 1)][TIMESLOT_FINISH] Detected timeslot sentinel finish instruction in WB stage at time 275780ns
# [TB][mhartid 2 - Tile (1, 0)][SYNC_START] Detected start synchronization sentinel accumulator instruction in WB stage at time 275805ns
# [TB][mhartid 3 - Tile (1, 1)][SYNC_START] Detected start synchronization sentinel accumulator instruction in WB stage at time 275890ns
# [TB][mhartid 0 - Tile (0, 0)][CMI_START] Detected start input communication sentinel accumulator instruction in WB stage at time 276805ns
# [TB][mhartid 1 - Tile (0, 1)][CMI_START] Detected start input communication sentinel accumulator instruction in WB stage at time 277035ns
# [TB][mhartid 0 - Tile (0, 0)][CMI_FINISH] Detected finish (record) input communication sentinel accumulator instruction in WB stage at time 278135ns: start-end pair with latency 1325ns (265 clock cycles) and accumulated latency 3930ns (786 clock cycles)
# [TB][mhartid 0 - Tile (0, 0)][CMP_START] Detected start computation sentinel accumulator instruction in WB stage at time 278785ns
# [TB][mhartid 1 - Tile (0, 1)][CMI_FINISH] Detected finish (record) input communication sentinel accumulator instruction in WB stage at time 278950ns: start-end pair with latency 1910ns (382 clock cycles) and accumulated latency 5735ns (1147 clock cycles)
# [TB][mhartid 0 - Tile (0, 0)][CMI_START] Detected start input communication sentinel accumulator instruction in WB stage at time 278995ns
# [TB][mhartid 1 - Tile (0, 1)][CMP_START] Detected start computation sentinel accumulator instruction in WB stage at time 279710ns
# [TB][mhartid 1 - Tile (0, 1)][CMI_START] Detected start input communication sentinel accumulator instruction in WB stage at time 279960ns
# [TB][mhartid 0 - Tile (0, 0)][CMI_FINISH] Detected finish (record) input communication sentinel accumulator instruction in WB stage at time 280325ns: start-end pair with latency 1325ns (265 clock cycles) and accumulated latency 5255ns (1051 clock cycles)
# [TB][mhartid 1 - Tile (0, 1)][CMI_FINISH] Detected finish (record) input communication sentinel accumulator instruction in WB stage at time 281915ns: start-end pair with latency 1950ns (390 clock cycles) and accumulated latency 7685ns (1537 clock cycles)
# [TB][mhartid 0 - Tile (0, 0)][CMP_FINISH] Detected finish (record) computation sentinel accumulator instruction in WB stage at time 281955ns: start-end pair with latency 3165ns (633 clock cycles) and accumulated latency 3165ns (633 clock cycles)
# [TB][mhartid 0 - Tile (0, 0)][TIMESLOT_FINISH] Detected timeslot sentinel finish instruction in WB stage at time 282075ns
# [TB][mhartid 0 - Tile (0, 0)][SYNC_START] Detected start synchronization sentinel accumulator instruction in WB stage at time 282165ns
# [TB][mhartid 1 - Tile (0, 1)][CMP_FINISH] Detected finish (record) computation sentinel accumulator instruction in WB stage at time 282920ns: start-end pair with latency 3205ns (641 clock cycles) and accumulated latency 3205ns (641 clock cycles)
# [TB][mhartid 1 - Tile (0, 1)][TIMESLOT_FINISH] Detected timeslot sentinel finish instruction in WB stage at time 283050ns
# [TB][mhartid 1 - Tile (0, 1)][SYNC_START] Detected start synchronization sentinel accumulator instruction in WB stage at time 283160ns
# [TB][mhartid 0 - Tile (0, 0)][SYNC_FINISH] Detected finish (record) synchronization sentinel accumulator instruction in WB stage at time 283420ns: start-end pair with latency 1250ns (250 clock cycles) and accumulated latency 46505ns (9301 clock cycles)
# [TB][mhartid 1 - Tile (0, 1)][SYNC_FINISH] Detected finish (record) synchronization sentinel accumulator instruction in WB stage at time 283420ns: start-end pair with latency 255ns (51 clock cycles) and accumulated latency 1115ns (223 clock cycles)
# [TB][mhartid 2 - Tile (1, 0)][SYNC_FINISH] Detected finish (record) synchronization sentinel accumulator instruction in WB stage at time 283420ns: start-end pair with latency 7610ns (1522 clock cycles) and accumulated latency 52865ns (10573 clock cycles)
# [TB][mhartid 3 - Tile (1, 1)][SYNC_FINISH] Detected finish (record) synchronization sentinel accumulator instruction in WB stage at time 283420ns: start-end pair with latency 7525ns (1505 clock cycles) and accumulated latency 8385ns (1677 clock cycles)
# [TB][mhartid 0 - Tile (0, 0)][TIMESLOT_START] Detected timeslot sentinel start instruction in WB stage at time 283535ns
# [TB][mhartid 2 - Tile (1, 0)][TIMESLOT_START] Detected timeslot sentinel start instruction in WB stage at time 283535ns
# [TB][mhartid 2 - Tile (1, 0)][TIMESLOT_FINISH] Detected timeslot sentinel finish instruction in WB stage at time 283560ns
# [TB][mhartid 2 - Tile (1, 0)][SYNC_START] Detected start synchronization sentinel accumulator instruction in WB stage at time 283565ns
# [TB][mhartid 1 - Tile (0, 1)][TIMESLOT_START] Detected timeslot sentinel start instruction in WB stage at time 283580ns
# [TB][mhartid 3 - Tile (1, 1)][TIMESLOT_START] Detected timeslot sentinel start instruction in WB stage at time 283580ns
# [TB][mhartid 3 - Tile (1, 1)][TIMESLOT_FINISH] Detected timeslot sentinel finish instruction in WB stage at time 283605ns
# [TB][mhartid 3 - Tile (1, 1)][SYNC_START] Detected start synchronization sentinel accumulator instruction in WB stage at time 283610ns
# [TB][mhartid 0 - Tile (0, 0)][CMI_START] Detected start input communication sentinel accumulator instruction in WB stage at time 284260ns
# [TB][mhartid 1 - Tile (0, 1)][CMI_START] Detected start input communication sentinel accumulator instruction in WB stage at time 284365ns
# [TB][mhartid 0 - Tile (0, 0)][CMI_FINISH] Detected finish (record) input communication sentinel accumulator instruction in WB stage at time 285470ns: start-end pair with latency 1205ns (241 clock cycles) and accumulated latency 6460ns (1292 clock cycles)
# [TB][mhartid 1 - Tile (0, 1)][CMI_FINISH] Detected finish (record) input communication sentinel accumulator instruction in WB stage at time 286175ns: start-end pair with latency 1805ns (361 clock cycles) and accumulated latency 9490ns (1898 clock cycles)
# [TB][mhartid 0 - Tile (0, 0)][CMP_START] Detected start computation sentinel accumulator instruction in WB stage at time 286450ns
# [TB][mhartid 0 - Tile (0, 0)][CMO_START] Detected start output communication sentinel accumulator instruction in WB stage at time 286695ns
# [TB][mhartid 1 - Tile (0, 1)][CMP_START] Detected start computation sentinel accumulator instruction in WB stage at time 287310ns
# [TB][mhartid 1 - Tile (0, 1)][CMO_START] Detected start output communication sentinel accumulator instruction in WB stage at time 287560ns
# [TB][mhartid 0 - Tile (0, 0)][CMO_FINISH] Detected finish (record) output communication sentinel accumulator instruction in WB stage at time 287635ns: start-end pair with latency 935ns (187 clock cycles) and accumulated latency 935ns (187 clock cycles)
# [TB][mhartid 1 - Tile (0, 1)][CMO_FINISH] Detected finish (record) output communication sentinel accumulator instruction in WB stage at time 288500ns: start-end pair with latency 935ns (187 clock cycles) and accumulated latency 935ns (187 clock cycles)
# [TB][mhartid 0 - Tile (0, 0)][CMP_FINISH] Detected finish (record) computation sentinel accumulator instruction in WB stage at time 289655ns: start-end pair with latency 3200ns (640 clock cycles) and accumulated latency 6365ns (1273 clock cycles)
# [TB][mhartid 0 - Tile (0, 0)][TIMESLOT_FINISH] Detected timeslot sentinel finish instruction in WB stage at time 289695ns
# [TB][mhartid 0 - Tile (0, 0)][SYNC_START] Detected start synchronization sentinel accumulator instruction in WB stage at time 289715ns
# [TB][mhartid 1 - Tile (0, 1)][CMP_FINISH] Detected finish (record) computation sentinel accumulator instruction in WB stage at time 290520ns: start-end pair with latency 3205ns (641 clock cycles) and accumulated latency 6410ns (1282 clock cycles)
# [TB][mhartid 1 - Tile (0, 1)][TIMESLOT_FINISH] Detected timeslot sentinel finish instruction in WB stage at time 290560ns
# [TB][mhartid 1 - Tile (0, 1)][SYNC_START] Detected start synchronization sentinel accumulator instruction in WB stage at time 290580ns
# [TB][mhartid 0 - Tile (0, 0)][SYNC_FINISH] Detected finish (record) synchronization sentinel accumulator instruction in WB stage at time 290750ns: start-end pair with latency 1030ns (206 clock cycles) and accumulated latency 47535ns (9507 clock cycles)
# [TB][mhartid 1 - Tile (0, 1)][SYNC_FINISH] Detected finish (record) synchronization sentinel accumulator instruction in WB stage at time 290750ns: start-end pair with latency 165ns (33 clock cycles) and accumulated latency 1280ns (256 clock cycles)
# [TB][mhartid 2 - Tile (1, 0)][SYNC_FINISH] Detected finish (record) synchronization sentinel accumulator instruction in WB stage at time 290750ns: start-end pair with latency 7180ns (1436 clock cycles) and accumulated latency 60045ns (12009 clock cycles)
# [TB][mhartid 3 - Tile (1, 1)][SYNC_FINISH] Detected finish (record) synchronization sentinel accumulator instruction in WB stage at time 290750ns: start-end pair with latency 7135ns (1427 clock cycles) and accumulated latency 15520ns (3104 clock cycles)
# [TB][mhartid 2 - Tile (1, 0)][TIMESLOT_START] Detected timeslot sentinel start instruction in WB stage at time 290780ns
# [TB][mhartid 3 - Tile (1, 1)][TIMESLOT_START] Detected timeslot sentinel start instruction in WB stage at time 290780ns
# [TB][mhartid 0 - Tile (0, 0)][TIMESLOT_START] Detected timeslot sentinel start instruction in WB stage at time 290810ns
# [TB][mhartid 1 - Tile (0, 1)][TIMESLOT_START] Detected timeslot sentinel start instruction in WB stage at time 290810ns
# [TB][mhartid 0 - Tile (0, 0)][CMO_START] Detected start output communication sentinel accumulator instruction in WB stage at time 291570ns
# [TB][mhartid 1 - Tile (0, 1)][CMO_START] Detected start output communication sentinel accumulator instruction in WB stage at time 291635ns
# [TB][mhartid 0 - Tile (0, 0)][CMO_FINISH] Detected finish (record) output communication sentinel accumulator instruction in WB stage at time 292295ns: start-end pair with latency 720ns (144 clock cycles) and accumulated latency 1655ns (331 clock cycles)
# [TB][mhartid 0 - Tile (0, 0)][TIMESLOT_FINISH] Detected timeslot sentinel finish instruction in WB stage at time 292320ns
# [TB][mhartid 0 - Tile (0, 0)][SYNC_START] Detected start synchronization sentinel accumulator instruction in WB stage at time 292325ns
# [TB][mhartid 1 - Tile (0, 1)][CMO_FINISH] Detected finish (record) output communication sentinel accumulator instruction in WB stage at time 292360ns: start-end pair with latency 720ns (144 clock cycles) and accumulated latency 1655ns (331 clock cycles)
# [TB][mhartid 1 - Tile (0, 1)][TIMESLOT_FINISH] Detected timeslot sentinel finish instruction in WB stage at time 292385ns
# [TB][mhartid 1 - Tile (0, 1)][SYNC_START] Detected start synchronization sentinel accumulator instruction in WB stage at time 292390ns
# [TB][mhartid 2 - Tile (1, 0)][CMP_START] Detected start computation sentinel accumulator instruction in WB stage at time 292425ns
# [TB][mhartid 3 - Tile (1, 1)][CMP_START] Detected start computation sentinel accumulator instruction in WB stage at time 292520ns
# [TB][mhartid 2 - Tile (1, 0)][CMI_START] Detected start input communication sentinel accumulator instruction in WB stage at time 292670ns
# [TB][mhartid 3 - Tile (1, 1)][CMI_START] Detected start input communication sentinel accumulator instruction in WB stage at time 292770ns
# [TB][mhartid 2 - Tile (1, 0)][CMI_FINISH] Detected finish (record) input communication sentinel accumulator instruction in WB stage at time 294025ns: start-end pair with latency 1350ns (270 clock cycles) and accumulated latency 3955ns (791 clock cycles)
# [TB][mhartid 3 - Tile (1, 1)][CMI_FINISH] Detected finish (record) input communication sentinel accumulator instruction in WB stage at time 294745ns: start-end pair with latency 1970ns (394 clock cycles) and accumulated latency 5795ns (1159 clock cycles)
# [TB][mhartid 2 - Tile (1, 0)][CMP_FINISH] Detected finish (record) computation sentinel accumulator instruction in WB stage at time 295630ns: start-end pair with latency 3200ns (640 clock cycles) and accumulated latency 3200ns (640 clock cycles)
# [TB][mhartid 2 - Tile (1, 0)][TIMESLOT_FINISH] Detected timeslot sentinel finish instruction in WB stage at time 295655ns
# [TB][mhartid 2 - Tile (1, 0)][SYNC_START] Detected start synchronization sentinel accumulator instruction in WB stage at time 295660ns
# [TB][mhartid 3 - Tile (1, 1)][CMP_FINISH] Detected finish (record) computation sentinel accumulator instruction in WB stage at time 295730ns: start-end pair with latency 3205ns (641 clock cycles) and accumulated latency 3205ns (641 clock cycles)
# [TB][mhartid 3 - Tile (1, 1)][TIMESLOT_FINISH] Detected timeslot sentinel finish instruction in WB stage at time 295755ns
# [TB][mhartid 3 - Tile (1, 1)][SYNC_START] Detected start synchronization sentinel accumulator instruction in WB stage at time 295760ns
# [TB][mhartid 0 - Tile (0, 0)][SYNC_FINISH] Detected finish (record) synchronization sentinel accumulator instruction in WB stage at time 295870ns: start-end pair with latency 3540ns (708 clock cycles) and accumulated latency 51075ns (10215 clock cycles)
# [TB][mhartid 1 - Tile (0, 1)][SYNC_FINISH] Detected finish (record) synchronization sentinel accumulator instruction in WB stage at time 295870ns: start-end pair with latency 3475ns (695 clock cycles) and accumulated latency 4755ns (951 clock cycles)
# [TB][mhartid 2 - Tile (1, 0)][SYNC_FINISH] Detected finish (record) synchronization sentinel accumulator instruction in WB stage at time 295870ns: start-end pair with latency 205ns (41 clock cycles) and accumulated latency 60250ns (12050 clock cycles)
# [TB][mhartid 3 - Tile (1, 1)][SYNC_FINISH] Detected finish (record) synchronization sentinel accumulator instruction in WB stage at time 295870ns: start-end pair with latency 105ns (21 clock cycles) and accumulated latency 15625ns (3125 clock cycles)
# [TB][mhartid 0 - Tile (0, 0)][TIMESLOT_START] Detected timeslot sentinel start instruction in WB stage at time 295900ns
# [TB][mhartid 1 - Tile (0, 1)][TIMESLOT_START] Detected timeslot sentinel start instruction in WB stage at time 295900ns
# [TB][mhartid 2 - Tile (1, 0)][TIMESLOT_START] Detected timeslot sentinel start instruction in WB stage at time 295900ns
# [TB][mhartid 3 - Tile (1, 1)][TIMESLOT_START] Detected timeslot sentinel start instruction in WB stage at time 295900ns
# [TB][mhartid 0 - Tile (0, 0)][TIMESLOT_FINISH] Detected timeslot sentinel finish instruction in WB stage at time 295930ns
# [TB][mhartid 1 - Tile (0, 1)][TIMESLOT_FINISH] Detected timeslot sentinel finish instruction in WB stage at time 295930ns
# [TB][mhartid 0 - Tile (0, 0)][SYNC_START] Detected start synchronization sentinel accumulator instruction in WB stage at time 295935ns
# [TB][mhartid 1 - Tile (0, 1)][SYNC_START] Detected start synchronization sentinel accumulator instruction in WB stage at time 295935ns
# [TB][mhartid 2 - Tile (1, 0)][CMP_START] Detected start computation sentinel accumulator instruction in WB stage at time 297260ns
# [TB][mhartid 3 - Tile (1, 1)][CMP_START] Detected start computation sentinel accumulator instruction in WB stage at time 297360ns
# [TB][mhartid 2 - Tile (1, 0)][CMO_START] Detected start output communication sentinel accumulator instruction in WB stage at time 297470ns
# [TB][mhartid 3 - Tile (1, 1)][CMO_START] Detected start output communication sentinel accumulator instruction in WB stage at time 297645ns
# [TB][mhartid 2 - Tile (1, 0)][CMO_FINISH] Detected finish (record) output communication sentinel accumulator instruction in WB stage at time 299905ns: start-end pair with latency 2430ns (486 clock cycles) and accumulated latency 2430ns (486 clock cycles)
# [TB][mhartid 3 - Tile (1, 1)][CMO_FINISH] Detected finish (record) output communication sentinel accumulator instruction in WB stage at time 300115ns: start-end pair with latency 2465ns (493 clock cycles) and accumulated latency 2465ns (493 clock cycles)
# [TB][mhartid 2 - Tile (1, 0)][CMP_FINISH] Detected finish (record) computation sentinel accumulator instruction in WB stage at time 300430ns: start-end pair with latency 3165ns (633 clock cycles) and accumulated latency 6365ns (1273 clock cycles)
# [TB][mhartid 2 - Tile (1, 0)][TIMESLOT_FINISH] Detected timeslot sentinel finish instruction in WB stage at time 300455ns
# [TB][mhartid 2 - Tile (1, 0)][SYNC_START] Detected start synchronization sentinel accumulator instruction in WB stage at time 300460ns
# [TB][mhartid 3 - Tile (1, 1)][CMP_FINISH] Detected finish (record) computation sentinel accumulator instruction in WB stage at time 300605ns: start-end pair with latency 3240ns (648 clock cycles) and accumulated latency 6445ns (1289 clock cycles)
# [TB][mhartid 3 - Tile (1, 1)][TIMESLOT_FINISH] Detected timeslot sentinel finish instruction in WB stage at time 300630ns
# [TB][mhartid 3 - Tile (1, 1)][SYNC_START] Detected start synchronization sentinel accumulator instruction in WB stage at time 300635ns
# [TB][mhartid 0 - Tile (0, 0)][SYNC_FINISH] Detected finish (record) synchronization sentinel accumulator instruction in WB stage at time 300745ns: start-end pair with latency 4805ns (961 clock cycles) and accumulated latency 55880ns (11176 clock cycles)
# [TB][mhartid 1 - Tile (0, 1)][SYNC_FINISH] Detected finish (record) synchronization sentinel accumulator instruction in WB stage at time 300745ns: start-end pair with latency 4805ns (961 clock cycles) and accumulated latency 9560ns (1912 clock cycles)
# [TB][mhartid 2 - Tile (1, 0)][SYNC_FINISH] Detected finish (record) synchronization sentinel accumulator instruction in WB stage at time 300745ns: start-end pair with latency 280ns (56 clock cycles) and accumulated latency 60530ns (12106 clock cycles)
# [TB][mhartid 3 - Tile (1, 1)][SYNC_FINISH] Detected finish (record) synchronization sentinel accumulator instruction in WB stage at time 300745ns: start-end pair with latency 105ns (21 clock cycles) and accumulated latency 15730ns (3146 clock cycles)
# [TB][mhartid 0 - Tile (0, 0)][TIMESLOT_START] Detected timeslot sentinel start instruction in WB stage at time 300775ns
# [TB][mhartid 1 - Tile (0, 1)][TIMESLOT_START] Detected timeslot sentinel start instruction in WB stage at time 300775ns
# [TB][mhartid 2 - Tile (1, 0)][TIMESLOT_START] Detected timeslot sentinel start instruction in WB stage at time 300775ns
# [TB][mhartid 3 - Tile (1, 1)][TIMESLOT_START] Detected timeslot sentinel start instruction in WB stage at time 300775ns
# [TB][mhartid 0 - Tile (0, 0)][TIMESLOT_FINISH] Detected timeslot sentinel finish instruction in WB stage at time 300805ns
# [TB][mhartid 1 - Tile (0, 1)][TIMESLOT_FINISH] Detected timeslot sentinel finish instruction in WB stage at time 300805ns
# [TB][mhartid 0 - Tile (0, 0)][SYNC_START] Detected start synchronization sentinel accumulator instruction in WB stage at time 300810ns
# [TB][mhartid 1 - Tile (0, 1)][SYNC_START] Detected start synchronization sentinel accumulator instruction in WB stage at time 300810ns
# [TB][mhartid 2 - Tile (1, 0)][CMO_START] Detected start output communication sentinel accumulator instruction in WB stage at time 301490ns
# [TB][mhartid 3 - Tile (1, 1)][CMO_START] Detected start output communication sentinel accumulator instruction in WB stage at time 301555ns
# [TB][mhartid 2 - Tile (1, 0)][CMO_FINISH] Detected finish (record) output communication sentinel accumulator instruction in WB stage at time 304040ns: start-end pair with latency 2545ns (509 clock cycles) and accumulated latency 4975ns (995 clock cycles)
# [TB][mhartid 2 - Tile (1, 0)][TIMESLOT_FINISH] Detected timeslot sentinel finish instruction in WB stage at time 304065ns
# [TB][mhartid 2 - Tile (1, 0)][SYNC_START] Detected start synchronization sentinel accumulator instruction in WB stage at time 304070ns
# [TB][mhartid 3 - Tile (1, 1)][CMO_FINISH] Detected finish (record) output communication sentinel accumulator instruction in WB stage at time 304130ns: start-end pair with latency 2570ns (514 clock cycles) and accumulated latency 5035ns (1007 clock cycles)
# [TB][mhartid 3 - Tile (1, 1)][TIMESLOT_FINISH] Detected timeslot sentinel finish instruction in WB stage at time 304155ns
# [TB][mhartid 3 - Tile (1, 1)][SYNC_START] Detected start synchronization sentinel accumulator instruction in WB stage at time 304160ns
# [TB][mhartid 0 - Tile (0, 0)][SYNC_FINISH] Detected finish (record) synchronization sentinel accumulator instruction in WB stage at time 304270ns: start-end pair with latency 3455ns (691 clock cycles) and accumulated latency 59335ns (11867 clock cycles)
# [TB][mhartid 1 - Tile (0, 1)][SYNC_FINISH] Detected finish (record) synchronization sentinel accumulator instruction in WB stage at time 304270ns: start-end pair with latency 3455ns (691 clock cycles) and accumulated latency 13015ns (2603 clock cycles)
# [TB][mhartid 2 - Tile (1, 0)][SYNC_FINISH] Detected finish (record) synchronization sentinel accumulator instruction in WB stage at time 304270ns: start-end pair with latency 195ns (39 clock cycles) and accumulated latency 60725ns (12145 clock cycles)
# [TB][mhartid 3 - Tile (1, 1)][SYNC_FINISH] Detected finish (record) synchronization sentinel accumulator instruction in WB stage at time 304270ns: start-end pair with latency 105ns (21 clock cycles) and accumulated latency 15835ns (3167 clock cycles)
# [TB][mhartid 0 - Tile (0, 0)] Detected sentinel end instruction in WB stage at time 304290ns: start-end pair with latency 36985ns (7397 clock cycles)
# [TB][mhartid 1 - Tile (0, 1)] Detected sentinel end instruction in WB stage at time 304290ns: start-end pair with latency 36905ns (7381 clock cycles)
# [TB][mhartid 2 - Tile (1, 0)] Detected sentinel end instruction in WB stage at time 304290ns: start-end pair with latency 36985ns (7397 clock cycles)
# [TB][mhartid 3 - Tile (1, 1)] Detected sentinel end instruction in WB stage at time 304290ns: start-end pair with latency 36905ns (7381 clock cycles)
# [TB][mhartid 0 - Tile (0, 0)] Detected sentinel end instruction in WB stage at time 304300ns: start-end pair with latency 82065ns (16413 clock cycles)
# [TB][mhartid 1 - Tile (0, 1)] Detected sentinel end instruction in WB stage at time 304300ns: start-end pair with latency 39220ns (7844 clock cycles)
# [TB][mhartid 2 - Tile (1, 0)] Detected sentinel end instruction in WB stage at time 304300ns: start-end pair with latency 82065ns (16413 clock cycles)
# [TB][mhartid 3 - Tile (1, 1)] Detected sentinel end instruction in WB stage at time 304300ns: start-end pair with latency 39220ns (7844 clock cycles)
# [TB][PERF][mhartid 0 - Tile (0, 0)][CMI_PERF] Input communication sentinel accumulator state: 6460ns (1292 clock cycles)
# [TB][PERF][mhartid 2 - Tile (1, 0)][CMI_PERF] Input communication sentinel accumulator state: 3955ns (791 clock cycles)
# [TB][PERF][mhartid 0 - Tile (0, 0)][CMO_PERF] Output communication sentinel accumulator state: 1655ns (331 clock cycles)
# [TB][PERF][mhartid 2 - Tile (1, 0)][CMO_PERF] Output communication sentinel accumulator state: 4975ns (995 clock cycles)
# [TB][PERF][mhartid 0 - Tile (0, 0)][CMP_PERF] Computation sentinel accumulator state: 6365ns (1273 clock cycles)
# [TB][PERF][mhartid 2 - Tile (1, 0)][CMP_PERF] Computation sentinel accumulator state: 6365ns (1273 clock cycles)
# [TB][PERF][mhartid 0 - Tile (0, 0)][SYNC_PERF] Synchronization sentinel accumulator state: 59335ns (11867 clock cycles)
# [TB][PERF][mhartid 2 - Tile (1, 0)][SYNC_PERF] Synchronization sentinel accumulator state: 60725ns (12145 clock cycles)
# [TB][PERF][mhartid 1 - Tile (0, 1)][CMI_PERF] Input communication sentinel accumulator state: 9490ns (1898 clock cycles)
# [TB][PERF][mhartid 3 - Tile (1, 1)][CMI_PERF] Input communication sentinel accumulator state: 5795ns (1159 clock cycles)
# [TB][PERF][mhartid 1 - Tile (0, 1)][CMO_PERF] Output communication sentinel accumulator state: 1655ns (331 clock cycles)
# [TB][PERF][mhartid 3 - Tile (1, 1)][CMO_PERF] Output communication sentinel accumulator state: 5035ns (1007 clock cycles)
# [TB][PERF][mhartid 1 - Tile (0, 1)][CMP_PERF] Computation sentinel accumulator state: 6410ns (1282 clock cycles)
# [TB][PERF][mhartid 3 - Tile (1, 1)][CMP_PERF] Computation sentinel accumulator state: 6445ns (1289 clock cycles)
# [TB][PERF][mhartid 1 - Tile (0, 1)][SYNC_PERF] Synchronization sentinel accumulator state: 13015ns (2603 clock cycles)
# [TB][PERF][mhartid 3 - Tile (1, 1)][SYNC_PERF] Synchronization sentinel accumulator state: 15835ns (3167 clock cycles)
# [TB][PERF][mhartid 0 - Tile (0, 0)] Global maximul performance overheads:
#           	Input communication:          9490ns (1898 clock cycles)
#           	Outpu (result) communication: 5035ns (1007 clock cycles)
#           	Computation:                  6445ns (1289 clock cycles)
#           	Total (CMI+CMO+CMP):          17555ns (3511 clock cycles)
# [TB][PERF][mhartid 0 - Tile (0, 0)][TIMESLOT_PERF] Timeslot accumulator sentinel states after 6 iterations:
# 	GLOBAL:
# 		993 -> 1520 -> 1404 -> 994 -> 945 -> 675 -> Total cycles: 6531
# 	ROW:
# 		Row 0 - 993 -> 1520 -> 1404 -> 314 -> 5 -> 5 -> Total cycles: 4241
# 		Row 1 - 993 -> 66 -> 13 -> 994 -> 945 -> 675 -> Total cycles: 3686
# 	COL:
# 		Column 0 - 716 -> 1325 -> 1231 -> 974 -> 910 -> 657 -> Total cycles: 5813
# 		Column 1 - 973 -> 1500 -> 1395 -> 994 -> 945 -> 675 -> Total cycles: 6482
# 	HNBR:
# 		Pair 0 [Tile 0 (0, 0) <-> Tile 1 (0, 1)] - 993 -> 1520 -> 1404 -> 314 -> 5 -> 5 -> Total cycles: 4241
# 		Pair 1 [Tile 2 (1, 0) <-> Tile 3 (1, 1)] - 993 -> 66 -> 13 -> 994 -> 945 -> 675 -> Total cycles: 3686
# 	VNBR:
# 		Pair 0 [Tile 0 (0, 0) <-> Tile 2 (1, 0)] - 716 -> 1325 -> 1231 -> 974 -> 910 -> 657 -> Total cycles: 5813
# 		Pair 1 [Tile 1 (0, 1) <-> Tile 3 (1, 1)] - 973 -> 1500 -> 1395 -> 994 -> 945 -> 675 -> Total cycles: 6482
# 	HRING:
# 		Pair 0 [Tile 0 (0, 0) <-> Tile 1 (0, 1)] - 993 -> 1520 -> 1404 -> 314 -> 5 -> 5 -> Total cycles: 4241
# 		Pair 1 [Tile 2 (1, 0) <-> Tile 3 (1, 1)] - 993 -> 66 -> 13 -> 994 -> 945 -> 675 -> Total cycles: 3686
# 	VRING:
# 		Pair 0 [Tile 0 (0, 0) <-> Tile 2 (1, 0)] - 716 -> 1325 -> 1231 -> 974 -> 910 -> 657 -> Total cycles: 5813
# 		Pair 1 [Tile 1 (0, 1) <-> Tile 3 (1, 1)] - 973 -> 1500 -> 1395 -> 994 -> 945 -> 675 -> Total cycles: 6482
# [mhartid 2] Number of errors: 0
# [mhartid 3] Number of errors: 0
# SIMULATION FINISHED WITH EXIT CODE: 0
# 
# End time: 14:36:38 on Oct 27,2025, Elapsed time: 0:03:06
# Errors: 0, Warnings: 4
make[1]: Leaving directory '/scratch/visachi/magia_profiling/mm_ws/MAGIA'
